Copyright 1986-2016 Xilinx, Inc. All Rights Reserved.
-------------------------------------------------------------------------------------------------------------------------------
| Tool Version     : Vivado v.2016.4 (win64) Build 1756540 Mon Jan 23 19:11:23 MST 2017
| Date             : Mon May 01 17:40:18 2017
| Host             : surface running 64-bit major release  (build 9200)
| Command          : report_power -file ALU_power_routed.rpt -pb ALU_power_summary_routed.pb -rpx ALU_power_routed.rpx
| Design           : ALU
| Device           : xc7a35tcpg236-1
| Design State     : routed
| Grade            : commercial
| Process          : typical
| Characterization : Production
-------------------------------------------------------------------------------------------------------------------------------

Power Report

Table of Contents
-----------------
1. Summary
1.1 On-Chip Components
1.2 Power Supply Summary
1.3 Confidence Level
2. Settings
2.1 Environment
2.2 Clock Constraints
3. Detailed Reports
3.1 By Hierarchy

1. Summary
----------

+--------------------------+-------+
| Total On-Chip Power (W)  | 6.895 |
| Dynamic (W)              | 6.792 |
| Device Static (W)        | 0.104 |
| Effective TJA (C/W)      | 5.0   |
| Max Ambient (C)          | 50.5  |
| Junction Temperature (C) | 59.5  |
| Confidence Level         | Low   |
| Setting File             | ---   |
| Simulation Activity File | ---   |
| Design Nets Matched      | NA    |
+--------------------------+-------+


1.1 On-Chip Components
----------------------

+----------------+-----------+----------+-----------+-----------------+
| On-Chip        | Power (W) | Used     | Available | Utilization (%) |
+----------------+-----------+----------+-----------+-----------------+
| Slice Logic    |     0.064 |       23 |       --- |             --- |
|   LUT as Logic |     0.064 |       22 |     20800 |            0.11 |
| Signals        |     0.129 |       31 |       --- |             --- |
| I/O            |     6.598 |       16 |       106 |           15.09 |
| Static Power   |     0.104 |          |           |                 |
| Total          |     6.895 |          |           |                 |
+----------------+-----------+----------+-----------+-----------------+


1.2 Power Supply Summary
------------------------

+-----------+-------------+-----------+-------------+------------+
| Source    | Voltage (V) | Total (A) | Dynamic (A) | Static (A) |
+-----------+-------------+-----------+-------------+------------+
| Vccint    |       1.000 |     0.261 |       0.225 |      0.036 |
| Vccaux    |       1.800 |     0.256 |       0.241 |      0.015 |
| Vcco33    |       3.300 |     1.860 |       1.859 |      0.001 |
| Vcco25    |       2.500 |     0.000 |       0.000 |      0.000 |
| Vcco18    |       1.800 |     0.000 |       0.000 |      0.000 |
| Vcco15    |       1.500 |     0.000 |       0.000 |      0.000 |
| Vcco135   |       1.350 |     0.000 |       0.000 |      0.000 |
| Vcco12    |       1.200 |     0.000 |       0.000 |      0.000 |
| Vccaux_io |       1.800 |     0.000 |       0.000 |      0.000 |
| Vccbram   |       1.000 |     0.001 |       0.000 |      0.001 |
| MGTAVcc   |       1.000 |     0.000 |       0.000 |      0.000 |
| MGTAVtt   |       1.200 |     0.000 |       0.000 |      0.000 |
| Vccadc    |       1.800 |     0.020 |       0.000 |      0.020 |
+-----------+-------------+-----------+-------------+------------+


1.3 Confidence Level
--------------------

+-----------------------------+------------+--------------------------------------------------------+------------------------------------------------------------------------------------------------------------+
| User Input Data             | Confidence | Details                                                | Action                                                                                                     |
+-----------------------------+------------+--------------------------------------------------------+------------------------------------------------------------------------------------------------------------+
| Design implementation state | High       | Design is routed                                       |                                                                                                            |
| Clock nodes activity        | High       | User specified more than 95% of clocks                 |                                                                                                            |
| I/O nodes activity          | Low        | More than 75% of inputs are missing user specification | Provide missing input activity with simulation results or by editing the "By Resource Type -> I/Os" view   |
| Internal nodes activity     | Medium     | User specified less than 25% of internal nodes         | Provide missing internal nodes activity with simulation results or by editing the "By Resource Type" views |
| Device models               | High       | Device models are Production                           |                                                                                                            |
|                             |            |                                                        |                                                                                                            |
| Overall confidence level    | Low        |                                                        |                                                                                                            |
+-----------------------------+------------+--------------------------------------------------------+------------------------------------------------------------------------------------------------------------+


2. Settings
-----------

2.1 Environment
---------------

+-----------------------+--------------------------+
| Ambient Temp (C)      | 25.0                     |
| ThetaJA (C/W)         | 5.0                      |
| Airflow (LFM)         | 250                      |
| Heat Sink             | medium (Medium Profile)  |
| ThetaSA (C/W)         | 4.6                      |
| Board Selection       | medium (10"x10")         |
| # of Board Layers     | 12to15 (12 to 15 Layers) |
| Board Temperature (C) | 25.0                     |
+-----------------------+--------------------------+


2.2 Clock Constraints
---------------------

+-------+--------+-----------------+
| Clock | Domain | Constraint (ns) |
+-------+--------+-----------------+


3. Detailed Reports
-------------------

3.1 By Hierarchy
----------------

+----------------+-----------+
| Name           | Power (W) |
+----------------+-----------+
| ALU            |     6.792 |
|   decode138_0  |     0.021 |
|     inst       |     0.021 |
|   mux_8_to_1_0 |     0.044 |
|   xup_and2_0   |     0.001 |
|   xup_inv_0    |     0.000 |
|   xup_inv_1    |     0.000 |
|   xup_inv_2    |     0.000 |
|   xup_inv_3    |     0.000 |
|   xup_inv_4    |     0.000 |
|   xup_nand2_1  |     0.003 |
|   xup_nand3_0  |     0.003 |
|     inst       |     0.003 |
|   xup_nand4_0  |     0.002 |
|     inst       |     0.002 |
|   xup_nand4_1  |     0.002 |
|     inst       |     0.002 |
|   xup_nand4_2  |     0.002 |
|     inst       |     0.002 |
|   xup_nand4_3  |     0.002 |
|     inst       |     0.002 |
|   xup_nand4_4  |     0.002 |
|     inst       |     0.002 |
|   xup_nand4_5  |     0.003 |
|     inst       |     0.003 |
|   xup_nand5_0  |     0.038 |
|     inst       |     0.038 |
|   xup_or2_0    |     0.002 |
|   xup_xor2_0   |     0.003 |
+----------------+-----------+


