Exception at PC 0x00007FFBAB1D3FB8
Exception at PC 0x00007FFBAB1D3FB8
Exception at PC 0x00007FFBAB1D3FB8
Exception at PC 0x00007FFBAB1D3FB8
Exception at PC 0x00007FFB3291E132
Attemped to write at address 0x00007FFB7D1A4AA4
Printing stacktrace...

[0]  [0x00007FFB3291E132]
[1]  [0x00007FFB3291E132]
[2]  [0x00007FFB3291E194]
[3]  [0x00007FFB3256D0D7]
[4]  [0x00007FFB32452BCA]
[5]  [0x00007FFB32452FD1]
[6]  [0x00007FFB3291EB2F]
[7]  [0x00007FFB327DC19D]
[8]  [0x00007FFB327D5942]
[9]  [0x00007FFB327D5AB5]
[10] (RtlDeactivateActivationContextUnsafeFast+0x1b3) [0x00007FFBAE141473]
[11] (LdrShutdownProcess+0x125) [0x00007FFBAE170695]
[12] (RtlExitUserProcess+0xb4) [0x00007FFBAE170554]
[13] (ExitProcess+0xa) [0x00007FFBACB4F06A]
[14] (exit+0x75) [0x00007FFBAC749B25]
[15] (initterm_e+0x21d) [0x00007FFBAC74A16D]
[16]  [0x00000000004014CD]
[17]  [0x000000000040151B]
[18] (BaseThreadInitThunk+0x14) [0x00007FFBACB51FE4]
[19] (RtlUserThreadStart+0x21) [0x00007FFBAE19EF91]
Done
