Exception at PC 0x00007FFE8F119CEA
Exception at PC 0x00007FFE8F119CEA
Exception at PC 0x00007FFE8F119CEA
Exception at PC 0x00007FFE8F119CEA
Exception at PC 0x00007FFE8F119CEA
Exception at PC 0x00007FFE8F119CEA
Exception at PC 0x00007FFE8F119CEA
Exception at PC 0x00007FFE8F118A2D
Exception at PC 0x00007FFE8F119CEA
Exception at PC 0x00007FFE8F119CEA
Unable to capture context for thread 8824 in process 9920, can not generate back trace
Unable to capture context for thread 640 in process 9920, can not generate back trace
Unable to capture context for thread 8312 in process 9920, can not generate back trace
Exception at PC 0x00007FFE2B8CBB93
Printing stacktrace...

Exception at PC 0x00007FFE8F149E08
Exception at PC 0x00007FFE8F149E08
Exception at PC 0x00007FFE8F149E08
Exception at PC 0x00007FFE8F149E08
Exception at PC 0x00007FFE8F149E08
Exception at PC 0x00007FFE8F149E08
Exception at PC 0x00007FFE8F149E08
Exception at PC 0x00007FFE8F149E08
Exception at PC 0x00007FFE8F149E08
Exception at PC 0x00007FFE8F149E08
Exception at PC 0x00007FFE8F149E08
Exception at PC 0x00007FFE8F149E08
Exception at PC 0x00007FFE8F149E08
Exception at PC 0x00007FFE8F149E08
Exception at PC 0x00007FFE8F149E08
Exception at PC 0x00007FFE8F149E08
Exception at PC 0x00007FFE8F149E08
[0]  [0x00007FFE2B8CBB93]
[1]  [0x00007FFE2B8CBB93]
[2]  [0x00007FFE2B8CB4A1]
[3]  [0x00007FFE2B8CB3EF]
[4]  [0x00007FFE2B8B19FE]
[5]  [0x00007FFE2B8B0ED1]
[6]  [0x00007FFE2B8B0D76]
[7]  [0x00007FFE2B8579F6]
[8]  [0x00007FFE2B847AFB]
[9]  [0x00007FFE2B96E90A]
[10]  [0x00007FFE2B989F87]
[11]  [0x00007FFE2B98A05F]
[12] (BaseThreadInitThunk+0x14) [0x00007FFE91702774]
[13] (RtlUserThreadStart+0x21) [0x00007FFE91FA0D61]
Done
Exception at PC 0x00007FFE8F119CEA
Exception at PC 0x00007FFE8F119CEA
