Vivado Simulator 2016.4
Copyright 1986-1999, 2001-2016 Xilinx, Inc. All Rights Reserved.
Running: C:/Xilinx/Vivado/2016.4/bin/unwrapped/win64.o/xelab.exe -wto 49ea1104ce6a4926bef1fac9af576e89 --debug typical --relax --mt 2 -L xil_defaultlib -L unisims_ver -L unimacro_ver -L secureip -L xpm --snapshot sy9_behav xil_defaultlib.sy9 xil_defaultlib.glbl -log elaborate.log 
Using 2 slave threads.
WARNING: [XSIM 43-3431] One or more environment variables have been detected which affect the operation of the C compiler. These are typically not set in standard installations and are not tested by Xilinx, however they may be appropriate for your system, so the flow will attempt to continue.  If errors occur, try running fuse with the "-mt off -v 1" switches to see more information from the C compiler. The following environment variables have been detected:
Starting static elaboration
Completed static elaboration
Starting simulation data flow analysis
Completed simulation data flow analysis
Time Resolution for simulation is 1ps
Compiling module xil_defaultlib.D_FlipFlop_Set_Reset
Compiling module xil_defaultlib.sy9_D_FlipFlop_Set_Reset_0_1
Compiling module xil_defaultlib.sy9_D_FlipFlop_Set_Reset_1_0
Compiling module xil_defaultlib.xup_and6
Compiling module xil_defaultlib.sy9_xup_and6_0_0
Compiling module xil_defaultlib.sy9_xup_and6_0_1
Compiling module xil_defaultlib.xup_inv
Compiling module xil_defaultlib.sy9_xup_inv_0_0
Compiling module xil_defaultlib.xup_nand2
Compiling module xil_defaultlib.sy9_xup_nand2_0_1
Compiling module xil_defaultlib.sy9_xup_nand2_0_2
Compiling module xil_defaultlib.xup_nand3
Compiling module xil_defaultlib.sy9_xup_nand3_0_0
Compiling module xil_defaultlib.sy9_xup_nand3_0_1
Compiling module xil_defaultlib.sy9_xup_nand3_0_2
Compiling module xil_defaultlib.sy9_xup_nand3_0_3
Compiling module xil_defaultlib.sy9_xup_nand3_3_0
Compiling module xil_defaultlib.sy9_xup_nand3_4_0
Compiling module xil_defaultlib.sy9_xup_nand3_4_1
Compiling module xil_defaultlib.sy9_xup_nand3_4_2
Compiling module xil_defaultlib.xup_nand4
Compiling module xil_defaultlib.sy9_xup_nand4_0_0
Compiling module xil_defaultlib.sy9_xup_nand4_0_1
Compiling module xil_defaultlib.sy9_xup_nand4_9_0
Compiling module xil_defaultlib.sy9_xup_nand4_9_1
Compiling module xil_defaultlib.sy9_xup_nand4_12_0
Compiling module xil_defaultlib.sy9_xup_nand4_0_2
Compiling module xil_defaultlib.sy9_xup_nand4_0_3
Compiling module xil_defaultlib.sy9_xup_nand4_0_4
Compiling module xil_defaultlib.sy9_xup_nand4_0_5
Compiling module xil_defaultlib.sy9_xup_nand4_0_6
Compiling module xil_defaultlib.sy9_xup_nand4_0_7
Compiling module xil_defaultlib.sy9_xup_nand4_0_8
Compiling module xil_defaultlib.sy9_xup_nand4_0_9
Compiling module xil_defaultlib.sy9
Compiling module xil_defaultlib.glbl
Built simulation snapshot sy9_behav
