Copyright 1986-2016 Xilinx, Inc. All Rights Reserved.
-------------------------------------------------------------------------------------------------------------------------------
| Tool Version     : Vivado v.2016.4 (win64) Build 1756540 Mon Jan 23 19:11:23 MST 2017
| Date             : Sat Nov 18 00:39:28 2017
| Host             : DESKTOP-91Q36U2 running 64-bit major release  (build 9200)
| Command          : report_power -file top_power_routed.rpt -pb top_power_summary_routed.pb -rpx top_power_routed.rpx
| Design           : top
| Device           : xc7a35tcpg236-1
| Design State     : routed
| Grade            : commercial
| Process          : typical
| Characterization : Production
-------------------------------------------------------------------------------------------------------------------------------

Power Report

Table of Contents
-----------------
1. Summary
1.1 On-Chip Components
1.2 Power Supply Summary
1.3 Confidence Level
2. Settings
2.1 Environment
2.2 Clock Constraints
3. Detailed Reports
3.1 By Hierarchy

1. Summary
----------

+--------------------------+----------------------------------+
| Total On-Chip Power (W)  | 68.312 (Junction temp exceeded!) |
| Dynamic (W)              | 67.826                           |
| Device Static (W)        | 0.486                            |
| Effective TJA (C/W)      | 5.0                              |
| Max Ambient (C)          | 0.0                              |
| Junction Temperature (C) | 125.0                            |
| Confidence Level         | Low                              |
| Setting File             | ---                              |
| Simulation Activity File | ---                              |
| Design Nets Matched      | NA                               |
+--------------------------+----------------------------------+


1.1 On-Chip Components
----------------------

+----------------+-----------+----------+-----------+-----------------+
| On-Chip        | Power (W) | Used     | Available | Utilization (%) |
+----------------+-----------+----------+-----------+-----------------+
| Slice Logic    |    19.984 |     5593 |       --- |             --- |
|   LUT as Logic |    19.738 |     3150 |     20800 |           15.14 |
|   CARRY4       |     0.122 |       44 |      8150 |            0.54 |
|   F7/F8 Muxes  |     0.075 |      445 |     32600 |            1.37 |
|   Register     |     0.043 |     1619 |     41600 |            3.89 |
|   BUFG         |     0.006 |        1 |        32 |            3.13 |
|   Others       |     0.000 |       14 |       --- |             --- |
| Signals        |    24.244 |     4170 |       --- |             --- |
| I/O            |    23.598 |       18 |       106 |           16.98 |
| Static Power   |     0.486 |          |           |                 |
| Total          |    68.312 |          |           |                 |
+----------------+-----------+----------+-----------+-----------------+


1.2 Power Supply Summary
------------------------

+-----------+-------------+-----------+-------------+------------+
| Source    | Voltage (V) | Total (A) | Dynamic (A) | Static (A) |
+-----------+-------------+-----------+-------------+------------+
| Vccint    |       1.000 |    44.585 |      44.244 |      0.341 |
| Vccaux    |       1.800 |     0.918 |       0.864 |      0.053 |
| Vcco33    |       3.300 |     6.676 |       6.675 |      0.001 |
| Vcco25    |       2.500 |     0.000 |       0.000 |      0.000 |
| Vcco18    |       1.800 |     0.000 |       0.000 |      0.000 |
| Vcco15    |       1.500 |     0.000 |       0.000 |      0.000 |
| Vcco135   |       1.350 |     0.000 |       0.000 |      0.000 |
| Vcco12    |       1.200 |     0.000 |       0.000 |      0.000 |
| Vccaux_io |       1.800 |     0.000 |       0.000 |      0.000 |
| Vccbram   |       1.000 |     0.010 |       0.000 |      0.010 |
| MGTAVcc   |       1.000 |     0.000 |       0.000 |      0.000 |
| MGTAVtt   |       1.200 |     0.000 |       0.000 |      0.000 |
| Vccadc    |       1.800 |     0.020 |       0.000 |      0.020 |
+-----------+-------------+-----------+-------------+------------+


1.3 Confidence Level
--------------------

+-----------------------------+------------+--------------------------------------------------------+--------------------------------------------------------------------------------------------------------------------+
| User Input Data             | Confidence | Details                                                | Action                                                                                                             |
+-----------------------------+------------+--------------------------------------------------------+--------------------------------------------------------------------------------------------------------------------+
| Design implementation state | High       | Design is routed                                       |                                                                                                                    |
| Clock nodes activity        | Low        | User specified less than 75% of clocks                 | Provide missing clock activity with a constraint file, simulation results or by editing the "By Clock Domain" view |
| I/O nodes activity          | Low        | More than 75% of inputs are missing user specification | Provide missing input activity with simulation results or by editing the "By Resource Type -> I/Os" view           |
| Internal nodes activity     | Medium     | User specified less than 25% of internal nodes         | Provide missing internal nodes activity with simulation results or by editing the "By Resource Type" views         |
| Device models               | High       | Device models are Production                           |                                                                                                                    |
|                             |            |                                                        |                                                                                                                    |
| Overall confidence level    | Low        |                                                        |                                                                                                                    |
+-----------------------------+------------+--------------------------------------------------------+--------------------------------------------------------------------------------------------------------------------+


2. Settings
-----------

2.1 Environment
---------------

+-----------------------+--------------------------+
| Ambient Temp (C)      | 25.0                     |
| ThetaJA (C/W)         | 5.0                      |
| Airflow (LFM)         | 250                      |
| Heat Sink             | medium (Medium Profile)  |
| ThetaSA (C/W)         | 4.6                      |
| Board Selection       | medium (10"x10")         |
| # of Board Layers     | 12to15 (12 to 15 Layers) |
| Board Temperature (C) | 25.0                     |
+-----------------------+--------------------------+


2.2 Clock Constraints
---------------------

+-------+--------+-----------------+
| Clock | Domain | Constraint (ns) |
+-------+--------+-----------------+


3. Detailed Reports
-------------------

3.1 By Hierarchy
----------------

+-----------------------+-----------+
| Name                  | Power (W) |
+-----------------------+-----------+
| top                   |    67.826 |
|   desgin_1            |    44.174 |
|     ALU_0             |     4.917 |
|       inst            |     4.508 |
|     CLK_div1_0        |    <0.001 |
|       inst            |    <0.001 |
|     ControlUnit_0     |    <0.001 |
|     DataMem_0         |    26.675 |
|       inst            |    26.368 |
|     DisplayControl_0  |     0.076 |
|       inst            |     0.076 |
|     InsMemory_0       |    <0.001 |
|       inst            |     0.000 |
|     MuxForReadData1_0 |    <0.001 |
|       inst            |    <0.001 |
|     MuxForReadData2_0 |     0.093 |
|       inst            |     0.093 |
|     MuxForWriteData_0 |     3.721 |
|       inst            |     3.721 |
|     MuxForWriteReg_0  |     0.000 |
|       inst            |     0.000 |
|     PC                |    <0.001 |
|       inst            |    <0.001 |
|     RegisterFile_0    |     7.474 |
|       inst            |     7.474 |
|     SignZeroExtend_0  |     0.000 |
|     avoidshake_0      |     0.559 |
|       inst            |     0.559 |
|     choose_0          |    <0.001 |
|       inst            |    <0.001 |
|     clk_40hz_0        |     0.150 |
|       inst            |     0.150 |
|     x7seg_msg_0       |     0.509 |
|       inst            |     0.509 |
+-----------------------+-----------+


