Copyright 1986-2016 Xilinx, Inc. All Rights Reserved.
------------------------------------------------------------------------------------
| Tool Version : Vivado v.2016.4 (win64) Build 1756540 Mon Jan 23 19:11:23 MST 2017
| Date         : Sat Nov 18 00:38:40 2017
| Host         : DESKTOP-91Q36U2 running 64-bit major release  (build 9200)
| Command      : report_control_sets -verbose -file top_control_sets_placed.rpt
| Design       : top
| Device       : xc7a35t
------------------------------------------------------------------------------------

Control Set Information

Table of Contents
-----------------
1. Summary
2. Flip-Flop Distribution
3. Detailed Control Set Information

1. Summary
----------

+----------------------------------------------------------+-------+
|                          Status                          | Count |
+----------------------------------------------------------+-------+
| Number of unique control sets                            |   324 |
| Unused register locations in slices containing registers |  1069 |
+----------------------------------------------------------+-------+


2. Flip-Flop Distribution
-------------------------

+--------------+-----------------------+------------------------+-----------------+--------------+
| Clock Enable | Synchronous Set/Reset | Asynchronous Set/Reset | Total Registers | Total Slices |
+--------------+-----------------------+------------------------+-----------------+--------------+
| No           | No                    | No                     |              14 |            6 |
| No           | No                    | Yes                    |               2 |            1 |
| No           | Yes                   | No                     |               0 |            0 |
| Yes          | No                    | No                     |             488 |          324 |
| Yes          | No                    | Yes                    |            1115 |          716 |
| Yes          | Yes                   | No                     |               0 |            0 |
+--------------+-----------------------+------------------------+-----------------+--------------+


3. Detailed Control Set Information
-----------------------------------

+--------------------------------------------------+------------------------------------------------------+-----------------------------------------------------+------------------+----------------+
|                   Clock Signal                   |                     Enable Signal                    |                   Set/Reset Signal                  | Slice Load Count | Bel Load Count |
+--------------------------------------------------+------------------------------------------------------+-----------------------------------------------------+------------------+----------------+
|  CLK_IBUF_BUFG                                   |                                                      |                                                     |                2 |              2 |
|  desgin_1/CLK_div1_0/inst/CLK_div                |                                                      | clr_IBUF                                            |                1 |              2 |
|  desgin_1/clk_40hz_0/inst/clk_40hz               |                                                      |                                                     |                1 |              3 |
| ~desgin_1/avoidshake_0/inst/BUTTON_OUT           | desgin_1/RegisterFile_0/inst/regFile[31][31]_i_1_n_0 | desgin_1/RegisterFile_0/inst/regFile[0][19]_i_1_n_0 |                3 |              4 |
| ~desgin_1/avoidshake_0/inst/BUTTON_OUT           | desgin_1/RegisterFile_0/inst/regFile[31][31]_i_1_n_0 | desgin_1/RegisterFile_0/inst/regFile[0][23]_i_1_n_0 |                3 |              4 |
| ~desgin_1/avoidshake_0/inst/BUTTON_OUT           | desgin_1/RegisterFile_0/inst/regFile[31][31]_i_1_n_0 | desgin_1/RegisterFile_0/inst/regFile[0][27]_i_1_n_0 |                3 |              4 |
| ~desgin_1/avoidshake_0/inst/BUTTON_OUT           | desgin_1/RegisterFile_0/inst/regFile[31][31]_i_1_n_0 | desgin_1/RegisterFile_0/inst/regFile[0][31]_i_2_n_0 |                2 |              4 |
| ~desgin_1/avoidshake_0/inst/BUTTON_OUT           | desgin_1/RegisterFile_0/inst/regFile[31][31]_i_1_n_0 | desgin_1/RegisterFile_0/inst/regFile[0][3]_i_1_n_0  |                3 |              4 |
| ~desgin_1/avoidshake_0/inst/BUTTON_OUT           | desgin_1/RegisterFile_0/inst/regFile[31][31]_i_1_n_0 | desgin_1/RegisterFile_0/inst/regFile[0][7]_i_1_n_0  |                3 |              4 |
| ~desgin_1/avoidshake_0/inst/BUTTON_OUT           | desgin_1/RegisterFile_0/inst/regFile[3][31]_i_1_n_0  | desgin_1/RegisterFile_0/inst/regFile[0][11]_i_1_n_0 |                4 |              4 |
| ~desgin_1/avoidshake_0/inst/BUTTON_OUT           | desgin_1/RegisterFile_0/inst/regFile[3][31]_i_1_n_0  | desgin_1/RegisterFile_0/inst/regFile[0][15]_i_1_n_0 |                2 |              4 |
| ~desgin_1/avoidshake_0/inst/BUTTON_OUT           | desgin_1/RegisterFile_0/inst/regFile[3][31]_i_1_n_0  | desgin_1/RegisterFile_0/inst/regFile[0][19]_i_1_n_0 |                2 |              4 |
| ~desgin_1/avoidshake_0/inst/BUTTON_OUT           | desgin_1/RegisterFile_0/inst/regFile[3][31]_i_1_n_0  | desgin_1/RegisterFile_0/inst/regFile[0][23]_i_1_n_0 |                2 |              4 |
| ~desgin_1/avoidshake_0/inst/BUTTON_OUT           | desgin_1/RegisterFile_0/inst/regFile[3][31]_i_1_n_0  | desgin_1/RegisterFile_0/inst/regFile[0][27]_i_1_n_0 |                2 |              4 |
| ~desgin_1/avoidshake_0/inst/BUTTON_OUT           | desgin_1/RegisterFile_0/inst/regFile[3][31]_i_1_n_0  | desgin_1/RegisterFile_0/inst/regFile[0][31]_i_2_n_0 |                2 |              4 |
| ~desgin_1/avoidshake_0/inst/BUTTON_OUT           | desgin_1/RegisterFile_0/inst/regFile[3][31]_i_1_n_0  | desgin_1/RegisterFile_0/inst/regFile[0][3]_i_1_n_0  |                3 |              4 |
| ~desgin_1/avoidshake_0/inst/BUTTON_OUT           | desgin_1/RegisterFile_0/inst/regFile[3][31]_i_1_n_0  | desgin_1/RegisterFile_0/inst/regFile[0][7]_i_1_n_0  |                4 |              4 |
| ~desgin_1/avoidshake_0/inst/BUTTON_OUT           | desgin_1/RegisterFile_0/inst/regFile[4][31]_i_1_n_0  | desgin_1/RegisterFile_0/inst/regFile[0][11]_i_1_n_0 |                3 |              4 |
| ~desgin_1/avoidshake_0/inst/BUTTON_OUT           | desgin_1/RegisterFile_0/inst/regFile[4][31]_i_1_n_0  | desgin_1/RegisterFile_0/inst/regFile[0][15]_i_1_n_0 |                2 |              4 |
| ~desgin_1/avoidshake_0/inst/BUTTON_OUT           | desgin_1/RegisterFile_0/inst/regFile[4][31]_i_1_n_0  | desgin_1/RegisterFile_0/inst/regFile[0][19]_i_1_n_0 |                2 |              4 |
| ~desgin_1/avoidshake_0/inst/BUTTON_OUT           | desgin_1/RegisterFile_0/inst/regFile[4][31]_i_1_n_0  | desgin_1/RegisterFile_0/inst/regFile[0][23]_i_1_n_0 |                2 |              4 |
| ~desgin_1/avoidshake_0/inst/BUTTON_OUT           | desgin_1/RegisterFile_0/inst/regFile[4][31]_i_1_n_0  | desgin_1/RegisterFile_0/inst/regFile[0][27]_i_1_n_0 |                1 |              4 |
| ~desgin_1/avoidshake_0/inst/BUTTON_OUT           | desgin_1/RegisterFile_0/inst/regFile[4][31]_i_1_n_0  | desgin_1/RegisterFile_0/inst/regFile[0][31]_i_2_n_0 |                2 |              4 |
| ~desgin_1/avoidshake_0/inst/BUTTON_OUT           | desgin_1/RegisterFile_0/inst/regFile[4][31]_i_1_n_0  | desgin_1/RegisterFile_0/inst/regFile[0][3]_i_1_n_0  |                4 |              4 |
| ~desgin_1/avoidshake_0/inst/BUTTON_OUT           | desgin_1/RegisterFile_0/inst/regFile[4][31]_i_1_n_0  | desgin_1/RegisterFile_0/inst/regFile[0][7]_i_1_n_0  |                3 |              4 |
| ~desgin_1/avoidshake_0/inst/BUTTON_OUT           | desgin_1/RegisterFile_0/inst/regFile[5][31]_i_1_n_0  | desgin_1/RegisterFile_0/inst/regFile[0][11]_i_1_n_0 |                4 |              4 |
| ~desgin_1/avoidshake_0/inst/BUTTON_OUT           | desgin_1/RegisterFile_0/inst/regFile[2][31]_i_1_n_0  | desgin_1/RegisterFile_0/inst/regFile[0][15]_i_1_n_0 |                2 |              4 |
| ~desgin_1/avoidshake_0/inst/BUTTON_OUT           | desgin_1/RegisterFile_0/inst/regFile[5][31]_i_1_n_0  | desgin_1/RegisterFile_0/inst/regFile[0][19]_i_1_n_0 |                2 |              4 |
| ~desgin_1/avoidshake_0/inst/BUTTON_OUT           | desgin_1/RegisterFile_0/inst/regFile[5][31]_i_1_n_0  | desgin_1/RegisterFile_0/inst/regFile[0][23]_i_1_n_0 |                2 |              4 |
| ~desgin_1/avoidshake_0/inst/BUTTON_OUT           | desgin_1/RegisterFile_0/inst/regFile[5][31]_i_1_n_0  | desgin_1/RegisterFile_0/inst/regFile[0][27]_i_1_n_0 |                3 |              4 |
| ~desgin_1/avoidshake_0/inst/BUTTON_OUT           | desgin_1/RegisterFile_0/inst/regFile[5][31]_i_1_n_0  | desgin_1/RegisterFile_0/inst/regFile[0][31]_i_2_n_0 |                2 |              4 |
| ~desgin_1/avoidshake_0/inst/BUTTON_OUT           | desgin_1/RegisterFile_0/inst/regFile[5][31]_i_1_n_0  | desgin_1/RegisterFile_0/inst/regFile[0][3]_i_1_n_0  |                4 |              4 |
| ~desgin_1/avoidshake_0/inst/BUTTON_OUT           | desgin_1/RegisterFile_0/inst/regFile[5][31]_i_1_n_0  | desgin_1/RegisterFile_0/inst/regFile[0][7]_i_1_n_0  |                4 |              4 |
| ~desgin_1/avoidshake_0/inst/BUTTON_OUT           | desgin_1/RegisterFile_0/inst/regFile[6][31]_i_1_n_0  | desgin_1/RegisterFile_0/inst/regFile[0][11]_i_1_n_0 |                3 |              4 |
| ~desgin_1/avoidshake_0/inst/BUTTON_OUT           | desgin_1/RegisterFile_0/inst/regFile[6][31]_i_1_n_0  | desgin_1/RegisterFile_0/inst/regFile[0][15]_i_1_n_0 |                3 |              4 |
| ~desgin_1/avoidshake_0/inst/BUTTON_OUT           | desgin_1/RegisterFile_0/inst/regFile[6][31]_i_1_n_0  | desgin_1/RegisterFile_0/inst/regFile[0][19]_i_1_n_0 |                3 |              4 |
| ~desgin_1/avoidshake_0/inst/BUTTON_OUT           | desgin_1/RegisterFile_0/inst/regFile[6][31]_i_1_n_0  | desgin_1/RegisterFile_0/inst/regFile[0][23]_i_1_n_0 |                3 |              4 |
| ~desgin_1/avoidshake_0/inst/BUTTON_OUT           | desgin_1/RegisterFile_0/inst/regFile[6][31]_i_1_n_0  | desgin_1/RegisterFile_0/inst/regFile[0][27]_i_1_n_0 |                3 |              4 |
| ~desgin_1/avoidshake_0/inst/BUTTON_OUT           | desgin_1/RegisterFile_0/inst/regFile[6][31]_i_1_n_0  | desgin_1/RegisterFile_0/inst/regFile[0][31]_i_2_n_0 |                3 |              4 |
| ~desgin_1/avoidshake_0/inst/BUTTON_OUT           | desgin_1/RegisterFile_0/inst/regFile[6][31]_i_1_n_0  | desgin_1/RegisterFile_0/inst/regFile[0][3]_i_1_n_0  |                4 |              4 |
| ~desgin_1/avoidshake_0/inst/BUTTON_OUT           | desgin_1/RegisterFile_0/inst/regFile[6][31]_i_1_n_0  | desgin_1/RegisterFile_0/inst/regFile[0][7]_i_1_n_0  |                4 |              4 |
| ~desgin_1/avoidshake_0/inst/BUTTON_OUT           | desgin_1/RegisterFile_0/inst/regFile[10][31]_i_1_n_0 | desgin_1/RegisterFile_0/inst/regFile[0][3]_i_1_n_0  |                2 |              4 |
| ~desgin_1/avoidshake_0/inst/BUTTON_OUT           | desgin_1/RegisterFile_0/inst/regFile[7][31]_i_1_n_0  | desgin_1/RegisterFile_0/inst/regFile[0][11]_i_1_n_0 |                3 |              4 |
| ~desgin_1/avoidshake_0/inst/BUTTON_OUT           | desgin_1/RegisterFile_0/inst/regFile[7][31]_i_1_n_0  | desgin_1/RegisterFile_0/inst/regFile[0][15]_i_1_n_0 |                3 |              4 |
| ~desgin_1/avoidshake_0/inst/BUTTON_OUT           | desgin_1/RegisterFile_0/inst/regFile[7][31]_i_1_n_0  | desgin_1/RegisterFile_0/inst/regFile[0][19]_i_1_n_0 |                3 |              4 |
| ~desgin_1/avoidshake_0/inst/BUTTON_OUT           | desgin_1/RegisterFile_0/inst/regFile[7][31]_i_1_n_0  | desgin_1/RegisterFile_0/inst/regFile[0][23]_i_1_n_0 |                2 |              4 |
| ~desgin_1/avoidshake_0/inst/BUTTON_OUT           | desgin_1/RegisterFile_0/inst/regFile[7][31]_i_1_n_0  | desgin_1/RegisterFile_0/inst/regFile[0][27]_i_1_n_0 |                2 |              4 |
| ~desgin_1/avoidshake_0/inst/BUTTON_OUT           | desgin_1/RegisterFile_0/inst/regFile[7][31]_i_1_n_0  | desgin_1/RegisterFile_0/inst/regFile[0][31]_i_2_n_0 |                2 |              4 |
| ~desgin_1/avoidshake_0/inst/BUTTON_OUT           | desgin_1/RegisterFile_0/inst/regFile[7][31]_i_1_n_0  | desgin_1/RegisterFile_0/inst/regFile[0][3]_i_1_n_0  |                4 |              4 |
| ~desgin_1/avoidshake_0/inst/BUTTON_OUT           | desgin_1/RegisterFile_0/inst/regFile[7][31]_i_1_n_0  | desgin_1/RegisterFile_0/inst/regFile[0][7]_i_1_n_0  |                4 |              4 |
| ~desgin_1/avoidshake_0/inst/BUTTON_OUT           | desgin_1/RegisterFile_0/inst/regFile[8][31]_i_1_n_0  | desgin_1/RegisterFile_0/inst/regFile[0][11]_i_1_n_0 |                4 |              4 |
| ~desgin_1/avoidshake_0/inst/BUTTON_OUT           | desgin_1/RegisterFile_0/inst/regFile[8][31]_i_1_n_0  | desgin_1/RegisterFile_0/inst/regFile[0][15]_i_1_n_0 |                3 |              4 |
| ~desgin_1/avoidshake_0/inst/BUTTON_OUT           | desgin_1/RegisterFile_0/inst/regFile[8][31]_i_1_n_0  | desgin_1/RegisterFile_0/inst/regFile[0][19]_i_1_n_0 |                3 |              4 |
| ~desgin_1/avoidshake_0/inst/BUTTON_OUT           | desgin_1/RegisterFile_0/inst/regFile[8][31]_i_1_n_0  | desgin_1/RegisterFile_0/inst/regFile[0][23]_i_1_n_0 |                3 |              4 |
| ~desgin_1/avoidshake_0/inst/BUTTON_OUT           | desgin_1/RegisterFile_0/inst/regFile[8][31]_i_1_n_0  | desgin_1/RegisterFile_0/inst/regFile[0][27]_i_1_n_0 |                2 |              4 |
| ~desgin_1/avoidshake_0/inst/BUTTON_OUT           | desgin_1/RegisterFile_0/inst/regFile[8][31]_i_1_n_0  | desgin_1/RegisterFile_0/inst/regFile[0][31]_i_2_n_0 |                2 |              4 |
| ~desgin_1/avoidshake_0/inst/BUTTON_OUT           | desgin_1/RegisterFile_0/inst/regFile[8][31]_i_1_n_0  | desgin_1/RegisterFile_0/inst/regFile[0][3]_i_1_n_0  |                1 |              4 |
| ~desgin_1/avoidshake_0/inst/BUTTON_OUT           | desgin_1/RegisterFile_0/inst/regFile[8][31]_i_1_n_0  | desgin_1/RegisterFile_0/inst/regFile[0][7]_i_1_n_0  |                3 |              4 |
| ~desgin_1/avoidshake_0/inst/BUTTON_OUT           | desgin_1/RegisterFile_0/inst/regFile[9][31]_i_1_n_0  | desgin_1/RegisterFile_0/inst/regFile[0][11]_i_1_n_0 |                4 |              4 |
| ~desgin_1/avoidshake_0/inst/BUTTON_OUT           | desgin_1/RegisterFile_0/inst/regFile[9][31]_i_1_n_0  | desgin_1/RegisterFile_0/inst/regFile[0][15]_i_1_n_0 |                3 |              4 |
| ~desgin_1/avoidshake_0/inst/BUTTON_OUT           | desgin_1/RegisterFile_0/inst/regFile[9][31]_i_1_n_0  | desgin_1/RegisterFile_0/inst/regFile[0][19]_i_1_n_0 |                3 |              4 |
| ~desgin_1/avoidshake_0/inst/BUTTON_OUT           | desgin_1/RegisterFile_0/inst/regFile[9][31]_i_1_n_0  | desgin_1/RegisterFile_0/inst/regFile[0][23]_i_1_n_0 |                3 |              4 |
| ~desgin_1/avoidshake_0/inst/BUTTON_OUT           | desgin_1/RegisterFile_0/inst/regFile[9][31]_i_1_n_0  | desgin_1/RegisterFile_0/inst/regFile[0][27]_i_1_n_0 |                3 |              4 |
| ~desgin_1/avoidshake_0/inst/BUTTON_OUT           | desgin_1/RegisterFile_0/inst/regFile[9][31]_i_1_n_0  | desgin_1/RegisterFile_0/inst/regFile[0][31]_i_2_n_0 |                2 |              4 |
| ~desgin_1/avoidshake_0/inst/BUTTON_OUT           | desgin_1/RegisterFile_0/inst/regFile[9][31]_i_1_n_0  | desgin_1/RegisterFile_0/inst/regFile[0][3]_i_1_n_0  |                2 |              4 |
| ~desgin_1/avoidshake_0/inst/BUTTON_OUT           | desgin_1/RegisterFile_0/inst/regFile[9][31]_i_1_n_0  | desgin_1/RegisterFile_0/inst/regFile[0][7]_i_1_n_0  |                3 |              4 |
| ~desgin_1/avoidshake_0/inst/BUTTON_OUT           | desgin_1/RegisterFile_0/inst/regFile[5][31]_i_1_n_0  | desgin_1/RegisterFile_0/inst/regFile[0][15]_i_1_n_0 |                2 |              4 |
| ~desgin_1/avoidshake_0/inst/BUTTON_OUT           | desgin_1/RegisterFile_0/inst/regFile                 | desgin_1/RegisterFile_0/inst/regFile[0][11]_i_1_n_0 |                4 |              4 |
| ~desgin_1/avoidshake_0/inst/BUTTON_OUT           | desgin_1/RegisterFile_0/inst/regFile                 | desgin_1/RegisterFile_0/inst/regFile[0][15]_i_1_n_0 |                2 |              4 |
| ~desgin_1/avoidshake_0/inst/BUTTON_OUT           | desgin_1/RegisterFile_0/inst/regFile                 | desgin_1/RegisterFile_0/inst/regFile[0][19]_i_1_n_0 |                2 |              4 |
| ~desgin_1/avoidshake_0/inst/BUTTON_OUT           | desgin_1/RegisterFile_0/inst/regFile                 | desgin_1/RegisterFile_0/inst/regFile[0][23]_i_1_n_0 |                2 |              4 |
| ~desgin_1/avoidshake_0/inst/BUTTON_OUT           | desgin_1/RegisterFile_0/inst/regFile                 | desgin_1/RegisterFile_0/inst/regFile[0][27]_i_1_n_0 |                1 |              4 |
| ~desgin_1/avoidshake_0/inst/BUTTON_OUT           | desgin_1/RegisterFile_0/inst/regFile                 | desgin_1/RegisterFile_0/inst/regFile[0][31]_i_2_n_0 |                2 |              4 |
| ~desgin_1/avoidshake_0/inst/BUTTON_OUT           | desgin_1/RegisterFile_0/inst/regFile                 | desgin_1/RegisterFile_0/inst/regFile[0][3]_i_1_n_0  |                2 |              4 |
| ~desgin_1/avoidshake_0/inst/BUTTON_OUT           | desgin_1/RegisterFile_0/inst/regFile                 | desgin_1/RegisterFile_0/inst/regFile[0][7]_i_1_n_0  |                3 |              4 |
| ~desgin_1/avoidshake_0/inst/BUTTON_OUT           | desgin_1/RegisterFile_0/inst/regFile[10][31]_i_1_n_0 | desgin_1/RegisterFile_0/inst/regFile[0][11]_i_1_n_0 |                3 |              4 |
| ~desgin_1/avoidshake_0/inst/BUTTON_OUT           | desgin_1/RegisterFile_0/inst/regFile[10][31]_i_1_n_0 | desgin_1/RegisterFile_0/inst/regFile[0][15]_i_1_n_0 |                3 |              4 |
| ~desgin_1/avoidshake_0/inst/BUTTON_OUT           | desgin_1/RegisterFile_0/inst/regFile[10][31]_i_1_n_0 | desgin_1/RegisterFile_0/inst/regFile[0][19]_i_1_n_0 |                3 |              4 |
| ~desgin_1/avoidshake_0/inst/BUTTON_OUT           | desgin_1/RegisterFile_0/inst/regFile[10][31]_i_1_n_0 | desgin_1/RegisterFile_0/inst/regFile[0][23]_i_1_n_0 |                2 |              4 |
| ~desgin_1/avoidshake_0/inst/BUTTON_OUT           | desgin_1/RegisterFile_0/inst/regFile[10][31]_i_1_n_0 | desgin_1/RegisterFile_0/inst/regFile[0][27]_i_1_n_0 |                2 |              4 |
| ~desgin_1/avoidshake_0/inst/BUTTON_OUT           | desgin_1/RegisterFile_0/inst/regFile[10][31]_i_1_n_0 | desgin_1/RegisterFile_0/inst/regFile[0][31]_i_2_n_0 |                3 |              4 |
| ~desgin_1/avoidshake_0/inst/BUTTON_OUT           | desgin_1/RegisterFile_0/inst/regFile[10][31]_i_1_n_0 | desgin_1/RegisterFile_0/inst/regFile[0][7]_i_1_n_0  |                3 |              4 |
| ~desgin_1/avoidshake_0/inst/BUTTON_OUT           | desgin_1/RegisterFile_0/inst/regFile[11][31]_i_1_n_0 | desgin_1/RegisterFile_0/inst/regFile[0][11]_i_1_n_0 |                3 |              4 |
| ~desgin_1/avoidshake_0/inst/BUTTON_OUT           | desgin_1/RegisterFile_0/inst/regFile[11][31]_i_1_n_0 | desgin_1/RegisterFile_0/inst/regFile[0][15]_i_1_n_0 |                2 |              4 |
| ~desgin_1/avoidshake_0/inst/BUTTON_OUT           | desgin_1/RegisterFile_0/inst/regFile[11][31]_i_1_n_0 | desgin_1/RegisterFile_0/inst/regFile[0][19]_i_1_n_0 |                3 |              4 |
| ~desgin_1/avoidshake_0/inst/BUTTON_OUT           | desgin_1/RegisterFile_0/inst/regFile[11][31]_i_1_n_0 | desgin_1/RegisterFile_0/inst/regFile[0][23]_i_1_n_0 |                2 |              4 |
| ~desgin_1/avoidshake_0/inst/BUTTON_OUT           | desgin_1/RegisterFile_0/inst/regFile[11][31]_i_1_n_0 | desgin_1/RegisterFile_0/inst/regFile[0][27]_i_1_n_0 |                2 |              4 |
| ~desgin_1/avoidshake_0/inst/BUTTON_OUT           | desgin_1/RegisterFile_0/inst/regFile[11][31]_i_1_n_0 | desgin_1/RegisterFile_0/inst/regFile[0][31]_i_2_n_0 |                3 |              4 |
| ~desgin_1/avoidshake_0/inst/BUTTON_OUT           | desgin_1/RegisterFile_0/inst/regFile[11][31]_i_1_n_0 | desgin_1/RegisterFile_0/inst/regFile[0][3]_i_1_n_0  |                3 |              4 |
| ~desgin_1/avoidshake_0/inst/BUTTON_OUT           | desgin_1/RegisterFile_0/inst/regFile[11][31]_i_1_n_0 | desgin_1/RegisterFile_0/inst/regFile[0][7]_i_1_n_0  |                3 |              4 |
| ~desgin_1/avoidshake_0/inst/BUTTON_OUT           | desgin_1/RegisterFile_0/inst/regFile[12][31]_i_1_n_0 | desgin_1/RegisterFile_0/inst/regFile[0][11]_i_1_n_0 |                4 |              4 |
| ~desgin_1/avoidshake_0/inst/BUTTON_OUT           | desgin_1/RegisterFile_0/inst/regFile[12][31]_i_1_n_0 | desgin_1/RegisterFile_0/inst/regFile[0][15]_i_1_n_0 |                3 |              4 |
| ~desgin_1/avoidshake_0/inst/BUTTON_OUT           | desgin_1/RegisterFile_0/inst/regFile[12][31]_i_1_n_0 | desgin_1/RegisterFile_0/inst/regFile[0][19]_i_1_n_0 |                3 |              4 |
| ~desgin_1/avoidshake_0/inst/BUTTON_OUT           | desgin_1/RegisterFile_0/inst/regFile[12][31]_i_1_n_0 | desgin_1/RegisterFile_0/inst/regFile[0][23]_i_1_n_0 |                2 |              4 |
| ~desgin_1/avoidshake_0/inst/BUTTON_OUT           | desgin_1/RegisterFile_0/inst/regFile[12][31]_i_1_n_0 | desgin_1/RegisterFile_0/inst/regFile[0][27]_i_1_n_0 |                2 |              4 |
| ~desgin_1/avoidshake_0/inst/BUTTON_OUT           | desgin_1/RegisterFile_0/inst/regFile[12][31]_i_1_n_0 | desgin_1/RegisterFile_0/inst/regFile[0][31]_i_2_n_0 |                3 |              4 |
| ~desgin_1/avoidshake_0/inst/BUTTON_OUT           | desgin_1/RegisterFile_0/inst/regFile[12][31]_i_1_n_0 | desgin_1/RegisterFile_0/inst/regFile[0][3]_i_1_n_0  |                3 |              4 |
| ~desgin_1/avoidshake_0/inst/BUTTON_OUT           | desgin_1/RegisterFile_0/inst/regFile[12][31]_i_1_n_0 | desgin_1/RegisterFile_0/inst/regFile[0][7]_i_1_n_0  |                3 |              4 |
| ~desgin_1/avoidshake_0/inst/BUTTON_OUT           | desgin_1/RegisterFile_0/inst/regFile[13][31]_i_1_n_0 | desgin_1/RegisterFile_0/inst/regFile[0][11]_i_1_n_0 |                4 |              4 |
| ~desgin_1/avoidshake_0/inst/BUTTON_OUT           | desgin_1/RegisterFile_0/inst/regFile[13][31]_i_1_n_0 | desgin_1/RegisterFile_0/inst/regFile[0][15]_i_1_n_0 |                3 |              4 |
| ~desgin_1/avoidshake_0/inst/BUTTON_OUT           | desgin_1/RegisterFile_0/inst/regFile[13][31]_i_1_n_0 | desgin_1/RegisterFile_0/inst/regFile[0][19]_i_1_n_0 |                3 |              4 |
| ~desgin_1/avoidshake_0/inst/BUTTON_OUT           | desgin_1/RegisterFile_0/inst/regFile[13][31]_i_1_n_0 | desgin_1/RegisterFile_0/inst/regFile[0][23]_i_1_n_0 |                2 |              4 |
| ~desgin_1/avoidshake_0/inst/BUTTON_OUT           | desgin_1/RegisterFile_0/inst/regFile[13][31]_i_1_n_0 | desgin_1/RegisterFile_0/inst/regFile[0][27]_i_1_n_0 |                3 |              4 |
| ~desgin_1/avoidshake_0/inst/BUTTON_OUT           | desgin_1/RegisterFile_0/inst/regFile[13][31]_i_1_n_0 | desgin_1/RegisterFile_0/inst/regFile[0][31]_i_2_n_0 |                2 |              4 |
| ~desgin_1/avoidshake_0/inst/BUTTON_OUT           | desgin_1/RegisterFile_0/inst/regFile[13][31]_i_1_n_0 | desgin_1/RegisterFile_0/inst/regFile[0][3]_i_1_n_0  |                3 |              4 |
| ~desgin_1/avoidshake_0/inst/BUTTON_OUT           | desgin_1/RegisterFile_0/inst/regFile[13][31]_i_1_n_0 | desgin_1/RegisterFile_0/inst/regFile[0][7]_i_1_n_0  |                3 |              4 |
| ~desgin_1/avoidshake_0/inst/BUTTON_OUT           | desgin_1/RegisterFile_0/inst/regFile[14][31]_i_1_n_0 | desgin_1/RegisterFile_0/inst/regFile[0][11]_i_1_n_0 |                4 |              4 |
| ~desgin_1/avoidshake_0/inst/BUTTON_OUT           | desgin_1/RegisterFile_0/inst/regFile[14][31]_i_1_n_0 | desgin_1/RegisterFile_0/inst/regFile[0][15]_i_1_n_0 |                3 |              4 |
| ~desgin_1/avoidshake_0/inst/BUTTON_OUT           | desgin_1/RegisterFile_0/inst/regFile[14][31]_i_1_n_0 | desgin_1/RegisterFile_0/inst/regFile[0][19]_i_1_n_0 |                3 |              4 |
| ~desgin_1/avoidshake_0/inst/BUTTON_OUT           | desgin_1/RegisterFile_0/inst/regFile[14][31]_i_1_n_0 | desgin_1/RegisterFile_0/inst/regFile[0][23]_i_1_n_0 |                2 |              4 |
| ~desgin_1/avoidshake_0/inst/BUTTON_OUT           | desgin_1/RegisterFile_0/inst/regFile[14][31]_i_1_n_0 | desgin_1/RegisterFile_0/inst/regFile[0][27]_i_1_n_0 |                2 |              4 |
| ~desgin_1/avoidshake_0/inst/BUTTON_OUT           | desgin_1/RegisterFile_0/inst/regFile[14][31]_i_1_n_0 | desgin_1/RegisterFile_0/inst/regFile[0][31]_i_2_n_0 |                2 |              4 |
| ~desgin_1/avoidshake_0/inst/BUTTON_OUT           | desgin_1/RegisterFile_0/inst/regFile[14][31]_i_1_n_0 | desgin_1/RegisterFile_0/inst/regFile[0][3]_i_1_n_0  |                3 |              4 |
| ~desgin_1/avoidshake_0/inst/BUTTON_OUT           | desgin_1/RegisterFile_0/inst/regFile[14][31]_i_1_n_0 | desgin_1/RegisterFile_0/inst/regFile[0][7]_i_1_n_0  |                3 |              4 |
| ~desgin_1/avoidshake_0/inst/BUTTON_OUT           | desgin_1/RegisterFile_0/inst/regFile[15][31]_i_1_n_0 | desgin_1/RegisterFile_0/inst/regFile[0][11]_i_1_n_0 |                4 |              4 |
| ~desgin_1/avoidshake_0/inst/BUTTON_OUT           | desgin_1/RegisterFile_0/inst/regFile[15][31]_i_1_n_0 | desgin_1/RegisterFile_0/inst/regFile[0][15]_i_1_n_0 |                3 |              4 |
| ~desgin_1/avoidshake_0/inst/BUTTON_OUT           | desgin_1/RegisterFile_0/inst/regFile[15][31]_i_1_n_0 | desgin_1/RegisterFile_0/inst/regFile[0][19]_i_1_n_0 |                4 |              4 |
| ~desgin_1/avoidshake_0/inst/BUTTON_OUT           | desgin_1/RegisterFile_0/inst/regFile[15][31]_i_1_n_0 | desgin_1/RegisterFile_0/inst/regFile[0][23]_i_1_n_0 |                3 |              4 |
| ~desgin_1/avoidshake_0/inst/BUTTON_OUT           | desgin_1/RegisterFile_0/inst/regFile[15][31]_i_1_n_0 | desgin_1/RegisterFile_0/inst/regFile[0][27]_i_1_n_0 |                2 |              4 |
| ~desgin_1/avoidshake_0/inst/BUTTON_OUT           | desgin_1/RegisterFile_0/inst/regFile[15][31]_i_1_n_0 | desgin_1/RegisterFile_0/inst/regFile[0][31]_i_2_n_0 |                2 |              4 |
| ~desgin_1/avoidshake_0/inst/BUTTON_OUT           | desgin_1/RegisterFile_0/inst/regFile[15][31]_i_1_n_0 | desgin_1/RegisterFile_0/inst/regFile[0][3]_i_1_n_0  |                2 |              4 |
| ~desgin_1/avoidshake_0/inst/BUTTON_OUT           | desgin_1/RegisterFile_0/inst/regFile[15][31]_i_1_n_0 | desgin_1/RegisterFile_0/inst/regFile[0][7]_i_1_n_0  |                3 |              4 |
| ~desgin_1/avoidshake_0/inst/BUTTON_OUT           | desgin_1/RegisterFile_0/inst/regFile[16][31]_i_1_n_0 | desgin_1/RegisterFile_0/inst/regFile[0][11]_i_1_n_0 |                3 |              4 |
| ~desgin_1/avoidshake_0/inst/BUTTON_OUT           | desgin_1/RegisterFile_0/inst/regFile[16][31]_i_1_n_0 | desgin_1/RegisterFile_0/inst/regFile[0][15]_i_1_n_0 |                4 |              4 |
| ~desgin_1/avoidshake_0/inst/BUTTON_OUT           | desgin_1/RegisterFile_0/inst/regFile[16][31]_i_1_n_0 | desgin_1/RegisterFile_0/inst/regFile[0][19]_i_1_n_0 |                2 |              4 |
| ~desgin_1/avoidshake_0/inst/BUTTON_OUT           | desgin_1/RegisterFile_0/inst/regFile[16][31]_i_1_n_0 | desgin_1/RegisterFile_0/inst/regFile[0][23]_i_1_n_0 |                2 |              4 |
| ~desgin_1/avoidshake_0/inst/BUTTON_OUT           | desgin_1/RegisterFile_0/inst/regFile[16][31]_i_1_n_0 | desgin_1/RegisterFile_0/inst/regFile[0][27]_i_1_n_0 |                2 |              4 |
| ~desgin_1/avoidshake_0/inst/BUTTON_OUT           | desgin_1/RegisterFile_0/inst/regFile[16][31]_i_1_n_0 | desgin_1/RegisterFile_0/inst/regFile[0][31]_i_2_n_0 |                3 |              4 |
| ~desgin_1/avoidshake_0/inst/BUTTON_OUT           | desgin_1/RegisterFile_0/inst/regFile[16][31]_i_1_n_0 | desgin_1/RegisterFile_0/inst/regFile[0][3]_i_1_n_0  |                3 |              4 |
| ~desgin_1/avoidshake_0/inst/BUTTON_OUT           | desgin_1/RegisterFile_0/inst/regFile[16][31]_i_1_n_0 | desgin_1/RegisterFile_0/inst/regFile[0][7]_i_1_n_0  |                3 |              4 |
| ~desgin_1/avoidshake_0/inst/BUTTON_OUT           | desgin_1/RegisterFile_0/inst/regFile[17][31]_i_1_n_0 | desgin_1/RegisterFile_0/inst/regFile[0][11]_i_1_n_0 |                3 |              4 |
| ~desgin_1/avoidshake_0/inst/BUTTON_OUT           | desgin_1/RegisterFile_0/inst/regFile[17][31]_i_1_n_0 | desgin_1/RegisterFile_0/inst/regFile[0][15]_i_1_n_0 |                4 |              4 |
| ~desgin_1/avoidshake_0/inst/BUTTON_OUT           | desgin_1/RegisterFile_0/inst/regFile[17][31]_i_1_n_0 | desgin_1/RegisterFile_0/inst/regFile[0][19]_i_1_n_0 |                2 |              4 |
| ~desgin_1/avoidshake_0/inst/BUTTON_OUT           | desgin_1/RegisterFile_0/inst/regFile[17][31]_i_1_n_0 | desgin_1/RegisterFile_0/inst/regFile[0][23]_i_1_n_0 |                1 |              4 |
| ~desgin_1/avoidshake_0/inst/BUTTON_OUT           | desgin_1/RegisterFile_0/inst/regFile[17][31]_i_1_n_0 | desgin_1/RegisterFile_0/inst/regFile[0][27]_i_1_n_0 |                1 |              4 |
| ~desgin_1/avoidshake_0/inst/BUTTON_OUT           | desgin_1/RegisterFile_0/inst/regFile[17][31]_i_1_n_0 | desgin_1/RegisterFile_0/inst/regFile[0][31]_i_2_n_0 |                3 |              4 |
| ~desgin_1/avoidshake_0/inst/BUTTON_OUT           | desgin_1/RegisterFile_0/inst/regFile[17][31]_i_1_n_0 | desgin_1/RegisterFile_0/inst/regFile[0][3]_i_1_n_0  |                3 |              4 |
| ~desgin_1/avoidshake_0/inst/BUTTON_OUT           | desgin_1/RegisterFile_0/inst/regFile[17][31]_i_1_n_0 | desgin_1/RegisterFile_0/inst/regFile[0][7]_i_1_n_0  |                3 |              4 |
| ~desgin_1/avoidshake_0/inst/BUTTON_OUT           | desgin_1/RegisterFile_0/inst/regFile[18][31]_i_1_n_0 | desgin_1/RegisterFile_0/inst/regFile[0][11]_i_1_n_0 |                3 |              4 |
| ~desgin_1/avoidshake_0/inst/BUTTON_OUT           | desgin_1/RegisterFile_0/inst/regFile[18][31]_i_1_n_0 | desgin_1/RegisterFile_0/inst/regFile[0][15]_i_1_n_0 |                3 |              4 |
| ~desgin_1/avoidshake_0/inst/BUTTON_OUT           | desgin_1/RegisterFile_0/inst/regFile[18][31]_i_1_n_0 | desgin_1/RegisterFile_0/inst/regFile[0][19]_i_1_n_0 |                2 |              4 |
| ~desgin_1/avoidshake_0/inst/BUTTON_OUT           | desgin_1/RegisterFile_0/inst/regFile[18][31]_i_1_n_0 | desgin_1/RegisterFile_0/inst/regFile[0][23]_i_1_n_0 |                1 |              4 |
| ~desgin_1/avoidshake_0/inst/BUTTON_OUT           | desgin_1/RegisterFile_0/inst/regFile[18][31]_i_1_n_0 | desgin_1/RegisterFile_0/inst/regFile[0][27]_i_1_n_0 |                1 |              4 |
| ~desgin_1/avoidshake_0/inst/BUTTON_OUT           | desgin_1/RegisterFile_0/inst/regFile[18][31]_i_1_n_0 | desgin_1/RegisterFile_0/inst/regFile[0][31]_i_2_n_0 |                3 |              4 |
| ~desgin_1/avoidshake_0/inst/BUTTON_OUT           | desgin_1/RegisterFile_0/inst/regFile[18][31]_i_1_n_0 | desgin_1/RegisterFile_0/inst/regFile[0][3]_i_1_n_0  |                3 |              4 |
| ~desgin_1/avoidshake_0/inst/BUTTON_OUT           | desgin_1/RegisterFile_0/inst/regFile[18][31]_i_1_n_0 | desgin_1/RegisterFile_0/inst/regFile[0][7]_i_1_n_0  |                3 |              4 |
| ~desgin_1/avoidshake_0/inst/BUTTON_OUT           | desgin_1/RegisterFile_0/inst/regFile[19][31]_i_1_n_0 | desgin_1/RegisterFile_0/inst/regFile[0][11]_i_1_n_0 |                3 |              4 |
| ~desgin_1/avoidshake_0/inst/BUTTON_OUT           | desgin_1/RegisterFile_0/inst/regFile[19][31]_i_1_n_0 | desgin_1/RegisterFile_0/inst/regFile[0][15]_i_1_n_0 |                4 |              4 |
| ~desgin_1/avoidshake_0/inst/BUTTON_OUT           | desgin_1/RegisterFile_0/inst/regFile[19][31]_i_1_n_0 | desgin_1/RegisterFile_0/inst/regFile[0][19]_i_1_n_0 |                2 |              4 |
| ~desgin_1/avoidshake_0/inst/BUTTON_OUT           | desgin_1/RegisterFile_0/inst/regFile[19][31]_i_1_n_0 | desgin_1/RegisterFile_0/inst/regFile[0][23]_i_1_n_0 |                1 |              4 |
| ~desgin_1/avoidshake_0/inst/BUTTON_OUT           | desgin_1/RegisterFile_0/inst/regFile[19][31]_i_1_n_0 | desgin_1/RegisterFile_0/inst/regFile[0][27]_i_1_n_0 |                2 |              4 |
| ~desgin_1/avoidshake_0/inst/BUTTON_OUT           | desgin_1/RegisterFile_0/inst/regFile[19][31]_i_1_n_0 | desgin_1/RegisterFile_0/inst/regFile[0][31]_i_2_n_0 |                2 |              4 |
| ~desgin_1/avoidshake_0/inst/BUTTON_OUT           | desgin_1/RegisterFile_0/inst/regFile[19][31]_i_1_n_0 | desgin_1/RegisterFile_0/inst/regFile[0][3]_i_1_n_0  |                3 |              4 |
| ~desgin_1/avoidshake_0/inst/BUTTON_OUT           | desgin_1/RegisterFile_0/inst/regFile[19][31]_i_1_n_0 | desgin_1/RegisterFile_0/inst/regFile[0][7]_i_1_n_0  |                3 |              4 |
| ~desgin_1/avoidshake_0/inst/BUTTON_OUT           | desgin_1/RegisterFile_0/inst/regFile[1][31]_i_1_n_0  | desgin_1/RegisterFile_0/inst/regFile[0][11]_i_1_n_0 |                3 |              4 |
| ~desgin_1/avoidshake_0/inst/BUTTON_OUT           | desgin_1/RegisterFile_0/inst/regFile[1][31]_i_1_n_0  | desgin_1/RegisterFile_0/inst/regFile[0][15]_i_1_n_0 |                2 |              4 |
| ~desgin_1/avoidshake_0/inst/BUTTON_OUT           | desgin_1/RegisterFile_0/inst/regFile[1][31]_i_1_n_0  | desgin_1/RegisterFile_0/inst/regFile[0][19]_i_1_n_0 |                2 |              4 |
| ~desgin_1/avoidshake_0/inst/BUTTON_OUT           | desgin_1/RegisterFile_0/inst/regFile[1][31]_i_1_n_0  | desgin_1/RegisterFile_0/inst/regFile[0][23]_i_1_n_0 |                2 |              4 |
| ~desgin_1/avoidshake_0/inst/BUTTON_OUT           | desgin_1/RegisterFile_0/inst/regFile[1][31]_i_1_n_0  | desgin_1/RegisterFile_0/inst/regFile[0][27]_i_1_n_0 |                1 |              4 |
| ~desgin_1/avoidshake_0/inst/BUTTON_OUT           | desgin_1/RegisterFile_0/inst/regFile[1][31]_i_1_n_0  | desgin_1/RegisterFile_0/inst/regFile[0][31]_i_2_n_0 |                2 |              4 |
| ~desgin_1/avoidshake_0/inst/BUTTON_OUT           | desgin_1/RegisterFile_0/inst/regFile[1][31]_i_1_n_0  | desgin_1/RegisterFile_0/inst/regFile[0][3]_i_1_n_0  |                3 |              4 |
| ~desgin_1/avoidshake_0/inst/BUTTON_OUT           | desgin_1/RegisterFile_0/inst/regFile[1][31]_i_1_n_0  | desgin_1/RegisterFile_0/inst/regFile[0][7]_i_1_n_0  |                3 |              4 |
| ~desgin_1/avoidshake_0/inst/BUTTON_OUT           | desgin_1/RegisterFile_0/inst/regFile[20][31]_i_1_n_0 | desgin_1/RegisterFile_0/inst/regFile[0][11]_i_1_n_0 |                3 |              4 |
| ~desgin_1/avoidshake_0/inst/BUTTON_OUT           | desgin_1/RegisterFile_0/inst/regFile[20][31]_i_1_n_0 | desgin_1/RegisterFile_0/inst/regFile[0][15]_i_1_n_0 |                4 |              4 |
| ~desgin_1/avoidshake_0/inst/BUTTON_OUT           | desgin_1/RegisterFile_0/inst/regFile[20][31]_i_1_n_0 | desgin_1/RegisterFile_0/inst/regFile[0][19]_i_1_n_0 |                2 |              4 |
| ~desgin_1/avoidshake_0/inst/BUTTON_OUT           | desgin_1/RegisterFile_0/inst/regFile[20][31]_i_1_n_0 | desgin_1/RegisterFile_0/inst/regFile[0][23]_i_1_n_0 |                1 |              4 |
| ~desgin_1/avoidshake_0/inst/BUTTON_OUT           | desgin_1/RegisterFile_0/inst/regFile[20][31]_i_1_n_0 | desgin_1/RegisterFile_0/inst/regFile[0][27]_i_1_n_0 |                3 |              4 |
| ~desgin_1/avoidshake_0/inst/BUTTON_OUT           | desgin_1/RegisterFile_0/inst/regFile[20][31]_i_1_n_0 | desgin_1/RegisterFile_0/inst/regFile[0][31]_i_2_n_0 |                3 |              4 |
| ~desgin_1/avoidshake_0/inst/BUTTON_OUT           | desgin_1/RegisterFile_0/inst/regFile[20][31]_i_1_n_0 | desgin_1/RegisterFile_0/inst/regFile[0][3]_i_1_n_0  |                3 |              4 |
| ~desgin_1/avoidshake_0/inst/BUTTON_OUT           | desgin_1/RegisterFile_0/inst/regFile[20][31]_i_1_n_0 | desgin_1/RegisterFile_0/inst/regFile[0][7]_i_1_n_0  |                3 |              4 |
| ~desgin_1/avoidshake_0/inst/BUTTON_OUT           | desgin_1/RegisterFile_0/inst/regFile[21][31]_i_1_n_0 | desgin_1/RegisterFile_0/inst/regFile[0][11]_i_1_n_0 |                3 |              4 |
| ~desgin_1/avoidshake_0/inst/BUTTON_OUT           | desgin_1/RegisterFile_0/inst/regFile[21][31]_i_1_n_0 | desgin_1/RegisterFile_0/inst/regFile[0][15]_i_1_n_0 |                4 |              4 |
| ~desgin_1/avoidshake_0/inst/BUTTON_OUT           | desgin_1/RegisterFile_0/inst/regFile[21][31]_i_1_n_0 | desgin_1/RegisterFile_0/inst/regFile[0][19]_i_1_n_0 |                2 |              4 |
| ~desgin_1/avoidshake_0/inst/BUTTON_OUT           | desgin_1/RegisterFile_0/inst/regFile[21][31]_i_1_n_0 | desgin_1/RegisterFile_0/inst/regFile[0][23]_i_1_n_0 |                1 |              4 |
| ~desgin_1/avoidshake_0/inst/BUTTON_OUT           | desgin_1/RegisterFile_0/inst/regFile[21][31]_i_1_n_0 | desgin_1/RegisterFile_0/inst/regFile[0][27]_i_1_n_0 |                1 |              4 |
| ~desgin_1/avoidshake_0/inst/BUTTON_OUT           | desgin_1/RegisterFile_0/inst/regFile[21][31]_i_1_n_0 | desgin_1/RegisterFile_0/inst/regFile[0][31]_i_2_n_0 |                2 |              4 |
| ~desgin_1/avoidshake_0/inst/BUTTON_OUT           | desgin_1/RegisterFile_0/inst/regFile[21][31]_i_1_n_0 | desgin_1/RegisterFile_0/inst/regFile[0][3]_i_1_n_0  |                3 |              4 |
| ~desgin_1/avoidshake_0/inst/BUTTON_OUT           | desgin_1/RegisterFile_0/inst/regFile[21][31]_i_1_n_0 | desgin_1/RegisterFile_0/inst/regFile[0][7]_i_1_n_0  |                3 |              4 |
| ~desgin_1/avoidshake_0/inst/BUTTON_OUT           | desgin_1/RegisterFile_0/inst/regFile[22][31]_i_1_n_0 | desgin_1/RegisterFile_0/inst/regFile[0][11]_i_1_n_0 |                3 |              4 |
| ~desgin_1/avoidshake_0/inst/BUTTON_OUT           | desgin_1/RegisterFile_0/inst/regFile[22][31]_i_1_n_0 | desgin_1/RegisterFile_0/inst/regFile[0][15]_i_1_n_0 |                4 |              4 |
| ~desgin_1/avoidshake_0/inst/BUTTON_OUT           | desgin_1/RegisterFile_0/inst/regFile[22][31]_i_1_n_0 | desgin_1/RegisterFile_0/inst/regFile[0][19]_i_1_n_0 |                3 |              4 |
| ~desgin_1/avoidshake_0/inst/BUTTON_OUT           | desgin_1/RegisterFile_0/inst/regFile[22][31]_i_1_n_0 | desgin_1/RegisterFile_0/inst/regFile[0][23]_i_1_n_0 |                2 |              4 |
| ~desgin_1/avoidshake_0/inst/BUTTON_OUT           | desgin_1/RegisterFile_0/inst/regFile[22][31]_i_1_n_0 | desgin_1/RegisterFile_0/inst/regFile[0][27]_i_1_n_0 |                2 |              4 |
| ~desgin_1/avoidshake_0/inst/BUTTON_OUT           | desgin_1/RegisterFile_0/inst/regFile[22][31]_i_1_n_0 | desgin_1/RegisterFile_0/inst/regFile[0][31]_i_2_n_0 |                3 |              4 |
| ~desgin_1/avoidshake_0/inst/BUTTON_OUT           | desgin_1/RegisterFile_0/inst/regFile[22][31]_i_1_n_0 | desgin_1/RegisterFile_0/inst/regFile[0][3]_i_1_n_0  |                3 |              4 |
| ~desgin_1/avoidshake_0/inst/BUTTON_OUT           | desgin_1/RegisterFile_0/inst/regFile[22][31]_i_1_n_0 | desgin_1/RegisterFile_0/inst/regFile[0][7]_i_1_n_0  |                3 |              4 |
| ~desgin_1/avoidshake_0/inst/BUTTON_OUT           | desgin_1/RegisterFile_0/inst/regFile[23][31]_i_1_n_0 | desgin_1/RegisterFile_0/inst/regFile[0][11]_i_1_n_0 |                3 |              4 |
| ~desgin_1/avoidshake_0/inst/BUTTON_OUT           | desgin_1/RegisterFile_0/inst/regFile[23][31]_i_1_n_0 | desgin_1/RegisterFile_0/inst/regFile[0][15]_i_1_n_0 |                4 |              4 |
| ~desgin_1/avoidshake_0/inst/BUTTON_OUT           | desgin_1/RegisterFile_0/inst/regFile[23][31]_i_1_n_0 | desgin_1/RegisterFile_0/inst/regFile[0][19]_i_1_n_0 |                3 |              4 |
| ~desgin_1/avoidshake_0/inst/BUTTON_OUT           | desgin_1/RegisterFile_0/inst/regFile[23][31]_i_1_n_0 | desgin_1/RegisterFile_0/inst/regFile[0][23]_i_1_n_0 |                2 |              4 |
| ~desgin_1/avoidshake_0/inst/BUTTON_OUT           | desgin_1/RegisterFile_0/inst/regFile[23][31]_i_1_n_0 | desgin_1/RegisterFile_0/inst/regFile[0][27]_i_1_n_0 |                2 |              4 |
| ~desgin_1/avoidshake_0/inst/BUTTON_OUT           | desgin_1/RegisterFile_0/inst/regFile[23][31]_i_1_n_0 | desgin_1/RegisterFile_0/inst/regFile[0][31]_i_2_n_0 |                3 |              4 |
| ~desgin_1/avoidshake_0/inst/BUTTON_OUT           | desgin_1/RegisterFile_0/inst/regFile[23][31]_i_1_n_0 | desgin_1/RegisterFile_0/inst/regFile[0][3]_i_1_n_0  |                3 |              4 |
| ~desgin_1/avoidshake_0/inst/BUTTON_OUT           | desgin_1/RegisterFile_0/inst/regFile[23][31]_i_1_n_0 | desgin_1/RegisterFile_0/inst/regFile[0][7]_i_1_n_0  |                3 |              4 |
| ~desgin_1/avoidshake_0/inst/BUTTON_OUT           | desgin_1/RegisterFile_0/inst/regFile[24][31]_i_1_n_0 | desgin_1/RegisterFile_0/inst/regFile[0][11]_i_1_n_0 |                4 |              4 |
| ~desgin_1/avoidshake_0/inst/BUTTON_OUT           | desgin_1/RegisterFile_0/inst/regFile[24][31]_i_1_n_0 | desgin_1/RegisterFile_0/inst/regFile[0][15]_i_1_n_0 |                2 |              4 |
| ~desgin_1/avoidshake_0/inst/BUTTON_OUT           | desgin_1/RegisterFile_0/inst/regFile[24][31]_i_1_n_0 | desgin_1/RegisterFile_0/inst/regFile[0][19]_i_1_n_0 |                2 |              4 |
| ~desgin_1/avoidshake_0/inst/BUTTON_OUT           | desgin_1/RegisterFile_0/inst/regFile[24][31]_i_1_n_0 | desgin_1/RegisterFile_0/inst/regFile[0][23]_i_1_n_0 |                2 |              4 |
| ~desgin_1/avoidshake_0/inst/BUTTON_OUT           | desgin_1/RegisterFile_0/inst/regFile[24][31]_i_1_n_0 | desgin_1/RegisterFile_0/inst/regFile[0][27]_i_1_n_0 |                3 |              4 |
| ~desgin_1/avoidshake_0/inst/BUTTON_OUT           | desgin_1/RegisterFile_0/inst/regFile[24][31]_i_1_n_0 | desgin_1/RegisterFile_0/inst/regFile[0][31]_i_2_n_0 |                2 |              4 |
| ~desgin_1/avoidshake_0/inst/BUTTON_OUT           | desgin_1/RegisterFile_0/inst/regFile[24][31]_i_1_n_0 | desgin_1/RegisterFile_0/inst/regFile[0][3]_i_1_n_0  |                4 |              4 |
| ~desgin_1/avoidshake_0/inst/BUTTON_OUT           | desgin_1/RegisterFile_0/inst/regFile[24][31]_i_1_n_0 | desgin_1/RegisterFile_0/inst/regFile[0][7]_i_1_n_0  |                3 |              4 |
| ~desgin_1/avoidshake_0/inst/BUTTON_OUT           | desgin_1/RegisterFile_0/inst/regFile[25][31]_i_1_n_0 | desgin_1/RegisterFile_0/inst/regFile[0][11]_i_1_n_0 |                4 |              4 |
| ~desgin_1/avoidshake_0/inst/BUTTON_OUT           | desgin_1/RegisterFile_0/inst/regFile[25][31]_i_1_n_0 | desgin_1/RegisterFile_0/inst/regFile[0][15]_i_1_n_0 |                2 |              4 |
| ~desgin_1/avoidshake_0/inst/BUTTON_OUT           | desgin_1/RegisterFile_0/inst/regFile[25][31]_i_1_n_0 | desgin_1/RegisterFile_0/inst/regFile[0][19]_i_1_n_0 |                2 |              4 |
| ~desgin_1/avoidshake_0/inst/BUTTON_OUT           | desgin_1/RegisterFile_0/inst/regFile[25][31]_i_1_n_0 | desgin_1/RegisterFile_0/inst/regFile[0][23]_i_1_n_0 |                2 |              4 |
| ~desgin_1/avoidshake_0/inst/BUTTON_OUT           | desgin_1/RegisterFile_0/inst/regFile[25][31]_i_1_n_0 | desgin_1/RegisterFile_0/inst/regFile[0][27]_i_1_n_0 |                1 |              4 |
| ~desgin_1/avoidshake_0/inst/BUTTON_OUT           | desgin_1/RegisterFile_0/inst/regFile[25][31]_i_1_n_0 | desgin_1/RegisterFile_0/inst/regFile[0][31]_i_2_n_0 |                2 |              4 |
| ~desgin_1/avoidshake_0/inst/BUTTON_OUT           | desgin_1/RegisterFile_0/inst/regFile[25][31]_i_1_n_0 | desgin_1/RegisterFile_0/inst/regFile[0][3]_i_1_n_0  |                3 |              4 |
| ~desgin_1/avoidshake_0/inst/BUTTON_OUT           | desgin_1/RegisterFile_0/inst/regFile[25][31]_i_1_n_0 | desgin_1/RegisterFile_0/inst/regFile[0][7]_i_1_n_0  |                3 |              4 |
| ~desgin_1/avoidshake_0/inst/BUTTON_OUT           | desgin_1/RegisterFile_0/inst/regFile[26][31]_i_1_n_0 | desgin_1/RegisterFile_0/inst/regFile[0][11]_i_1_n_0 |                4 |              4 |
| ~desgin_1/avoidshake_0/inst/BUTTON_OUT           | desgin_1/RegisterFile_0/inst/regFile[26][31]_i_1_n_0 | desgin_1/RegisterFile_0/inst/regFile[0][15]_i_1_n_0 |                2 |              4 |
| ~desgin_1/avoidshake_0/inst/BUTTON_OUT           | desgin_1/RegisterFile_0/inst/regFile[26][31]_i_1_n_0 | desgin_1/RegisterFile_0/inst/regFile[0][19]_i_1_n_0 |                2 |              4 |
| ~desgin_1/avoidshake_0/inst/BUTTON_OUT           | desgin_1/RegisterFile_0/inst/regFile[26][31]_i_1_n_0 | desgin_1/RegisterFile_0/inst/regFile[0][23]_i_1_n_0 |                2 |              4 |
| ~desgin_1/avoidshake_0/inst/BUTTON_OUT           | desgin_1/RegisterFile_0/inst/regFile[26][31]_i_1_n_0 | desgin_1/RegisterFile_0/inst/regFile[0][27]_i_1_n_0 |                3 |              4 |
| ~desgin_1/avoidshake_0/inst/BUTTON_OUT           | desgin_1/RegisterFile_0/inst/regFile[26][31]_i_1_n_0 | desgin_1/RegisterFile_0/inst/regFile[0][31]_i_2_n_0 |                2 |              4 |
| ~desgin_1/avoidshake_0/inst/BUTTON_OUT           | desgin_1/RegisterFile_0/inst/regFile[26][31]_i_1_n_0 | desgin_1/RegisterFile_0/inst/regFile[0][3]_i_1_n_0  |                2 |              4 |
| ~desgin_1/avoidshake_0/inst/BUTTON_OUT           | desgin_1/RegisterFile_0/inst/regFile[26][31]_i_1_n_0 | desgin_1/RegisterFile_0/inst/regFile[0][7]_i_1_n_0  |                3 |              4 |
| ~desgin_1/avoidshake_0/inst/BUTTON_OUT           | desgin_1/RegisterFile_0/inst/regFile[27][31]_i_1_n_0 | desgin_1/RegisterFile_0/inst/regFile[0][11]_i_1_n_0 |                4 |              4 |
| ~desgin_1/avoidshake_0/inst/BUTTON_OUT           | desgin_1/RegisterFile_0/inst/regFile[27][31]_i_1_n_0 | desgin_1/RegisterFile_0/inst/regFile[0][15]_i_1_n_0 |                2 |              4 |
| ~desgin_1/avoidshake_0/inst/BUTTON_OUT           | desgin_1/RegisterFile_0/inst/regFile[27][31]_i_1_n_0 | desgin_1/RegisterFile_0/inst/regFile[0][19]_i_1_n_0 |                2 |              4 |
| ~desgin_1/avoidshake_0/inst/BUTTON_OUT           | desgin_1/RegisterFile_0/inst/regFile[27][31]_i_1_n_0 | desgin_1/RegisterFile_0/inst/regFile[0][23]_i_1_n_0 |                2 |              4 |
| ~desgin_1/avoidshake_0/inst/BUTTON_OUT           | desgin_1/RegisterFile_0/inst/regFile[27][31]_i_1_n_0 | desgin_1/RegisterFile_0/inst/regFile[0][27]_i_1_n_0 |                3 |              4 |
| ~desgin_1/avoidshake_0/inst/BUTTON_OUT           | desgin_1/RegisterFile_0/inst/regFile[27][31]_i_1_n_0 | desgin_1/RegisterFile_0/inst/regFile[0][31]_i_2_n_0 |                2 |              4 |
| ~desgin_1/avoidshake_0/inst/BUTTON_OUT           | desgin_1/RegisterFile_0/inst/regFile[27][31]_i_1_n_0 | desgin_1/RegisterFile_0/inst/regFile[0][3]_i_1_n_0  |                3 |              4 |
| ~desgin_1/avoidshake_0/inst/BUTTON_OUT           | desgin_1/RegisterFile_0/inst/regFile[27][31]_i_1_n_0 | desgin_1/RegisterFile_0/inst/regFile[0][7]_i_1_n_0  |                2 |              4 |
| ~desgin_1/avoidshake_0/inst/BUTTON_OUT           | desgin_1/RegisterFile_0/inst/regFile[28][31]_i_1_n_0 | desgin_1/RegisterFile_0/inst/regFile[0][11]_i_1_n_0 |                4 |              4 |
| ~desgin_1/avoidshake_0/inst/BUTTON_OUT           | desgin_1/RegisterFile_0/inst/regFile[28][31]_i_1_n_0 | desgin_1/RegisterFile_0/inst/regFile[0][15]_i_1_n_0 |                3 |              4 |
| ~desgin_1/avoidshake_0/inst/BUTTON_OUT           | desgin_1/RegisterFile_0/inst/regFile[28][31]_i_1_n_0 | desgin_1/RegisterFile_0/inst/regFile[0][19]_i_1_n_0 |                3 |              4 |
| ~desgin_1/avoidshake_0/inst/BUTTON_OUT           | desgin_1/RegisterFile_0/inst/regFile[28][31]_i_1_n_0 | desgin_1/RegisterFile_0/inst/regFile[0][23]_i_1_n_0 |                2 |              4 |
| ~desgin_1/avoidshake_0/inst/BUTTON_OUT           | desgin_1/RegisterFile_0/inst/regFile[28][31]_i_1_n_0 | desgin_1/RegisterFile_0/inst/regFile[0][27]_i_1_n_0 |                2 |              4 |
| ~desgin_1/avoidshake_0/inst/BUTTON_OUT           | desgin_1/RegisterFile_0/inst/regFile[28][31]_i_1_n_0 | desgin_1/RegisterFile_0/inst/regFile[0][31]_i_2_n_0 |                2 |              4 |
| ~desgin_1/avoidshake_0/inst/BUTTON_OUT           | desgin_1/RegisterFile_0/inst/regFile[28][31]_i_1_n_0 | desgin_1/RegisterFile_0/inst/regFile[0][3]_i_1_n_0  |                2 |              4 |
| ~desgin_1/avoidshake_0/inst/BUTTON_OUT           | desgin_1/RegisterFile_0/inst/regFile[28][31]_i_1_n_0 | desgin_1/RegisterFile_0/inst/regFile[0][7]_i_1_n_0  |                3 |              4 |
| ~desgin_1/avoidshake_0/inst/BUTTON_OUT           | desgin_1/RegisterFile_0/inst/regFile[29][31]_i_1_n_0 | desgin_1/RegisterFile_0/inst/regFile[0][11]_i_1_n_0 |                4 |              4 |
| ~desgin_1/avoidshake_0/inst/BUTTON_OUT           | desgin_1/RegisterFile_0/inst/regFile[29][31]_i_1_n_0 | desgin_1/RegisterFile_0/inst/regFile[0][15]_i_1_n_0 |                2 |              4 |
| ~desgin_1/avoidshake_0/inst/BUTTON_OUT           | desgin_1/RegisterFile_0/inst/regFile[29][31]_i_1_n_0 | desgin_1/RegisterFile_0/inst/regFile[0][19]_i_1_n_0 |                2 |              4 |
| ~desgin_1/avoidshake_0/inst/BUTTON_OUT           | desgin_1/RegisterFile_0/inst/regFile[29][31]_i_1_n_0 | desgin_1/RegisterFile_0/inst/regFile[0][23]_i_1_n_0 |                2 |              4 |
| ~desgin_1/avoidshake_0/inst/BUTTON_OUT           | desgin_1/RegisterFile_0/inst/regFile[29][31]_i_1_n_0 | desgin_1/RegisterFile_0/inst/regFile[0][27]_i_1_n_0 |                3 |              4 |
| ~desgin_1/avoidshake_0/inst/BUTTON_OUT           | desgin_1/RegisterFile_0/inst/regFile[29][31]_i_1_n_0 | desgin_1/RegisterFile_0/inst/regFile[0][31]_i_2_n_0 |                2 |              4 |
| ~desgin_1/avoidshake_0/inst/BUTTON_OUT           | desgin_1/RegisterFile_0/inst/regFile[29][31]_i_1_n_0 | desgin_1/RegisterFile_0/inst/regFile[0][3]_i_1_n_0  |                2 |              4 |
| ~desgin_1/avoidshake_0/inst/BUTTON_OUT           | desgin_1/RegisterFile_0/inst/regFile[29][31]_i_1_n_0 | desgin_1/RegisterFile_0/inst/regFile[0][7]_i_1_n_0  |                3 |              4 |
| ~desgin_1/avoidshake_0/inst/BUTTON_OUT           | desgin_1/RegisterFile_0/inst/regFile[2][31]_i_1_n_0  | desgin_1/RegisterFile_0/inst/regFile[0][11]_i_1_n_0 |                3 |              4 |
| ~desgin_1/avoidshake_0/inst/BUTTON_OUT           | desgin_1/RegisterFile_0/inst/regFile[2][31]_i_1_n_0  | desgin_1/RegisterFile_0/inst/regFile[0][19]_i_1_n_0 |                3 |              4 |
| ~desgin_1/avoidshake_0/inst/BUTTON_OUT           | desgin_1/RegisterFile_0/inst/regFile[2][31]_i_1_n_0  | desgin_1/RegisterFile_0/inst/regFile[0][23]_i_1_n_0 |                2 |              4 |
| ~desgin_1/avoidshake_0/inst/BUTTON_OUT           | desgin_1/RegisterFile_0/inst/regFile[2][31]_i_1_n_0  | desgin_1/RegisterFile_0/inst/regFile[0][27]_i_1_n_0 |                2 |              4 |
| ~desgin_1/avoidshake_0/inst/BUTTON_OUT           | desgin_1/RegisterFile_0/inst/regFile[2][31]_i_1_n_0  | desgin_1/RegisterFile_0/inst/regFile[0][31]_i_2_n_0 |                2 |              4 |
| ~desgin_1/avoidshake_0/inst/BUTTON_OUT           | desgin_1/RegisterFile_0/inst/regFile[2][31]_i_1_n_0  | desgin_1/RegisterFile_0/inst/regFile[0][3]_i_1_n_0  |                4 |              4 |
| ~desgin_1/avoidshake_0/inst/BUTTON_OUT           | desgin_1/RegisterFile_0/inst/regFile[2][31]_i_1_n_0  | desgin_1/RegisterFile_0/inst/regFile[0][7]_i_1_n_0  |                3 |              4 |
| ~desgin_1/avoidshake_0/inst/BUTTON_OUT           | desgin_1/RegisterFile_0/inst/regFile[30][31]_i_1_n_0 | desgin_1/RegisterFile_0/inst/regFile[0][11]_i_1_n_0 |                4 |              4 |
| ~desgin_1/avoidshake_0/inst/BUTTON_OUT           | desgin_1/RegisterFile_0/inst/regFile[30][31]_i_1_n_0 | desgin_1/RegisterFile_0/inst/regFile[0][15]_i_1_n_0 |                3 |              4 |
| ~desgin_1/avoidshake_0/inst/BUTTON_OUT           | desgin_1/RegisterFile_0/inst/regFile[30][31]_i_1_n_0 | desgin_1/RegisterFile_0/inst/regFile[0][19]_i_1_n_0 |                3 |              4 |
| ~desgin_1/avoidshake_0/inst/BUTTON_OUT           | desgin_1/RegisterFile_0/inst/regFile[30][31]_i_1_n_0 | desgin_1/RegisterFile_0/inst/regFile[0][23]_i_1_n_0 |                3 |              4 |
| ~desgin_1/avoidshake_0/inst/BUTTON_OUT           | desgin_1/RegisterFile_0/inst/regFile[30][31]_i_1_n_0 | desgin_1/RegisterFile_0/inst/regFile[0][27]_i_1_n_0 |                4 |              4 |
| ~desgin_1/avoidshake_0/inst/BUTTON_OUT           | desgin_1/RegisterFile_0/inst/regFile[30][31]_i_1_n_0 | desgin_1/RegisterFile_0/inst/regFile[0][31]_i_2_n_0 |                2 |              4 |
| ~desgin_1/avoidshake_0/inst/BUTTON_OUT           | desgin_1/RegisterFile_0/inst/regFile[30][31]_i_1_n_0 | desgin_1/RegisterFile_0/inst/regFile[0][3]_i_1_n_0  |                2 |              4 |
| ~desgin_1/avoidshake_0/inst/BUTTON_OUT           | desgin_1/RegisterFile_0/inst/regFile[30][31]_i_1_n_0 | desgin_1/RegisterFile_0/inst/regFile[0][7]_i_1_n_0  |                3 |              4 |
| ~desgin_1/avoidshake_0/inst/BUTTON_OUT           | desgin_1/RegisterFile_0/inst/regFile[31][31]_i_1_n_0 | desgin_1/RegisterFile_0/inst/regFile[0][11]_i_1_n_0 |                4 |              4 |
| ~desgin_1/avoidshake_0/inst/BUTTON_OUT           | desgin_1/RegisterFile_0/inst/regFile[31][31]_i_1_n_0 | desgin_1/RegisterFile_0/inst/regFile[0][15]_i_1_n_0 |                3 |              4 |
| ~desgin_1/avoidshake_0/inst/BUTTON_OUT           | desgin_1/DataMem_0/inst/ram[47][7]_i_1_n_0           |                                                     |                6 |              8 |
| ~desgin_1/avoidshake_0/inst/BUTTON_OUT           | desgin_1/DataMem_0/inst/ram[60][7]_i_1_n_0           |                                                     |                5 |              8 |
| ~desgin_1/avoidshake_0/inst/BUTTON_OUT           | desgin_1/DataMem_0/inst/ram[5][7]_i_1_n_0            |                                                     |                7 |              8 |
| ~desgin_1/avoidshake_0/inst/BUTTON_OUT           | desgin_1/DataMem_0/inst/ram[31][7]_i_1_n_0           |                                                     |                7 |              8 |
| ~desgin_1/avoidshake_0/inst/BUTTON_OUT           | desgin_1/DataMem_0/inst/ram[3][7]_i_1_n_0            |                                                     |                4 |              8 |
| ~desgin_1/avoidshake_0/inst/BUTTON_OUT           | desgin_1/DataMem_0/inst/ram[33][7]_i_1_n_0           |                                                     |                5 |              8 |
| ~desgin_1/avoidshake_0/inst/BUTTON_OUT           | desgin_1/DataMem_0/inst/ram[51][7]_i_1_n_0           |                                                     |                5 |              8 |
| ~desgin_1/avoidshake_0/inst/BUTTON_OUT           | desgin_1/DataMem_0/inst/ram[32][7]_i_1_n_0           |                                                     |                5 |              8 |
| ~desgin_1/avoidshake_0/inst/BUTTON_OUT           | desgin_1/DataMem_0/inst/ram[34][7]_i_1_n_0           |                                                     |                6 |              8 |
| ~desgin_1/avoidshake_0/inst/BUTTON_OUT           | desgin_1/DataMem_0/inst/ram[46][7]_i_1_n_0           |                                                     |                5 |              8 |
| ~desgin_1/avoidshake_0/inst/BUTTON_OUT           | desgin_1/DataMem_0/inst/ram[4][7]_i_1_n_0            |                                                     |                5 |              8 |
| ~desgin_1/avoidshake_0/inst/BUTTON_OUT           | desgin_1/DataMem_0/inst/ram[37][7]_i_1_n_0           |                                                     |                5 |              8 |
| ~desgin_1/avoidshake_0/inst/BUTTON_OUT           | desgin_1/DataMem_0/inst/ram[42][7]_i_1_n_0           |                                                     |                5 |              8 |
| ~desgin_1/avoidshake_0/inst/BUTTON_OUT           | desgin_1/DataMem_0/inst/ram[40][7]_i_1_n_0           |                                                     |                6 |              8 |
| ~desgin_1/avoidshake_0/inst/BUTTON_OUT           | desgin_1/DataMem_0/inst/ram[43][7]_i_1_n_0           |                                                     |                5 |              8 |
| ~desgin_1/avoidshake_0/inst/BUTTON_OUT           | desgin_1/DataMem_0/inst/ram[45][7]_i_1_n_0           |                                                     |                5 |              8 |
| ~desgin_1/avoidshake_0/inst/BUTTON_OUT           | desgin_1/DataMem_0/inst/ram[18][7]_i_1_n_0           |                                                     |                4 |              8 |
| ~desgin_1/avoidshake_0/inst/BUTTON_OUT           | desgin_1/DataMem_0/inst/ram[48][7]_i_1_n_0           |                                                     |                5 |              8 |
| ~desgin_1/avoidshake_0/inst/BUTTON_OUT           | desgin_1/DataMem_0/inst/ram[36][7]_i_1_n_0           |                                                     |                5 |              8 |
| ~desgin_1/avoidshake_0/inst/BUTTON_OUT           | desgin_1/DataMem_0/inst/ram[49][7]_i_1_n_0           |                                                     |                5 |              8 |
| ~desgin_1/avoidshake_0/inst/BUTTON_OUT           | desgin_1/DataMem_0/inst/ram[39][7]_i_1_n_0           |                                                     |                5 |              8 |
| ~desgin_1/avoidshake_0/inst/BUTTON_OUT           | desgin_1/DataMem_0/inst/ram[38][7]_i_1_n_0           |                                                     |                5 |              8 |
| ~desgin_1/avoidshake_0/inst/BUTTON_OUT           | desgin_1/DataMem_0/inst/ram[35][7]_i_1_n_0           |                                                     |                6 |              8 |
| ~desgin_1/avoidshake_0/inst/BUTTON_OUT           | desgin_1/DataMem_0/inst/ram[50][7]_i_1_n_0           |                                                     |                5 |              8 |
| ~desgin_1/avoidshake_0/inst/BUTTON_OUT           | desgin_1/DataMem_0/inst/ram[44][7]_i_1_n_0           |                                                     |                5 |              8 |
| ~desgin_1/avoidshake_0/inst/BUTTON_OUT           | desgin_1/DataMem_0/inst/ram[41][7]_i_1_n_0           |                                                     |                5 |              8 |
| ~desgin_1/avoidshake_0/inst/BUTTON_OUT           | desgin_1/DataMem_0/inst/ram[59][7]_i_1_n_0           |                                                     |                5 |              8 |
| ~desgin_1/avoidshake_0/inst/BUTTON_OUT           | desgin_1/DataMem_0/inst/ram[57][7]_i_1_n_0           |                                                     |                6 |              8 |
| ~desgin_1/avoidshake_0/inst/BUTTON_OUT           | desgin_1/DataMem_0/inst/ram[56][7]_i_1_n_0           |                                                     |                6 |              8 |
| ~desgin_1/avoidshake_0/inst/BUTTON_OUT           | desgin_1/DataMem_0/inst/ram[53][7]_i_1_n_0           |                                                     |                6 |              8 |
| ~desgin_1/avoidshake_0/inst/BUTTON_OUT           | desgin_1/DataMem_0/inst/ram[54][7]_i_1_n_0           |                                                     |                6 |              8 |
| ~desgin_1/avoidshake_0/inst/BUTTON_OUT           | desgin_1/DataMem_0/inst/ram[58][7]_i_1_n_0           |                                                     |                5 |              8 |
| ~desgin_1/avoidshake_0/inst/BUTTON_OUT           | desgin_1/DataMem_0/inst/ram[55][7]_i_1_n_0           |                                                     |                7 |              8 |
| ~desgin_1/avoidshake_0/inst/BUTTON_OUT           | desgin_1/DataMem_0/inst/ram[52][7]_i_1_n_0           |                                                     |                5 |              8 |
| ~desgin_1/avoidshake_0/inst/BUTTON_OUT           | desgin_1/DataMem_0/inst/ram[0][7]_i_1_n_0            |                                                     |                5 |              8 |
| ~desgin_1/avoidshake_0/inst/BUTTON_OUT           | desgin_1/DataMem_0/inst/ram[17][7]_i_1_n_0           |                                                     |                6 |              8 |
| ~desgin_1/avoidshake_0/inst/BUTTON_OUT           | desgin_1/DataMem_0/inst/ram[23][7]_i_1_n_0           |                                                     |                5 |              8 |
| ~desgin_1/avoidshake_0/inst/BUTTON_OUT           | desgin_1/DataMem_0/inst/ram[19][7]_i_1_n_0           |                                                     |                6 |              8 |
| ~desgin_1/avoidshake_0/inst/BUTTON_OUT           | desgin_1/DataMem_0/inst/ram[29][7]_i_1_n_0           |                                                     |                5 |              8 |
| ~desgin_1/avoidshake_0/inst/BUTTON_OUT           | desgin_1/DataMem_0/inst/ram[15][7]_i_1_n_0           |                                                     |                5 |              8 |
| ~desgin_1/avoidshake_0/inst/BUTTON_OUT           | desgin_1/DataMem_0/inst/ram[14][7]_i_1_n_0           |                                                     |                5 |              8 |
| ~desgin_1/avoidshake_0/inst/BUTTON_OUT           | desgin_1/DataMem_0/inst/ram[2][7]_i_1_n_0            |                                                     |                6 |              8 |
| ~desgin_1/avoidshake_0/inst/BUTTON_OUT           | desgin_1/DataMem_0/inst/ram[20][7]_i_1_n_0           |                                                     |                5 |              8 |
| ~desgin_1/avoidshake_0/inst/BUTTON_OUT           | desgin_1/DataMem_0/inst/ram[13][7]_i_1_n_0           |                                                     |                5 |              8 |
| ~desgin_1/avoidshake_0/inst/BUTTON_OUT           | desgin_1/DataMem_0/inst/ram[10][7]_i_1_n_0           |                                                     |                7 |              8 |
| ~desgin_1/avoidshake_0/inst/BUTTON_OUT           | desgin_1/DataMem_0/inst/ram[21][7]_i_1_n_0           |                                                     |                5 |              8 |
| ~desgin_1/avoidshake_0/inst/BUTTON_OUT           | desgin_1/DataMem_0/inst/ram[22][7]_i_1_n_0           |                                                     |                5 |              8 |
| ~desgin_1/avoidshake_0/inst/BUTTON_OUT           | desgin_1/DataMem_0/inst/ram[26][7]_i_1_n_0           |                                                     |                5 |              8 |
| ~desgin_1/avoidshake_0/inst/BUTTON_OUT           | desgin_1/DataMem_0/inst/ram[27][7]_i_1_n_0           |                                                     |                5 |              8 |
| ~desgin_1/avoidshake_0/inst/BUTTON_OUT           | desgin_1/DataMem_0/inst/ram[28][7]_i_1_n_0           |                                                     |                6 |              8 |
| ~desgin_1/avoidshake_0/inst/BUTTON_OUT           | desgin_1/DataMem_0/inst/ram[12][7]_i_1_n_0           |                                                     |                4 |              8 |
| ~desgin_1/avoidshake_0/inst/BUTTON_OUT           | desgin_1/DataMem_0/inst/ram[11][7]_i_1_n_0           |                                                     |                4 |              8 |
| ~desgin_1/avoidshake_0/inst/BUTTON_OUT           | desgin_1/DataMem_0/inst/ram[16][7]_i_1_n_0           |                                                     |                5 |              8 |
| ~desgin_1/avoidshake_0/inst/BUTTON_OUT           | desgin_1/DataMem_0/inst/ram[30][7]_i_1_n_0           |                                                     |                5 |              8 |
| ~desgin_1/avoidshake_0/inst/BUTTON_OUT           | desgin_1/DataMem_0/inst/ram[1][7]_i_1_n_0            |                                                     |                5 |              8 |
| ~desgin_1/avoidshake_0/inst/BUTTON_OUT           | desgin_1/DataMem_0/inst/ram[25][7]_i_1_n_0           |                                                     |                6 |              8 |
| ~desgin_1/avoidshake_0/inst/BUTTON_OUT           | desgin_1/DataMem_0/inst/ram[24][7]_i_1_n_0           |                                                     |                5 |              8 |
| ~desgin_1/avoidshake_0/inst/BUTTON_OUT           | desgin_1/DataMem_0/inst/ram[9][7]_i_1_n_0            |                                                     |                5 |              8 |
| ~desgin_1/avoidshake_0/inst/BUTTON_OUT           | desgin_1/DataMem_0/inst/ram[8][7]_i_1_n_0            |                                                     |                5 |              8 |
| ~desgin_1/avoidshake_0/inst/BUTTON_OUT           | desgin_1/DataMem_0/inst/ram[7][7]_i_1_n_0            |                                                     |                6 |              8 |
| ~desgin_1/avoidshake_0/inst/BUTTON_OUT           | desgin_1/DataMem_0/inst/ram[6][7]_i_1_n_0            |                                                     |                6 |              8 |
|  desgin_1/avoidshake_0/inst/BUTTON_OUT           | Reset_IBUF                                           | desgin_1/PC/inst/Outputpc[31]_i_1_n_0               |                4 |              9 |
|  desgin_1/choose_0/inst/Outputpc_reg[31]_i_2_n_0 |                                                      |                                                     |                3 |              9 |
|  CLK_IBUF_BUFG                                   | desgin_1/clk_40hz_0/inst/q[40]_i_1_n_0               | clr_IBUF                                            |               10 |             41 |
|  CLK_IBUF_BUFG                                   | desgin_1/CLK_div1_0/inst/q[40]_i_1_n_0               | clr_IBUF                                            |               18 |             41 |
+--------------------------------------------------+------------------------------------------------------+-----------------------------------------------------+------------------+----------------+


+--------+-----------------------+
| Fanout | Number of ControlSets |
+--------+-----------------------+
| 2      |                     2 |
| 3      |                     1 |
| 4      |                   256 |
| 8      |                    61 |
| 9      |                     2 |
| 16+    |                     2 |
+--------+-----------------------+


