Unable to capture context for thread 11860 in process 7100, can not generate back trace
Unable to capture context for thread 12352 in process 7100, can not generate back trace
Exception at PC 0x00007FFF17109E08
Unable to capture context for thread 11860 in process 7100, can not generate back trace
Unable to capture context for thread 12352 in process 7100, can not generate back trace
Unable to capture context for thread 2580 in process 7100, can not generate back trace
Exception at PC 0x00007FFEB892BB93
Printing stacktrace...

Exception at PC 0x00007FFF17109E08
Exception at PC 0x00007FFF17109E08
Exception at PC 0x00007FFF17109E08
Exception at PC 0x00007FFF17109E08
Exception at PC 0x00007FFF17109E08
Exception at PC 0x00007FFF17109E08
Exception at PC 0x00007FFF17109E08
Exception at PC 0x00007FFF17109E08
Exception at PC 0x00007FFF17109E08
Exception at PC 0x00007FFF17109E08
Exception at PC 0x00007FFF17109E08
Exception at PC 0x00007FFF17109E08
Exception at PC 0x00007FFF17109E08
Exception at PC 0x00007FFF17109E08
Exception at PC 0x00007FFF17109E08
Exception at PC 0x00007FFF17109E08
[0]  [0x00007FFEB892BB93]
[1]  [0x00007FFEB892BB93]
[2]  [0x00007FFEB892B4A1]
[3]  [0x00007FFEB892B3EF]
[4]  [0x00007FFEB89119FE]
[5]  [0x00007FFEB8910ED1]
[6]  [0x00007FFEB8910D76]
[7]  [0x00007FFEB88B79F6]
[8]  [0x00007FFEB88A7AFB]
[9]  [0x00007FFEB89CE90A]
[10]  [0x00007FFEB89E9F87]
[11]  [0x00007FFEB89EA05F]
[12] (BaseThreadInitThunk+0x14) [0x00007FFF19FC2774]
[13] (RtlUserThreadStart+0x21) [0x00007FFF1AB70D61]
Done
