Vivado Simulator 2016.4
Copyright 1986-1999, 2001-2016 Xilinx, Inc. All Rights Reserved.
Running: C:/Xilinx/Vivado/2016.4/bin/unwrapped/win64.o/xelab.exe -wto 491b02f45606459fa1b981e85952b62c --debug typical --relax --mt 2 -L xil_defaultlib -L unisims_ver -L unimacro_ver -L secureip -L xpm --snapshot ALU_behav xil_defaultlib.ALU xil_defaultlib.glbl -log elaborate.log 
Using 2 slave threads.
Starting static elaboration
Completed static elaboration
Starting simulation data flow analysis
Completed simulation data flow analysis
Time Resolution for simulation is 1ps
Compiling module xil_defaultlib.decode138
Compiling module xil_defaultlib.ALU_decode138_0_0
Compiling module xil_defaultlib.mux_8_to_1
Compiling module xil_defaultlib.ALU_mux_8_to_1_0_0
Compiling module xil_defaultlib.xup_and2
Compiling module xil_defaultlib.ALU_xup_and2_0_0
Compiling module xil_defaultlib.xup_inv
Compiling module xil_defaultlib.ALU_xup_inv_0_0
Compiling module xil_defaultlib.ALU_xup_inv_0_1
Compiling module xil_defaultlib.ALU_xup_inv_0_2
Compiling module xil_defaultlib.ALU_xup_inv_0_3
Compiling module xil_defaultlib.ALU_xup_inv_4_0
Compiling module xil_defaultlib.xup_nand2
Compiling module xil_defaultlib.ALU_xup_nand2_1_0
Compiling module xil_defaultlib.xup_nand3
Compiling module xil_defaultlib.ALU_xup_nand3_0_0
Compiling module xil_defaultlib.ALU_xup_nand3_0_1
Compiling module xil_defaultlib.xup_nand4
Compiling module xil_defaultlib.ALU_xup_nand4_0_0
Compiling module xil_defaultlib.ALU_xup_nand4_0_1
Compiling module xil_defaultlib.ALU_xup_nand4_0_2
Compiling module xil_defaultlib.ALU_xup_nand4_1_0
Compiling module xil_defaultlib.ALU_xup_nand4_1_1
Compiling module xil_defaultlib.xup_nand5
Compiling module xil_defaultlib.ALU_xup_nand5_0_0
Compiling module xil_defaultlib.xup_or2
Compiling module xil_defaultlib.ALU_xup_or2_0_0
Compiling module xil_defaultlib.xup_xor2
Compiling module xil_defaultlib.ALU_xup_xor2_0_0
Compiling module xil_defaultlib.ALU
Compiling module xil_defaultlib.glbl
Built simulation snapshot ALU_behav
