Exception at PC 0x00007FFACDD63FB8
Exception at PC 0x00007FFACDD63FB8
Exception at PC 0x00007FFACDD63FB8
Exception at PC 0x00007FFACDD63FB8
Exception at PC 0x00007FFACDD63FB8
Exception at PC 0x00007FFA5C5EE132
Attemped to write at address 0x00007FFA9E4B4AA4
Printing stacktrace...

[0]  [0x00007FFA5C5EE132]
[1]  [0x00007FFA5C5EE132]
[2]  [0x00007FFA5C5EE194]
[3]  [0x00007FFA5C23D0D7]
[4]  [0x00007FFA5C122BCA]
[5]  [0x00007FFA5C122FD1]
[6]  [0x00007FFA5C5EEB2F]
[7]  [0x00007FFA5C4AC19D]
[8]  [0x00007FFA5C4A5942]
[9]  [0x00007FFA5C4A5AB5]
[10] (RtlDeactivateActivationContextUnsafeFast+0x1b3) [0x00007FFAD0E71473]
[11] (LdrShutdownProcess+0x125) [0x00007FFAD0EA0695]
[12] (RtlExitUserProcess+0xb4) [0x00007FFAD0EA0554]
[13] (ExitProcess+0xa) [0x00007FFAD068F06A]
[14] (exit+0x75) [0x00007FFAD0C69B25]
[15] (initterm_e+0x21d) [0x00007FFAD0C6A16D]
[16]  [0x00000000004014CD]
[17]  [0x000000000040151B]
[18] (BaseThreadInitThunk+0x14) [0x00007FFAD0691FE4]
[19] (RtlUserThreadStart+0x21) [0x00007FFAD0ECEF91]
Done
