Exception at PC 0x00007FFC25299CEA
Exception at PC 0x00007FFC25299CEA
Exception at PC 0x00007FFC25299CEA
Exception at PC 0x00007FFC25299CEA
Exception at PC 0x00007FFC25299CEA
Exception at PC 0x00007FFC25299CEA
Exception at PC 0x00007FFC25299CEA
Exception at PC 0x00007FFC25298A2D
Exception at PC 0x00007FFC25299CEA
Exception at PC 0x00007FFC25299CEA
Unable to capture context for thread 5160 in process 2500, can not generate back trace
Unable to capture context for thread 9140 in process 2500, can not generate back trace
Exception at PC 0x00007FFBD2D4BB93
Printing stacktrace...

Unable to capture context for thread 9140 in process 2500, can not generate back trace
Exception at PC 0x00007FFC252C9E08
Exception at PC 0x00007FFC252C9E08
Exception at PC 0x00007FFC252C9E08
Exception at PC 0x00007FFC252C9E08
Exception at PC 0x00007FFC252C9E08
Exception at PC 0x00007FFC252C9E08
Exception at PC 0x00007FFC252C9E08
Exception at PC 0x00007FFC252C9E08
Exception at PC 0x00007FFC252C9E08
Exception at PC 0x00007FFC252C9E08
Exception at PC 0x00007FFC252C9E08
Exception at PC 0x00007FFC252C9E08
Exception at PC 0x00007FFC252C9E08
Exception at PC 0x00007FFC252C9E08
Exception at PC 0x00007FFC252C9E08
Exception at PC 0x00007FFC252C9E08
Exception at PC 0x00007FFC252C9E08
Exception at PC 0x00007FFC252C9E08
Exception at PC 0x00007FFC252C9E08
[0]  [0x00007FFBD2D4BB93]
[1]  [0x00007FFBD2D4BB93]
[2]  [0x00007FFBD2D4B4A1]
[3]  [0x00007FFBD2D4B3EF]
[4]  [0x00007FFBD2D319FE]
[5]  [0x00007FFBD2D30ED1]
[6]  [0x00007FFBD2D30D76]
[7]  [0x00007FFBD2CD79F6]
[8]  [0x00007FFBD2CC7AFB]
[9]  [0x00007FFBD2DEE90A]
[10]  [0x00007FFBD2E09F87]
[11]  [0x00007FFBD2E0A05F]
[12] (BaseThreadInitThunk+0x14) [0x00007FFC272C2774]
[13] (RtlUserThreadStart+0x21) [0x00007FFC28DB0D61]
Done
Exception at PC 0x00007FFC25299CEA
Exception at PC 0x00007FFC25299CEA
