Copyright 1986-2017 Xilinx, Inc. All Rights Reserved.
-------------------------------------------------------------------------------------------------------------------------------------------
| Tool Version     : Vivado v.2017.3 (win64) Build 2018833 Wed Oct  4 19:58:22 MDT 2017
| Date             : Wed Nov 22 16:40:47 2017
| Host             : XiaoXin running 64-bit major release  (build 9200)
| Command          : report_power -file TOP_CPU_power_routed.rpt -pb TOP_CPU_power_summary_routed.pb -rpx TOP_CPU_power_routed.rpx
| Design           : TOP_CPU
| Device           : xc7a35tcpg236-1
| Design State     : routed
| Grade            : commercial
| Process          : typical
| Characterization : Production
-------------------------------------------------------------------------------------------------------------------------------------------

Power Report

Table of Contents
-----------------
1. Summary
1.1 On-Chip Components
1.2 Power Supply Summary
1.3 Confidence Level
2. Settings
2.1 Environment
2.2 Clock Constraints
3. Detailed Reports
3.1 By Hierarchy

1. Summary
----------

+--------------------------+----------------------------------+
| Total On-Chip Power (W)  | 63.664 (Junction temp exceeded!) |
| Design Power Budget (W)  | Unspecified*                     |
| Power Budget Margin (W)  | NA                               |
| Dynamic (W)              | 63.178                           |
| Device Static (W)        | 0.486                            |
| Effective TJA (C/W)      | 5.0                              |
| Max Ambient (C)          | 0.0                              |
| Junction Temperature (C) | 125.0                            |
| Confidence Level         | Low                              |
| Setting File             | ---                              |
| Simulation Activity File | ---                              |
| Design Nets Matched      | NA                               |
+--------------------------+----------------------------------+
* Specify Design Power Budget using, set_operating_conditions -design_power_budget <value in Watts>


1.1 On-Chip Components
----------------------

+--------------------------+-----------+----------+-----------+-----------------+
| On-Chip                  | Power (W) | Used     | Available | Utilization (%) |
+--------------------------+-----------+----------+-----------+-----------------+
| Slice Logic              |    24.746 |     2758 |       --- |             --- |
|   LUT as Logic           |    23.894 |     1526 |     20800 |            7.34 |
|   LUT as Distributed RAM |     0.432 |       48 |      9600 |            0.50 |
|   F7/F8 Muxes            |     0.190 |      195 |     32600 |            0.60 |
|   CARRY4                 |     0.185 |       62 |      8150 |            0.76 |
|   Register               |     0.029 |      656 |     41600 |            1.58 |
|   BUFG                   |     0.017 |        3 |        32 |            9.38 |
|   Others                 |     0.000 |       22 |       --- |             --- |
| Signals                  |    25.725 |     2147 |       --- |             --- |
| I/O                      |    12.708 |       17 |       106 |           16.04 |
| Static Power             |     0.486 |          |           |                 |
| Total                    |    63.664 |          |           |                 |
+--------------------------+-----------+----------+-----------+-----------------+


1.2 Power Supply Summary
------------------------

+-----------+-------------+-----------+-------------+------------+
| Source    | Voltage (V) | Total (A) | Dynamic (A) | Static (A) |
+-----------+-------------+-----------+-------------+------------+
| Vccint    |       1.000 |    50.835 |      50.494 |      0.341 |
| Vccaux    |       1.800 |     0.518 |       0.465 |      0.053 |
| Vcco33    |       3.300 |     3.591 |       3.590 |      0.001 |
| Vcco25    |       2.500 |     0.000 |       0.000 |      0.000 |
| Vcco18    |       1.800 |     0.000 |       0.000 |      0.000 |
| Vcco15    |       1.500 |     0.000 |       0.000 |      0.000 |
| Vcco135   |       1.350 |     0.000 |       0.000 |      0.000 |
| Vcco12    |       1.200 |     0.000 |       0.000 |      0.000 |
| Vccaux_io |       1.800 |     0.000 |       0.000 |      0.000 |
| Vccbram   |       1.000 |     0.010 |       0.000 |      0.010 |
| MGTAVcc   |       1.000 |     0.000 |       0.000 |      0.000 |
| MGTAVtt   |       1.200 |     0.000 |       0.000 |      0.000 |
| Vccadc    |       1.800 |     0.020 |       0.000 |      0.020 |
+-----------+-------------+-----------+-------------+------------+


1.3 Confidence Level
--------------------

+-----------------------------+------------+--------------------------------------------------------+--------------------------------------------------------------------------------------------------------------------+
| User Input Data             | Confidence | Details                                                | Action                                                                                                             |
+-----------------------------+------------+--------------------------------------------------------+--------------------------------------------------------------------------------------------------------------------+
| Design implementation state | High       | Design is routed                                       |                                                                                                                    |
| Clock nodes activity        | Low        | User specified less than 75% of clocks                 | Provide missing clock activity with a constraint file, simulation results or by editing the "By Clock Domain" view |
| I/O nodes activity          | Low        | More than 75% of inputs are missing user specification | Provide missing input activity with simulation results or by editing the "By Resource Type -> I/Os" view           |
| Internal nodes activity     | Medium     | User specified less than 25% of internal nodes         | Provide missing internal nodes activity with simulation results or by editing the "By Resource Type" views         |
| Device models               | High       | Device models are Production                           |                                                                                                                    |
|                             |            |                                                        |                                                                                                                    |
| Overall confidence level    | Low        |                                                        |                                                                                                                    |
+-----------------------------+------------+--------------------------------------------------------+--------------------------------------------------------------------------------------------------------------------+


2. Settings
-----------

2.1 Environment
---------------

+-----------------------+--------------------------+
| Ambient Temp (C)      | 25.0                     |
| ThetaJA (C/W)         | 5.0                      |
| Airflow (LFM)         | 250                      |
| Heat Sink             | medium (Medium Profile)  |
| ThetaSA (C/W)         | 4.6                      |
| Board Selection       | medium (10"x10")         |
| # of Board Layers     | 12to15 (12 to 15 Layers) |
| Board Temperature (C) | 25.0                     |
+-----------------------+--------------------------+


2.2 Clock Constraints
---------------------

+-------+--------+-----------------+
| Clock | Domain | Constraint (ns) |
+-------+--------+-----------------+


3. Detailed Reports
-------------------

3.1 By Hierarchy
----------------

+---------------------------------+-----------+
| Name                            | Power (W) |
+---------------------------------+-----------+
| TOP_CPU                         |    63.178 |
|   button_in_CPUclk              |     0.074 |
|     clkdiv_40                   |     0.053 |
|     nolabel_line13              |     0.021 |
|   button_in_LEDreset            |     0.074 |
|     clkdiv_40                   |     0.040 |
|     nolabel_line13              |     0.033 |
|   button_in_PCreset             |     0.065 |
|     clkdiv_40                   |     0.048 |
|     nolabel_line13              |     0.017 |
|   clkdiv                        |     0.055 |
|   display                       |     0.059 |
|     segled                      |     0.059 |
|   singlecyclecpu                |    50.015 |
|     alu32                       |     0.968 |
|     curPC                       |    35.880 |
|     data_mem                    |     9.820 |
|     pc4_add_imm                 |     0.040 |
|     pc_add_4                    |     0.049 |
|     regfile                     |     2.337 |
|       regFile_reg_r1_0_31_0_5   |     0.114 |
|       regFile_reg_r1_0_31_12_17 |     0.108 |
|       regFile_reg_r1_0_31_18_23 |     0.097 |
|       regFile_reg_r1_0_31_24_29 |     0.093 |
|       regFile_reg_r1_0_31_30_31 |     0.036 |
|       regFile_reg_r1_0_31_6_11  |     0.119 |
|       regFile_reg_r2_0_31_0_5   |     0.063 |
|       regFile_reg_r2_0_31_12_17 |     0.114 |
|       regFile_reg_r2_0_31_18_23 |     0.108 |
|       regFile_reg_r2_0_31_24_29 |     0.108 |
|       regFile_reg_r2_0_31_30_31 |     0.042 |
|       regFile_reg_r2_0_31_6_11  |     0.116 |
+---------------------------------+-----------+


