2018-12-20 16:38:13,728 INFO o.a.j.u.JMeterUtils: Setting Locale to en_EN
2018-12-20 16:38:13,780 INFO o.a.j.JMeter: Loading user properties from: user.properties
2018-12-20 16:38:13,782 INFO o.a.j.JMeter: Loading system properties from: system.properties
2018-12-20 16:38:13,795 INFO o.a.j.JMeter: Copyright (c) 1998-2018 The Apache Software Foundation
2018-12-20 16:38:13,796 INFO o.a.j.JMeter: Version 5.0 r1840935
2018-12-20 16:38:13,796 INFO o.a.j.JMeter: java.version=1.8.0_192
2018-12-20 16:38:13,796 INFO o.a.j.JMeter: java.vm.name=Java HotSpot(TM) 64-Bit Server VM
2018-12-20 16:38:13,796 INFO o.a.j.JMeter: os.name=Windows 10
2018-12-20 16:38:13,796 INFO o.a.j.JMeter: os.arch=amd64
2018-12-20 16:38:13,796 INFO o.a.j.JMeter: os.version=10.0
2018-12-20 16:38:13,796 INFO o.a.j.JMeter: file.encoding=GBK
2018-12-20 16:38:13,797 INFO o.a.j.JMeter: Max memory     =1073741824
2018-12-20 16:38:13,797 INFO o.a.j.JMeter: Available Processors =4
2018-12-20 16:38:13,808 INFO o.a.j.JMeter: Default Locale=English (EN)
2018-12-20 16:38:13,809 INFO o.a.j.JMeter: JMeter  Locale=English (EN)
2018-12-20 16:38:13,809 INFO o.a.j.JMeter: JMeterHome=C:\Users\73974\OneDrive\MIP\homework2\apache-jmeter-5.0
2018-12-20 16:38:13,809 INFO o.a.j.JMeter: user.dir  =C:\Users\73974\OneDrive\MIP\homework2\apache-jmeter-5.0\bin
2018-12-20 16:38:13,810 INFO o.a.j.JMeter: PWD       =C:\Users\73974\OneDrive\MIP\homework2\apache-jmeter-5.0\bin
2018-12-20 16:38:13,821 INFO o.a.j.JMeter: IP: 172.19.19.78 Name: surface FullName: surface
2018-12-20 16:38:14,192 INFO o.a.j.g.a.LookAndFeelCommand: Installing Darcula LAF
2018-12-20 16:38:14,245 INFO o.a.j.g.a.LookAndFeelCommand: Using look and feel: com.bulenkov.darcula.DarculaLaf [Darcula]
2018-12-20 16:38:14,246 INFO o.a.j.JMeter: Setting LAF to: com.bulenkov.darcula.DarculaLaf
2018-12-20 16:38:14,347 INFO o.a.j.JMeter: Loaded icon properties from org/apache/jmeter/images/icon.properties
2018-12-20 16:38:15,113 INFO o.a.j.e.u.CompoundVariable: Note: Function class names must contain the string: '.functions.'
2018-12-20 16:38:15,113 INFO o.a.j.e.u.CompoundVariable: Note: Function class names must not contain the string: '.gui.'
2018-12-20 16:38:17,722 INFO o.a.j.p.h.s.HTTPSamplerBase: Parser for text/html is org.apache.jmeter.protocol.http.parser.LagartoBasedHtmlParser
2018-12-20 16:38:17,723 INFO o.a.j.p.h.s.HTTPSamplerBase: Parser for application/xhtml+xml is org.apache.jmeter.protocol.http.parser.LagartoBasedHtmlParser
2018-12-20 16:38:17,723 INFO o.a.j.p.h.s.HTTPSamplerBase: Parser for application/xml is org.apache.jmeter.protocol.http.parser.LagartoBasedHtmlParser
2018-12-20 16:38:17,723 INFO o.a.j.p.h.s.HTTPSamplerBase: Parser for text/xml is org.apache.jmeter.protocol.http.parser.LagartoBasedHtmlParser
2018-12-20 16:38:17,723 INFO o.a.j.p.h.s.HTTPSamplerBase: Parser for text/vnd.wap.wml is org.apache.jmeter.protocol.http.parser.RegexpHTMLParser
2018-12-20 16:38:17,723 INFO o.a.j.p.h.s.HTTPSamplerBase: Parser for text/css is org.apache.jmeter.protocol.http.parser.CssParser
2018-12-20 16:38:17,958 INFO o.a.j.e.KeyToolUtils: Exception checking for keytool existence, will return false, try another way.
2018-12-20 16:38:18,837 INFO o.a.j.e.KeyToolUtils: keytool found at 'C:\Program Files\Java\jre1.8.0_192\bin\keytool'
2018-12-20 16:38:18,838 INFO o.a.j.p.h.p.ProxyControl: HTTP(S) Test Script Recorder SSL Proxy will use keys that support embedded 3rd party resources in file C:\Users\73974\OneDrive\MIP\homework2\apache-jmeter-5.0\bin\proxyserver.jks
2018-12-20 16:38:19,050 INFO o.a.j.s.FileServer: Default base='C:\Users\73974\OneDrive\MIP\homework2\apache-jmeter-5.0\bin'
2018-12-20 16:38:20,044 INFO o.a.j.s.SampleResult: Note: Sample TimeStamps are START times
2018-12-20 16:38:20,045 INFO o.a.j.s.SampleResult: sampleresult.default.encoding is set to ISO-8859-1
2018-12-20 16:38:20,045 INFO o.a.j.s.SampleResult: sampleresult.useNanoTime=true
2018-12-20 16:38:20,045 INFO o.a.j.s.SampleResult: sampleresult.nanoThreadSleep=5000
2018-12-20 16:38:27,987 INFO o.a.j.g.a.Load: Loading file: C:\Users\73974\OneDrive\MIP\homework2\apache-jmeter-5.0\bin\HTTP Request.jmx
2018-12-20 16:38:27,988 INFO o.a.j.s.FileServer: Set new base='C:\Users\73974\OneDrive\MIP\homework2\apache-jmeter-5.0\bin'
2018-12-20 16:38:28,257 INFO o.a.j.s.SaveService: Testplan (JMX) version: 2.2. Testlog (JTL) version: 2.2
2018-12-20 16:38:28,290 INFO o.a.j.s.SaveService: Using SaveService properties file encoding UTF-8
2018-12-20 16:38:28,292 INFO o.a.j.s.SaveService: Using SaveService properties version 5.0
2018-12-20 16:38:28,296 INFO o.a.j.s.SaveService: Loading file: C:\Users\73974\OneDrive\MIP\homework2\apache-jmeter-5.0\bin\HTTP Request.jmx
2018-12-20 16:38:28,444 INFO o.a.j.s.FileServer: Set new base='C:\Users\73974\OneDrive\MIP\homework2\apache-jmeter-5.0\bin'
