Exception at PC 0x00007FFF97B29E08
Exception at PC 0x00007FFF97B29E08
Unable to capture context for thread 11808 in process 2956, can not generate back trace
Unable to capture context for thread 1784 in process 2956, can not generate back trace
Unable to capture context for thread 2892 in process 2956, can not generate back trace
Unable to capture context for thread 11808 in process 2956, can not generate back trace
Unable to capture context for thread 1784 in process 2956, can not generate back trace
Unable to capture context for thread 2892 in process 2956, can not generate back trace
Exception at PC 0x00007FFF23ECBB93
Printing stacktrace...

Exception at PC 0x00007FFF97B29E08
Exception at PC 0x00007FFF97B29E08
Exception at PC 0x00007FFF97B29E08
Exception at PC 0x00007FFF97B29E08
Exception at PC 0x00007FFF97B29E08
Exception at PC 0x00007FFF97B29E08
Exception at PC 0x00007FFF97B29E08
Exception at PC 0x00007FFF97B29E08
Exception at PC 0x00007FFF97B29E08
Exception at PC 0x00007FFF97B29E08
Exception at PC 0x00007FFF97B29E08
Exception at PC 0x00007FFF97B29E08
[0]  [0x00007FFF23ECBB93]
[1]  [0x00007FFF23ECBB93]
[2]  [0x00007FFF23ECB4A1]
[3]  [0x00007FFF23ECB3EF]
[4]  [0x00007FFF23EB19FE]
[5]  [0x00007FFF23EB0ED1]
[6]  [0x00007FFF23EB0D76]
[7]  [0x00007FFF23E579F6]
[8]  [0x00007FFF23E47AFB]
[9]  [0x00007FFF23F6E90A]
[10]  [0x00007FFF23F89F87]
[11]  [0x00007FFF23F8A05F]
[12] (BaseThreadInitThunk+0x14) [0x00007FFF99E22774]
[13] (RtlUserThreadStart+0x21) [0x00007FFF9A820D61]
Done
Exception at PC 0x00007FFF97B29E08
Exception at PC 0x00007FFF97B29E08
Exception at PC 0x00007FFF97B29E08
Exception at PC 0x00007FFF97B29E08
Exception at PC 0x00007FFF23BD1A52
Attemped to write at address 0x00007FFF59A59BA4
Printing stacktrace...

[0]  [0x00007FFF23BD1A52]
[1]  [0x00007FFF23BD1A52]
[2]  [0x00007FFF23BD1AD4]
[3]  [0x00007FFF23D13FF7]
[4]  [0x00007FFF23BF9128]
[5]  [0x00007FFF23EADFB9]
[6]  [0x00007FFF2407EF23]
[7]  [0x00007FFF23F8B06B]
[8]  [0x00007FFF23F808AF]
[9]  [0x00007FFF23F80A32]
[10] (RtlDeactivateActivationContextUnsafeFast+0x1af) [0x00007FFF9A7D486F]
[11] (LdrShutdownProcess+0x12c) [0x00007FFF9A7FD44C]
[12] (RtlExitUserProcess+0xb4) [0x00007FFF9A7FD304]
[13] (FatalExit+0xa) [0x00007FFF99E2C0DA]
[14] (exit+0x75) [0x00007FFF99FAA045]
[15] (initterm_e+0x21d) [0x00007FFF99FAA68D]
[16]  [0x00000000004014CD]
[17]  [0x000000000040151B]
[18] (BaseThreadInitThunk+0x14) [0x00007FFF99E22774]
[19] (RtlUserThreadStart+0x21) [0x00007FFF9A820D61]
Done
