
*** Running vivado
    with args -log ios.vdi -applog -m64 -messageDb vivado.pb -mode batch -source ios.tcl -notrace


****** Vivado v2014.2 (64-bit)
  **** SW Build 932637 on Wed Jun 11 13:33:10 MDT 2014
  **** IP Build 924643 on Fri May 30 09:20:16 MDT 2014
    ** Copyright 1986-2014 Xilinx, Inc. All Rights Reserved.

source ios.tcl -notrace
Design is defaulting to srcset: sources_1
Design is defaulting to constrset: constrs_1
INFO: [Netlist 29-17] Analyzing 4 Unisim elements for replacement
INFO: [Netlist 29-28] Unisim Transformation completed in 0 CPU seconds
INFO: [Project 1-479] Netlist was created with Vivado 2014.2
Loading clock regions from C:/Xilinx/Vivado/2014.2/data\parts/xilinx/artix7/artix7/xc7a35t/ClockRegion.xml
Loading clock buffers from C:/Xilinx/Vivado/2014.2/data\parts/xilinx/artix7/artix7/xc7a35t/ClockBuffers.xml
Loading clock placement rules from C:/Xilinx/Vivado/2014.2/data/parts/xilinx/artix7/ClockPlacerRules.xml
Loading package pin functions from C:/Xilinx/Vivado/2014.2/data\parts/xilinx/artix7/PinFunctions.xml...
Loading package from C:/Xilinx/Vivado/2014.2/data\parts/xilinx/artix7/artix7/xc7a35t/cpg236/Package.xml
Loading io standards from C:/Xilinx/Vivado/2014.2/data\./parts/xilinx/artix7/IOStandards.xml
Loading device configuration modes from C:/Xilinx/Vivado/2014.2/data\parts/xilinx/artix7/ConfigModes.xml
INFO: [Opt 31-140] Inserted 0 IBUFs to IO ports without IO buffers.
INFO: [Opt 31-141] Inserted 0 OBUFs to IO ports without IO buffers.
Parsing XDC File [C:/xup/fpga_flow/2014_2_artix7_labs/lab5/lab5.srcs/constrs_1/new/uart_led.xdc]
Finished Parsing XDC File [C:/xup/fpga_flow/2014_2_artix7_labs/lab5/lab5.srcs/constrs_1/new/uart_led.xdc]
INFO: [Opt 31-138] Pushed 0 inverter(s) to 0 load pin(s).
INFO: [Project 1-111] Unisim Transformation Summary:
No Unisim elements were transformed.

link_design: Time (s): cpu = 00:00:08 ; elapsed = 00:00:08 . Memory (MB): peak = 434.949 ; gain = 248.035
Command: opt_design
Attempting to get a license for feature 'Implementation' and/or device 'xc7a35t'
INFO: [Common 17-349] Got license for feature 'Implementation' and/or device 'xc7a35t'
Running DRC as a precondition to command opt_design

Starting DRC Task
INFO: [Drc 23-27] Running DRC with 2 threads
INFO: [Project 1-461] DRC finished with 0 Errors
INFO: [Project 1-462] Please refer to the DRC report (report_drc) for more information.

Time (s): cpu = 00:00:00 ; elapsed = 00:00:00.215 . Memory (MB): peak = 437.043 ; gain = 1.086
INFO: [Timing 38-35] Done setting XDC timing constraints.

Starting Logic Optimization Task

Phase 1 Retarget

INFO: [Opt 31-138] Pushed 0 inverter(s) to 0 load pin(s).
INFO: [Opt 31-49] Retargeted 0 cell(s).
Phase 1 Retarget | Checksum: 1cc744eae

Time (s): cpu = 00:00:00 ; elapsed = 00:00:00.007 . Memory (MB): peak = 852.574 ; gain = 0.000

Phase 2 Constant Propagation
INFO: [Opt 31-138] Pushed 0 inverter(s) to 0 load pin(s).
INFO: [Opt 31-10] Eliminated 0 cells.
Phase 2 Constant Propagation | Checksum: 1cc744eae

Time (s): cpu = 00:00:00 ; elapsed = 00:00:00.013 . Memory (MB): peak = 852.574 ; gain = 0.000

Phase 3 Sweep
INFO: [Opt 31-12] Eliminated 0 unconnected nets.
INFO: [Opt 31-140] Inserted 0 IBUFs to IO ports without IO buffers.
INFO: [Opt 31-141] Inserted 0 OBUFs to IO ports without IO buffers.
INFO: [Opt 31-11] Eliminated 0 unconnected cells.
Phase 3 Sweep | Checksum: 1cc744eae

Time (s): cpu = 00:00:00 ; elapsed = 00:00:00.020 . Memory (MB): peak = 852.574 ; gain = 0.000
Ending Logic Optimization Task | Checksum: 1cc744eae

Time (s): cpu = 00:00:00 ; elapsed = 00:00:00.022 . Memory (MB): peak = 852.574 ; gain = 0.000
Implement Debug Cores | Checksum: 1cc744eae
Logic Optimization | Checksum: 1cc744eae

Starting Power Optimization Task
INFO: [Pwropt 34-132] Will skip clock gating for clocks with period < 3.13 ns.
Ending Power Optimization Task | Checksum: 1cc744eae

Time (s): cpu = 00:00:00 ; elapsed = 00:00:00.009 . Memory (MB): peak = 852.574 ; gain = 0.000
INFO: [Common 17-83] Releasing license: Implementation
22 Infos, 0 Warnings, 0 Critical Warnings and 0 Errors encountered.
opt_design completed successfully
opt_design: Time (s): cpu = 00:00:30 ; elapsed = 00:00:31 . Memory (MB): peak = 852.574 ; gain = 417.625
Writing XDEF routing.
Writing XDEF routing logical nets.
Writing XDEF routing special nets.
Write XDEF Complete: Time (s): cpu = 00:00:00 ; elapsed = 00:00:00.138 . Memory (MB): peak = 852.574 ; gain = 0.000
Command: place_design
Attempting to get a license for feature 'Implementation' and/or device 'xc7a35t'
INFO: [Common 17-349] Got license for feature 'Implementation' and/or device 'xc7a35t'
Running DRC as a precondition to command place_design
INFO: [Drc 23-27] Running DRC with 2 threads
INFO: [Vivado_Tcl 4-198] DRC finished with 0 Errors
INFO: [Vivado_Tcl 4-199] Please refer to the DRC report (report_drc) for more information.

Starting Placer Task
INFO: [Place 30-611] Multithreading enabled for place_design using a maximum of 2 CPUs

Phase 1 Placer Runtime Estimator
Phase 1 Placer Runtime Estimator | Checksum: da32d9b2

Time (s): cpu = 00:00:00 ; elapsed = 00:00:00.071 . Memory (MB): peak = 852.574 ; gain = 0.000

Phase 2 Placer Initialization

Phase 2.1 Placer Initialization Core
Netlist sorting complete. Time (s): cpu = 00:00:00 ; elapsed = 00:00:00.001 . Memory (MB): peak = 852.574 ; gain = 0.000

Phase 2.1.1 Mandatory Logic Optimization
Netlist sorting complete. Time (s): cpu = 00:00:00 ; elapsed = 00:00:00.001 . Memory (MB): peak = 852.574 ; gain = 0.000
Phase 2.1.1 Mandatory Logic Optimization | Checksum: 32b2b573

Time (s): cpu = 00:00:00 ; elapsed = 00:00:00.075 . Memory (MB): peak = 852.574 ; gain = 0.000

Phase 2.1.2 Build Super Logic Region (SLR) Database
Phase 2.1.2 Build Super Logic Region (SLR) Database | Checksum: 32b2b573

Time (s): cpu = 00:00:00 ; elapsed = 00:00:00.100 . Memory (MB): peak = 852.574 ; gain = 0.000

Phase 2.1.3 Add Constraints
Phase 2.1.3 Add Constraints | Checksum: 32b2b573

Time (s): cpu = 00:00:00 ; elapsed = 00:00:00.102 . Memory (MB): peak = 852.574 ; gain = 0.000

Phase 2.1.4 Build Shapes/ HD Config

Phase 2.1.4.1 Build Macros
Phase 2.1.4.1 Build Macros | Checksum: 9df5e7a9

Time (s): cpu = 00:00:00 ; elapsed = 00:00:00.154 . Memory (MB): peak = 852.574 ; gain = 0.000
Phase 2.1.4 Build Shapes/ HD Config | Checksum: 9df5e7a9

Time (s): cpu = 00:00:00 ; elapsed = 00:00:00.155 . Memory (MB): peak = 852.574 ; gain = 0.000

Phase 2.1.5 IO Placement/ Clock Placement/ Build Placer Device

Phase 2.1.5.1 Pre-Place Cells
Phase 2.1.5.1 Pre-Place Cells | Checksum: 32b2b573

Time (s): cpu = 00:00:00 ; elapsed = 00:00:00.162 . Memory (MB): peak = 852.574 ; gain = 0.000
INFO: [Timing 38-35] Done setting XDC timing constraints.

Phase 2.1.5.2 IO & Clk Clean Up
Phase 2.1.5.2 IO & Clk Clean Up | Checksum: 32b2b573

Time (s): cpu = 00:00:01 ; elapsed = 00:00:00.538 . Memory (MB): peak = 852.574 ; gain = 0.000

Phase 2.1.5.3 Implementation Feasibility check On IDelay
Phase 2.1.5.3 Implementation Feasibility check On IDelay | Checksum: 32b2b573

Time (s): cpu = 00:00:01 ; elapsed = 00:00:00.944 . Memory (MB): peak = 852.574 ; gain = 0.000

Phase 2.1.5.4 Commit IO Placement
Phase 2.1.5.4 Commit IO Placement | Checksum: 6650b7db

Time (s): cpu = 00:00:01 ; elapsed = 00:00:00.946 . Memory (MB): peak = 852.574 ; gain = 0.000
Phase 2.1.5 IO Placement/ Clock Placement/ Build Placer Device | Checksum: d193ea11

Time (s): cpu = 00:00:01 ; elapsed = 00:00:00.948 . Memory (MB): peak = 852.574 ; gain = 0.000

Phase 2.1.6 Build Placer Netlist Model

Phase 2.1.6.1 Place Init Design

Phase 2.1.6.1.1 Init Lut Pin Assignment
Phase 2.1.6.1.1 Init Lut Pin Assignment | Checksum: 196dfbee8

Time (s): cpu = 00:00:01 ; elapsed = 00:00:00.978 . Memory (MB): peak = 852.574 ; gain = 0.000

Phase 2.1.6.1.2 Build Clock Data
Phase 2.1.6.1.2 Build Clock Data | Checksum: 1546efc0b

Time (s): cpu = 00:00:01 ; elapsed = 00:00:01 . Memory (MB): peak = 852.574 ; gain = 0.000

Phase 2.1.6.1.3 setBudgets in placeInitDesign
Phase 2.1.6.1.3 setBudgets in placeInitDesign | Checksum: 1586ba869

Time (s): cpu = 00:00:01 ; elapsed = 00:00:01 . Memory (MB): peak = 852.574 ; gain = 0.000
Phase 2.1.6.1 Place Init Design | Checksum: d346d4f2

Time (s): cpu = 00:00:01 ; elapsed = 00:00:01 . Memory (MB): peak = 852.574 ; gain = 0.000
Phase 2.1.6 Build Placer Netlist Model | Checksum: d346d4f2

Time (s): cpu = 00:00:01 ; elapsed = 00:00:01 . Memory (MB): peak = 852.574 ; gain = 0.000

Phase 2.1.7 Constrain Clocks/Macros

Phase 2.1.7.1 Constrain Global/Regional Clocks
Phase 2.1.7.1 Constrain Global/Regional Clocks | Checksum: d346d4f2

Time (s): cpu = 00:00:01 ; elapsed = 00:00:01 . Memory (MB): peak = 852.574 ; gain = 0.000
Phase 2.1.7 Constrain Clocks/Macros | Checksum: d346d4f2

Time (s): cpu = 00:00:01 ; elapsed = 00:00:01 . Memory (MB): peak = 852.574 ; gain = 0.000
Phase 2.1 Placer Initialization Core | Checksum: d346d4f2

Time (s): cpu = 00:00:01 ; elapsed = 00:00:01 . Memory (MB): peak = 852.574 ; gain = 0.000
Phase 2 Placer Initialization | Checksum: d346d4f2

Time (s): cpu = 00:00:01 ; elapsed = 00:00:01 . Memory (MB): peak = 852.574 ; gain = 0.000

Phase 3 Global Placement

Phase 3.1 Run Budgeter
Phase 3.1 Run Budgeter | Checksum: 10c0464ab

Time (s): cpu = 00:00:01 ; elapsed = 00:00:01 . Memory (MB): peak = 852.574 ; gain = 0.000
Phase 3 Global Placement | Checksum: d4de4f50

Time (s): cpu = 00:00:02 ; elapsed = 00:00:02 . Memory (MB): peak = 852.574 ; gain = 0.000

Phase 4 Detail Placement

Phase 4.1 Commit Multi Column Macros
Phase 4.1 Commit Multi Column Macros | Checksum: d4de4f50

Time (s): cpu = 00:00:02 ; elapsed = 00:00:02 . Memory (MB): peak = 852.574 ; gain = 0.000

Phase 4.2 Commit Most Macros & LUTRAMs
Phase 4.2 Commit Most Macros & LUTRAMs | Checksum: 18358ad7d

Time (s): cpu = 00:00:02 ; elapsed = 00:00:02 . Memory (MB): peak = 852.574 ; gain = 0.000

Phase 4.3 Area Swap Optimization
Phase 4.3 Area Swap Optimization | Checksum: 155571050

Time (s): cpu = 00:00:02 ; elapsed = 00:00:02 . Memory (MB): peak = 852.574 ; gain = 0.000

Phase 4.4 Timing Path Optimizer
Phase 4.4 Timing Path Optimizer | Checksum: 1c2e0899c

Time (s): cpu = 00:00:02 ; elapsed = 00:00:02 . Memory (MB): peak = 852.574 ; gain = 0.000

Phase 4.5 Commit Small Macros & Core Logic

Phase 4.5.1 setBudgets
Phase 4.5.1 setBudgets | Checksum: 1ce4feb18

Time (s): cpu = 00:00:02 ; elapsed = 00:00:02 . Memory (MB): peak = 852.574 ; gain = 0.000
Phase 4.5 Commit Small Macros & Core Logic | Checksum: 19b2fca5e

Time (s): cpu = 00:00:02 ; elapsed = 00:00:02 . Memory (MB): peak = 852.574 ; gain = 0.000

Phase 4.6 Re-assign LUT pins
Phase 4.6 Re-assign LUT pins | Checksum: 19b2fca5e

Time (s): cpu = 00:00:03 ; elapsed = 00:00:02 . Memory (MB): peak = 852.574 ; gain = 0.000
Phase 4 Detail Placement | Checksum: 19b2fca5e

Time (s): cpu = 00:00:03 ; elapsed = 00:00:02 . Memory (MB): peak = 852.574 ; gain = 0.000

Phase 5 Post Placement Optimization and Clean-Up

Phase 5.1 PCOPT Shape updates
Phase 5.1 PCOPT Shape updates | Checksum: 1d01c4434

Time (s): cpu = 00:00:03 ; elapsed = 00:00:02 . Memory (MB): peak = 852.574 ; gain = 0.000

Phase 5.2 Post Placement Optimization

Phase 5.2.1 Post Placement Timing Optimization

Phase 5.2.1.1 Restore Best Placement
Phase 5.2.1.1 Restore Best Placement | Checksum: 1f22c7a52

Time (s): cpu = 00:00:03 ; elapsed = 00:00:02 . Memory (MB): peak = 859.461 ; gain = 6.887
INFO: [Place 30-746] Post Placement Timing Summary WNS=0.410. For the most accurate timing information please run report_timing.
Phase 5.2.1 Post Placement Timing Optimization | Checksum: 1f22c7a52

Time (s): cpu = 00:00:03 ; elapsed = 00:00:02 . Memory (MB): peak = 859.461 ; gain = 6.887
Phase 5.2 Post Placement Optimization | Checksum: 1f22c7a52

Time (s): cpu = 00:00:03 ; elapsed = 00:00:02 . Memory (MB): peak = 859.461 ; gain = 6.887

Phase 5.3 Post Placement Cleanup
Phase 5.3 Post Placement Cleanup | Checksum: 1f22c7a52

Time (s): cpu = 00:00:03 ; elapsed = 00:00:02 . Memory (MB): peak = 859.461 ; gain = 6.887

Phase 5.4 Placer Reporting

Phase 5.4.1 Restore STA
Phase 5.4.1 Restore STA | Checksum: 1f22c7a52

Time (s): cpu = 00:00:03 ; elapsed = 00:00:02 . Memory (MB): peak = 859.461 ; gain = 6.887
Phase 5.4 Placer Reporting | Checksum: 1f22c7a52

Time (s): cpu = 00:00:03 ; elapsed = 00:00:02 . Memory (MB): peak = 859.461 ; gain = 6.887

Phase 5.5 Final Placement Cleanup
Phase 5.5 Final Placement Cleanup | Checksum: 24b7e2242

Time (s): cpu = 00:00:03 ; elapsed = 00:00:02 . Memory (MB): peak = 859.461 ; gain = 6.887
Phase 5 Post Placement Optimization and Clean-Up | Checksum: 24b7e2242

Time (s): cpu = 00:00:03 ; elapsed = 00:00:02 . Memory (MB): peak = 859.461 ; gain = 6.887
Ending Placer Task | Checksum: 187031cd5

Time (s): cpu = 00:00:00 ; elapsed = 00:00:02 . Memory (MB): peak = 859.461 ; gain = 6.887
INFO: [Common 17-83] Releasing license: Implementation
30 Infos, 0 Warnings, 0 Critical Warnings and 0 Errors encountered.
place_design completed successfully
Writing XDEF routing.
Writing XDEF routing logical nets.
Writing XDEF routing special nets.
Write XDEF Complete: Time (s): cpu = 00:00:00 ; elapsed = 00:00:00.198 . Memory (MB): peak = 859.461 ; gain = 0.000
report_utilization: Time (s): cpu = 00:00:00 ; elapsed = 00:00:00.132 . Memory (MB): peak = 861.598 ; gain = 0.000
Command: route_design
Attempting to get a license for feature 'Implementation' and/or device 'xc7a35t'
INFO: [Common 17-349] Got license for feature 'Implementation' and/or device 'xc7a35t'
Running DRC as a precondition to command route_design
INFO: [Drc 23-27] Running DRC with 2 threads
INFO: [Vivado_Tcl 4-198] DRC finished with 0 Errors
INFO: [Vivado_Tcl 4-199] Please refer to the DRC report (report_drc) for more information.


Starting Routing Task
INFO: [Route 35-254] Multithreading enabled for route_design using a maximum of 2 CPUs

Starting Route Task

Phase 1 Build RT Design
Phase 1 Build RT Design | Checksum: 121c82576

Time (s): cpu = 00:00:53 ; elapsed = 00:00:50 . Memory (MB): peak = 991.082 ; gain = 121.027

Phase 2 Router Initialization

Phase 2.1 Create Timer
Phase 2.1 Create Timer | Checksum: 121c82576

Time (s): cpu = 00:00:53 ; elapsed = 00:00:50 . Memory (MB): peak = 991.082 ; gain = 121.027
 Number of Nodes with overlaps = 0

Phase 2.2 Update Timing
Phase 2.2 Update Timing | Checksum: 20a964da

Time (s): cpu = 00:00:54 ; elapsed = 00:00:50 . Memory (MB): peak = 997.840 ; gain = 127.785
INFO: [Route 35-57] Estimated Timing Summary | WNS=0.764  | TNS=0      | WHS=-2.05  | THS=-9.03  |

Phase 2 Router Initialization | Checksum: 20a964da

Time (s): cpu = 00:00:54 ; elapsed = 00:00:50 . Memory (MB): peak = 997.840 ; gain = 127.785

Phase 3 Initial Routing
Phase 3 Initial Routing | Checksum: eb9e73fb

Time (s): cpu = 00:00:54 ; elapsed = 00:00:50 . Memory (MB): peak = 997.840 ; gain = 127.785

Phase 4 Rip-up And Reroute

Phase 4.1 Global Iteration 0
 Number of Nodes with overlaps = 4
 Number of Nodes with overlaps = 0

Phase 4.1.1 Update Timing
Phase 4.1.1 Update Timing | Checksum: 93f54b6b

Time (s): cpu = 00:00:54 ; elapsed = 00:00:50 . Memory (MB): peak = 997.840 ; gain = 127.785
INFO: [Route 35-57] Estimated Timing Summary | WNS=0.764  | TNS=0      | WHS=N/A    | THS=N/A    |

Phase 4.1 Global Iteration 0 | Checksum: 93f54b6b

Time (s): cpu = 00:00:54 ; elapsed = 00:00:50 . Memory (MB): peak = 997.840 ; gain = 127.785
Phase 4 Rip-up And Reroute | Checksum: 93f54b6b

Time (s): cpu = 00:00:54 ; elapsed = 00:00:50 . Memory (MB): peak = 997.840 ; gain = 127.785

Phase 5 Delay CleanUp

Phase 5.1 Update Timing
Phase 5.1 Update Timing | Checksum: 93f54b6b

Time (s): cpu = 00:00:54 ; elapsed = 00:00:50 . Memory (MB): peak = 997.840 ; gain = 127.785
INFO: [Route 35-57] Estimated Timing Summary | WNS=0.764  | TNS=0      | WHS=N/A    | THS=N/A    |

Phase 5 Delay CleanUp | Checksum: 93f54b6b

Time (s): cpu = 00:00:54 ; elapsed = 00:00:50 . Memory (MB): peak = 997.840 ; gain = 127.785

Phase 6 Clock Skew Optimization
Phase 6 Clock Skew Optimization | Checksum: 93f54b6b

Time (s): cpu = 00:00:54 ; elapsed = 00:00:50 . Memory (MB): peak = 997.840 ; gain = 127.785

Phase 7 Post Hold Fix

Phase 7.1 Update Timing
Phase 7.1 Update Timing | Checksum: 93f54b6b

Time (s): cpu = 00:00:54 ; elapsed = 00:00:50 . Memory (MB): peak = 997.840 ; gain = 127.785
INFO: [Route 35-57] Estimated Timing Summary | WNS=0.764  | TNS=0      | WHS=0.158  | THS=0      |

Phase 7 Post Hold Fix | Checksum: 93f54b6b

Time (s): cpu = 00:00:54 ; elapsed = 00:00:50 . Memory (MB): peak = 997.840 ; gain = 127.785

Phase 8 Route finalize

Router Utilization Summary
  Global Vertical Routing Utilization    = 0.0487124 %
  Global Horizontal Routing Utilization  = 0.0325351 %
  Routable Net Status*
  *Does not include unroutable nets such as driverless and loadless.
  Run report_route_status for detailed report.
  Number of Failed Nets               = 0
  Number of Unrouted Nets             = 0
  Number of Partially Routed Nets     = 0
  Number of Node Overlaps             = 0

Phase 8 Route finalize | Checksum: 93f54b6b

Time (s): cpu = 00:00:54 ; elapsed = 00:00:51 . Memory (MB): peak = 997.840 ; gain = 127.785

Phase 9 Verifying routed nets

 Verification completed successfully
Phase 9 Verifying routed nets | Checksum: 93f54b6b

Time (s): cpu = 00:00:54 ; elapsed = 00:00:51 . Memory (MB): peak = 998.191 ; gain = 128.137

Phase 10 Depositing Routes
Phase 10 Depositing Routes | Checksum: d5697f65

Time (s): cpu = 00:00:54 ; elapsed = 00:00:51 . Memory (MB): peak = 998.191 ; gain = 128.137

Phase 11 Post Router Timing
INFO: [Route 35-57] Estimated Timing Summary | WNS=0.764  | TNS=0      | WHS=0.158  | THS=0      |

INFO: [Route 35-327] The final timing numbers are based on the router estimated timing analysis. For a complete and accurate timing signoff, please run report_timing_summary.
Phase 11 Post Router Timing | Checksum: d5697f65

Time (s): cpu = 00:00:54 ; elapsed = 00:00:51 . Memory (MB): peak = 998.191 ; gain = 128.137
INFO: [Route 35-16] Router Completed Successfully
Ending Route Task | Checksum: d5697f65

Time (s): cpu = 00:00:00 ; elapsed = 00:00:51 . Memory (MB): peak = 998.191 ; gain = 128.137

Routing Is Done.

Time (s): cpu = 00:00:00 ; elapsed = 00:00:51 . Memory (MB): peak = 998.191 ; gain = 128.137
INFO: [Common 17-83] Releasing license: Implementation
43 Infos, 0 Warnings, 0 Critical Warnings and 0 Errors encountered.
route_design completed successfully
route_design: Time (s): cpu = 00:00:55 ; elapsed = 00:00:52 . Memory (MB): peak = 998.191 ; gain = 136.594
Writing XDEF routing.
Writing XDEF routing logical nets.
Writing XDEF routing special nets.
Write XDEF Complete: Time (s): cpu = 00:00:00 ; elapsed = 00:00:00.289 . Memory (MB): peak = 998.191 ; gain = 0.000
INFO: [Drc 23-27] Running DRC with 2 threads
INFO: [Coretcl 2-168] The results of DRC are in file C:/xup/fpga_flow/2014_2_artix7_labs/lab5/lab5.runs/impl_1/ios_drc_routed.rpt.
INFO: [Timing 38-91] UpdateTimingParams: Speed grade: -1, Delay Type: min_max, Constraints type: SDC.
INFO: [Timing 38-191] Multithreading enabled for timing update using a maximum of 2 CPUs
Running Vector-less Activity Propagation...

Finished Running Vector-less Activity Propagation
INFO: [Common 17-206] Exiting Vivado at Thu Aug 21 14:31:49 2014...

*** Running vivado
    with args -log ios.vdi -applog -m64 -messageDb vivado.pb -mode batch -source ios.tcl -notrace


****** Vivado v2014.2 (64-bit)
  **** SW Build 932637 on Wed Jun 11 13:33:10 MDT 2014
  **** IP Build 924643 on Fri May 30 09:20:16 MDT 2014
    ** Copyright 1986-2014 Xilinx, Inc. All Rights Reserved.

source ios.tcl -notrace
Command: open_checkpoint ios_routed.dcp
INFO: [Netlist 29-17] Analyzing 4 Unisim elements for replacement
INFO: [Netlist 29-28] Unisim Transformation completed in 0 CPU seconds
INFO: [Project 1-479] Netlist was created with Vivado 2014.2
Loading clock regions from C:/Xilinx/Vivado/2014.2/data\parts/xilinx/artix7/artix7/xc7a35t/ClockRegion.xml
Loading clock buffers from C:/Xilinx/Vivado/2014.2/data\parts/xilinx/artix7/artix7/xc7a35t/ClockBuffers.xml
Loading clock placement rules from C:/Xilinx/Vivado/2014.2/data/parts/xilinx/artix7/ClockPlacerRules.xml
Loading package pin functions from C:/Xilinx/Vivado/2014.2/data\parts/xilinx/artix7/PinFunctions.xml...
Loading package from C:/Xilinx/Vivado/2014.2/data\parts/xilinx/artix7/artix7/xc7a35t/cpg236/Package.xml
Loading io standards from C:/Xilinx/Vivado/2014.2/data\./parts/xilinx/artix7/IOStandards.xml
Loading device configuration modes from C:/Xilinx/Vivado/2014.2/data\parts/xilinx/artix7/ConfigModes.xml
Parsing XDC File [C:/xup/fpga_flow/2014_2_artix7_labs/lab5/lab5.runs/impl_1/.Xil/Vivado-11084-XSJYCW33/dcp/ios.xdc]
Finished Parsing XDC File [C:/xup/fpga_flow/2014_2_artix7_labs/lab5/lab5.runs/impl_1/.Xil/Vivado-11084-XSJYCW33/dcp/ios.xdc]
Reading XDEF placement.
Reading XDEF routing.
Read XDEF File: Time (s): cpu = 00:00:00 ; elapsed = 00:00:00.095 . Memory (MB): peak = 435.125 ; gain = 0.000
Restoring placement.
Restored 39 out of 39 XDEF sites from archive | CPU: 0.000000 secs | Memory: 0.000000 MB |
INFO: [Opt 31-138] Pushed 0 inverter(s) to 0 load pin(s).
INFO: [Project 1-111] Unisim Transformation Summary:
No Unisim elements were transformed.

INFO: [Project 1-484] Checkpoint was created with build 932637
open_checkpoint: Time (s): cpu = 00:00:11 ; elapsed = 00:00:12 . Memory (MB): peak = 435.125 ; gain = 258.277
Attempting to get a license for feature 'Implementation' and/or device 'xc7a35t'
INFO: [Common 17-349] Got license for feature 'Implementation' and/or device 'xc7a35t'
Running DRC as a precondition to command write_bitstream
INFO: [Drc 23-27] Running DRC with 2 threads
INFO: [Vivado 12-3199] DRC finished with 0 Errors, 1 Warnings
INFO: [Vivado 12-3200] Please refer to the DRC report (report_drc) for more information.
Loading data files...
Loading site data...
Loading route data...
Processing options...
Creating bitmap...
Creating bitstream...
Writing bitstream ./ios.bit...
INFO: [Vivado 12-1842] Bitgen Completed Successfully.
INFO: [Project 1-118] WebTalk data collection is enabled (User setting is ON. Install Setting is ON.).
INFO: [Common 17-83] Releasing license: Implementation
write_bitstream: Time (s): cpu = 00:01:14 ; elapsed = 00:01:16 . Memory (MB): peak = 781.887 ; gain = 346.762
INFO: [Common 17-206] Exiting Vivado at Thu Aug 21 14:33:38 2014...
