
*** Running vivado
    with args -log clock_top.vds -m64 -product Vivado -mode batch -messageDb vivado.pb -notrace -source clock_top.tcl


****** Vivado v2017.1 (64-bit)
  **** SW Build 1846317 on Fri Apr 14 18:55:03 MDT 2017
  **** IP Build 1846188 on Fri Apr 14 20:52:08 MDT 2017
    ** Copyright 1986-2017 Xilinx, Inc. All Rights Reserved.

source clock_top.tcl -notrace
Command: synth_design -top clock_top -part xc7a35tcpg236-1
Starting synth_design
Attempting to get a license for feature 'Synthesis' and/or device 'xc7a35t-cpg236'
INFO: [Common 17-349] Got license for feature 'Synthesis' and/or device 'xc7a35t-cpg236'
INFO: Launching helper process for spawning children vivado processes
INFO: Helper process launched with PID 2880 
---------------------------------------------------------------------------------
Starting RTL Elaboration : Time (s): cpu = 00:00:03 ; elapsed = 00:00:04 . Memory (MB): peak = 348.816 ; gain = 81.984
---------------------------------------------------------------------------------
INFO: [Synth 8-638] synthesizing module 'clock_top' [D:/vivado/clock/clock.srcs/sources_1/new/clock.v:491]
INFO: [Synth 8-638] synthesizing module 'clk_1s' [D:/vivado/clock/clock.srcs/sources_1/new/clock.v:58]
	Parameter N bound to: 99999999 - type: integer 
WARNING: [Synth 8-5788] Register clk_1s_reg in module clk_1s is has both Set and reset with same priority. This may cause simulation mismatches. Consider rewriting code  [D:/vivado/clock/clock.srcs/sources_1/new/clock.v:70]
INFO: [Synth 8-256] done synthesizing module 'clk_1s' (1#1) [D:/vivado/clock/clock.srcs/sources_1/new/clock.v:58]
INFO: [Synth 8-638] synthesizing module 'clkdiv' [D:/vivado/clock/clock.srcs/sources_1/new/clock.v:40]
INFO: [Synth 8-256] done synthesizing module 'clkdiv' (2#1) [D:/vivado/clock/clock.srcs/sources_1/new/clock.v:40]
INFO: [Synth 8-638] synthesizing module 'sec' [D:/vivado/clock/clock.srcs/sources_1/new/clock.v:106]
WARNING: [Synth 8-5788] Register carry_reg in module sec is has both Set and reset with same priority. This may cause simulation mismatches. Consider rewriting code  [D:/vivado/clock/clock.srcs/sources_1/new/clock.v:125]
INFO: [Synth 8-256] done synthesizing module 'sec' (3#1) [D:/vivado/clock/clock.srcs/sources_1/new/clock.v:106]
INFO: [Synth 8-638] synthesizing module 'min' [D:/vivado/clock/clock.srcs/sources_1/new/clock.v:144]
WARNING: [Synth 8-5788] Register carry_reg in module min is has both Set and reset with same priority. This may cause simulation mismatches. Consider rewriting code  [D:/vivado/clock/clock.srcs/sources_1/new/clock.v:172]
INFO: [Synth 8-256] done synthesizing module 'min' (4#1) [D:/vivado/clock/clock.srcs/sources_1/new/clock.v:144]
INFO: [Synth 8-638] synthesizing module 'hour' [D:/vivado/clock/clock.srcs/sources_1/new/clock.v:202]
WARNING: [Synth 8-5788] Register carry_reg in module hour is has both Set and reset with same priority. This may cause simulation mismatches. Consider rewriting code  [D:/vivado/clock/clock.srcs/sources_1/new/clock.v:229]
INFO: [Synth 8-256] done synthesizing module 'hour' (5#1) [D:/vivado/clock/clock.srcs/sources_1/new/clock.v:202]
INFO: [Synth 8-638] synthesizing module 'set_alarm' [D:/vivado/clock/clock.srcs/sources_1/new/clock.v:323]
INFO: [Synth 8-256] done synthesizing module 'set_alarm' (6#1) [D:/vivado/clock/clock.srcs/sources_1/new/clock.v:323]
INFO: [Synth 8-638] synthesizing module 'alarm' [D:/vivado/clock/clock.srcs/sources_1/new/clock.v:371]
CRITICAL WARNING: [Synth 8-5413] Mix of synchronous and asynchronous control for register led_1_reg in module alarm. [D:/vivado/clock/clock.srcs/sources_1/new/clock.v:404]
WARNING: [Synth 8-5788] Register led_1_reg in module alarm is has both Set and reset with same priority. This may cause simulation mismatches. Consider rewriting code  [D:/vivado/clock/clock.srcs/sources_1/new/clock.v:404]
INFO: [Synth 8-256] done synthesizing module 'alarm' (7#1) [D:/vivado/clock/clock.srcs/sources_1/new/clock.v:371]
INFO: [Synth 8-638] synthesizing module 'clk_1ms' [D:/vivado/clock/clock.srcs/sources_1/new/clock.v:82]
	Parameter N bound to: 99999 - type: integer 
WARNING: [Synth 8-5788] Register clk_1ms_reg in module clk_1ms is has both Set and reset with same priority. This may cause simulation mismatches. Consider rewriting code  [D:/vivado/clock/clock.srcs/sources_1/new/clock.v:94]
INFO: [Synth 8-256] done synthesizing module 'clk_1ms' (8#1) [D:/vivado/clock/clock.srcs/sources_1/new/clock.v:82]
INFO: [Synth 8-638] synthesizing module 'stopwatch' [D:/vivado/clock/clock.srcs/sources_1/new/clock.v:422]
WARNING: [Synth 8-6014] Unused sequential element carry_reg was removed.  [D:/vivado/clock/clock.srcs/sources_1/new/clock.v:442]
WARNING: [Synth 8-5788] Register mil_sec_high_reg in module stopwatch is has both Set and reset with same priority. This may cause simulation mismatches. Consider rewriting code  [D:/vivado/clock/clock.srcs/sources_1/new/clock.v:438]
WARNING: [Synth 8-5788] Register mil_sec_low_reg in module stopwatch is has both Set and reset with same priority. This may cause simulation mismatches. Consider rewriting code  [D:/vivado/clock/clock.srcs/sources_1/new/clock.v:439]
WARNING: [Synth 8-5788] Register mil_sec_cnt_reg in module stopwatch is has both Set and reset with same priority. This may cause simulation mismatches. Consider rewriting code  [D:/vivado/clock/clock.srcs/sources_1/new/clock.v:443]
WARNING: [Synth 8-5788] Register sec_cnt_reg in module stopwatch is has both Set and reset with same priority. This may cause simulation mismatches. Consider rewriting code  [D:/vivado/clock/clock.srcs/sources_1/new/clock.v:449]
WARNING: [Synth 8-5788] Register led_reg in module stopwatch is has both Set and reset with same priority. This may cause simulation mismatches. Consider rewriting code  [D:/vivado/clock/clock.srcs/sources_1/new/clock.v:463]
INFO: [Synth 8-256] done synthesizing module 'stopwatch' (9#1) [D:/vivado/clock/clock.srcs/sources_1/new/clock.v:422]
INFO: [Synth 8-638] synthesizing module 'x7seg_msg' [D:/vivado/clock/clock.srcs/sources_1/new/clock.v:261]
INFO: [Synth 8-226] default block is never used [D:/vivado/clock/clock.srcs/sources_1/new/clock.v:299]
INFO: [Synth 8-256] done synthesizing module 'x7seg_msg' (10#1) [D:/vivado/clock/clock.srcs/sources_1/new/clock.v:261]
INFO: [Synth 8-256] done synthesizing module 'clock_top' (11#1) [D:/vivado/clock/clock.srcs/sources_1/new/clock.v:491]
---------------------------------------------------------------------------------
Finished RTL Elaboration : Time (s): cpu = 00:00:04 ; elapsed = 00:00:05 . Memory (MB): peak = 388.145 ; gain = 121.313
---------------------------------------------------------------------------------

Report Check Netlist: 
+------+------------------+-------+---------+-------+------------------+
|      |Item              |Errors |Warnings |Status |Description       |
+------+------------------+-------+---------+-------+------------------+
|1     |multi_driven_nets |      0|        0|Passed |Multi driven nets |
+------+------------------+-------+---------+-------+------------------+
---------------------------------------------------------------------------------
Finished RTL Optimization Phase 1 : Time (s): cpu = 00:00:05 ; elapsed = 00:00:05 . Memory (MB): peak = 388.145 ; gain = 121.313
---------------------------------------------------------------------------------
INFO: [Device 21-403] Loading part xc7a35tcpg236-1
INFO: [Project 1-570] Preparing netlist for logic optimization

Processing XDC Constraints
Initializing timing engine
Parsing XDC File [D:/vivado/clock/clock.srcs/constrs_1/new/clock.xdc]
Finished Parsing XDC File [D:/vivado/clock/clock.srcs/constrs_1/new/clock.xdc]
INFO: [Project 1-236] Implementation specific constraints were found while reading constraint file [D:/vivado/clock/clock.srcs/constrs_1/new/clock.xdc]. These constraints will be ignored for synthesis but will be used in implementation. Impacted constraints are listed in the file [.Xil/clock_top_propImpl.xdc].
Resolution: To avoid this warning, move constraints listed in [.Xil/clock_top_propImpl.xdc] to another XDC file and exclude this new file from synthesis with the used_in_synthesis property (File Properties dialog in GUI) and re-run elaboration/synthesis.
Completed Processing XDC Constraints

INFO: [Project 1-111] Unisim Transformation Summary:
No Unisim elements were transformed.

Constraint Validation Runtime : Time (s): cpu = 00:00:00 ; elapsed = 00:00:00.033 . Memory (MB): peak = 685.477 ; gain = 0.000
---------------------------------------------------------------------------------
Finished Constraint Validation : Time (s): cpu = 00:00:14 ; elapsed = 00:00:18 . Memory (MB): peak = 685.477 ; gain = 418.645
---------------------------------------------------------------------------------
---------------------------------------------------------------------------------
Start Loading Part and Timing Information
---------------------------------------------------------------------------------
Loading part: xc7a35tcpg236-1
---------------------------------------------------------------------------------
Finished Loading Part and Timing Information : Time (s): cpu = 00:00:14 ; elapsed = 00:00:18 . Memory (MB): peak = 685.477 ; gain = 418.645
---------------------------------------------------------------------------------
---------------------------------------------------------------------------------
Start Applying 'set_property' XDC Constraints
---------------------------------------------------------------------------------
---------------------------------------------------------------------------------
Finished applying 'set_property' XDC Constraints : Time (s): cpu = 00:00:14 ; elapsed = 00:00:18 . Memory (MB): peak = 685.477 ; gain = 418.645
---------------------------------------------------------------------------------
WARNING: [Synth 8-6014] Unused sequential element q_reg was removed.  [D:/vivado/clock/clock.srcs/sources_1/new/clock.v:50]
INFO: [Synth 8-5546] ROM "carry" won't be mapped to RAM because it is too sparse
INFO: [Synth 8-5546] ROM "count" won't be mapped to RAM because it is too sparse
INFO: [Synth 8-5546] ROM "carry" won't be mapped to RAM because it is too sparse
INFO: [Synth 8-5546] ROM "count" won't be mapped to RAM because it is too sparse
INFO: [Synth 8-5546] ROM "carry" won't be mapped to RAM because it is too sparse
WARNING: [Synth 8-6014] Unused sequential element add_min_reg was removed.  [D:/vivado/clock/clock.srcs/sources_1/new/clock.v:342]
WARNING: [Synth 8-6014] Unused sequential element add_hour_reg was removed.  [D:/vivado/clock/clock.srcs/sources_1/new/clock.v:353]
INFO: [Synth 8-802] inferred FSM for state register 'led_1_reg' in module 'alarm'
WARNING: [Synth 8-6014] Unused sequential element led_1_reg was removed.  [D:/vivado/clock/clock.srcs/sources_1/new/clock.v:404]
WARNING: [Synth 8-6014] Unused sequential element led_1_reg was removed.  [D:/vivado/clock/clock.srcs/sources_1/new/clock.v:404]
WARNING: [Synth 8-6014] Unused sequential element led_1_reg was removed.  [D:/vivado/clock/clock.srcs/sources_1/new/clock.v:404]
---------------------------------------------------------------------------------------------------
                   State |                     New Encoding |                Previous Encoding 
---------------------------------------------------------------------------------------------------
                  iSTATE |                            00001 |                             0000
                 iSTATE0 |                            00010 |                             1000
                 iSTATE1 |                            00100 |                             0100
                 iSTATE2 |                            01000 |                             0010
                 iSTATE3 |                            10000 |                             0001
*
---------------------------------------------------------------------------------------------------
INFO: [Synth 8-3354] encoded FSM with state register 'led_1_reg' using encoding 'one-hot' in module 'alarm'
WARNING: [Synth 8-6014] Unused sequential element led_1_reg was removed.  [D:/vivado/clock/clock.srcs/sources_1/new/clock.v:404]
---------------------------------------------------------------------------------
Finished RTL Optimization Phase 2 : Time (s): cpu = 00:00:15 ; elapsed = 00:00:19 . Memory (MB): peak = 685.477 ; gain = 418.645
---------------------------------------------------------------------------------

Report RTL Partitions: 
+-+--------------+------------+----------+
| |RTL Partition |Replication |Instances |
+-+--------------+------------+----------+
+-+--------------+------------+----------+
---------------------------------------------------------------------------------
Start RTL Component Statistics 
---------------------------------------------------------------------------------
Detailed RTL Component Info : 
+---Adders : 
	   2 Input     27 Bit       Adders := 1     
	   2 Input     17 Bit       Adders := 1     
	   2 Input     13 Bit       Adders := 1     
	   2 Input      8 Bit       Adders := 6     
	   2 Input      2 Bit       Adders := 1     
+---Registers : 
	               32 Bit    Registers := 2     
	               13 Bit    Registers := 1     
	                8 Bit    Registers := 6     
	                4 Bit    Registers := 14    
	                2 Bit    Registers := 1     
	                1 Bit    Registers := 7     
+---Muxes : 
	   2 Input     27 Bit        Muxes := 1     
	   2 Input     17 Bit        Muxes := 1     
	   2 Input     13 Bit        Muxes := 4     
	   2 Input      8 Bit        Muxes := 16    
	   5 Input      5 Bit        Muxes := 1     
	   2 Input      4 Bit        Muxes := 46    
	   4 Input      4 Bit        Muxes := 1     
	   2 Input      1 Bit        Muxes := 28    
	   3 Input      1 Bit        Muxes := 2     
	   6 Input      1 Bit        Muxes := 1     
---------------------------------------------------------------------------------
Finished RTL Component Statistics 
---------------------------------------------------------------------------------
---------------------------------------------------------------------------------
Start RTL Hierarchical Component Statistics 
---------------------------------------------------------------------------------
Hierarchical RTL Component report 
Module clock_top 
Detailed RTL Component Info : 
+---Registers : 
	                4 Bit    Registers := 4     
+---Muxes : 
	   2 Input      4 Bit        Muxes := 12    
	   2 Input      1 Bit        Muxes := 3     
Module clk_1s 
Detailed RTL Component Info : 
+---Adders : 
	   2 Input     27 Bit       Adders := 1     
+---Registers : 
	               32 Bit    Registers := 1     
	                1 Bit    Registers := 1     
+---Muxes : 
	   2 Input     27 Bit        Muxes := 1     
Module sec 
Detailed RTL Component Info : 
+---Adders : 
	   2 Input      8 Bit       Adders := 1     
+---Registers : 
	                8 Bit    Registers := 1     
	                4 Bit    Registers := 2     
	                1 Bit    Registers := 1     
+---Muxes : 
	   2 Input      8 Bit        Muxes := 1     
	   2 Input      4 Bit        Muxes := 2     
	   2 Input      1 Bit        Muxes := 2     
Module min 
Detailed RTL Component Info : 
+---Adders : 
	   2 Input      8 Bit       Adders := 1     
+---Registers : 
	                8 Bit    Registers := 1     
	                4 Bit    Registers := 2     
	                1 Bit    Registers := 1     
+---Muxes : 
	   2 Input      8 Bit        Muxes := 5     
	   2 Input      4 Bit        Muxes := 6     
	   2 Input      1 Bit        Muxes := 8     
	   3 Input      1 Bit        Muxes := 1     
Module hour 
Detailed RTL Component Info : 
+---Adders : 
	   2 Input      8 Bit       Adders := 1     
+---Registers : 
	                8 Bit    Registers := 1     
	                4 Bit    Registers := 2     
	                1 Bit    Registers := 1     
+---Muxes : 
	   2 Input      8 Bit        Muxes := 5     
	   2 Input      4 Bit        Muxes := 6     
	   2 Input      1 Bit        Muxes := 8     
	   3 Input      1 Bit        Muxes := 1     
Module set_alarm 
Detailed RTL Component Info : 
+---Adders : 
	   2 Input      8 Bit       Adders := 2     
+---Registers : 
	                8 Bit    Registers := 2     
Module alarm 
Detailed RTL Component Info : 
+---Registers : 
	                1 Bit    Registers := 1     
+---Muxes : 
	   5 Input      5 Bit        Muxes := 1     
	   6 Input      1 Bit        Muxes := 1     
Module clk_1ms 
Detailed RTL Component Info : 
+---Adders : 
	   2 Input     17 Bit       Adders := 1     
+---Registers : 
	               32 Bit    Registers := 1     
	                1 Bit    Registers := 1     
+---Muxes : 
	   2 Input     17 Bit        Muxes := 1     
Module stopwatch 
Detailed RTL Component Info : 
+---Adders : 
	   2 Input     13 Bit       Adders := 1     
	   2 Input      8 Bit       Adders := 1     
+---Registers : 
	               13 Bit    Registers := 1     
	                8 Bit    Registers := 1     
	                4 Bit    Registers := 4     
	                1 Bit    Registers := 1     
+---Muxes : 
	   2 Input     13 Bit        Muxes := 4     
	   2 Input      8 Bit        Muxes := 5     
	   2 Input      4 Bit        Muxes := 18    
	   2 Input      1 Bit        Muxes := 7     
Module x7seg_msg 
Detailed RTL Component Info : 
+---Adders : 
	   2 Input      2 Bit       Adders := 1     
+---Registers : 
	                2 Bit    Registers := 1     
+---Muxes : 
	   4 Input      4 Bit        Muxes := 1     
	   2 Input      4 Bit        Muxes := 2     
---------------------------------------------------------------------------------
Finished RTL Hierarchical Component Statistics
---------------------------------------------------------------------------------
---------------------------------------------------------------------------------
Start Part Resource Summary
---------------------------------------------------------------------------------
Part Resources:
DSPs: 90 (col length:60)
BRAMs: 100 (col length: RAMB18 60 RAMB36 30)
---------------------------------------------------------------------------------
Finished Part Resource Summary
---------------------------------------------------------------------------------
---------------------------------------------------------------------------------
Start Cross Boundary and Area Optimization
---------------------------------------------------------------------------------
INFO: [Synth 8-5546] ROM "carry" won't be mapped to RAM because it is too sparse
INFO: [Synth 8-5546] ROM "count" won't be mapped to RAM because it is too sparse
INFO: [Synth 8-5546] ROM "count" won't be mapped to RAM because it is too sparse
WARNING: [Synth 8-6014] Unused sequential element add_hour_reg was removed.  [D:/vivado/clock/clock.srcs/sources_1/new/clock.v:353]
WARNING: [Synth 8-6014] Unused sequential element add_min_reg was removed.  [D:/vivado/clock/clock.srcs/sources_1/new/clock.v:342]
WARNING: [Synth 8-6014] Unused sequential element U2/q_reg was removed.  [D:/vivado/clock/clock.srcs/sources_1/new/clock.v:50]
INFO: [Synth 8-3886] merging instance 'U1/count_reg[31]' (FDC) to 'U10/count_reg[31]'
INFO: [Synth 8-3886] merging instance 'U1/count_reg[30]' (FDC) to 'U10/count_reg[31]'
INFO: [Synth 8-3886] merging instance 'U1/count_reg[29]' (FDC) to 'U10/count_reg[31]'
INFO: [Synth 8-3886] merging instance 'U1/count_reg[27]' (FDC) to 'U10/count_reg[31]'
INFO: [Synth 8-3886] merging instance 'U1/count_reg[28]' (FDC) to 'U10/count_reg[31]'
INFO: [Synth 8-3886] merging instance 'U10/count_reg[29]' (FDC) to 'U10/count_reg[31]'
INFO: [Synth 8-3886] merging instance 'U10/count_reg[31]' (FDC) to 'U10/count_reg[30]'
INFO: [Synth 8-3886] merging instance 'U10/count_reg[30]' (FDC) to 'U10/count_reg[28]'
INFO: [Synth 8-3886] merging instance 'U10/count_reg[25]' (FDC) to 'U10/count_reg[28]'
INFO: [Synth 8-3886] merging instance 'U10/count_reg[26]' (FDC) to 'U10/count_reg[28]'
INFO: [Synth 8-3886] merging instance 'U10/count_reg[27]' (FDC) to 'U10/count_reg[28]'
INFO: [Synth 8-3886] merging instance 'U10/count_reg[28]' (FDC) to 'U10/count_reg[24]'
INFO: [Synth 8-3886] merging instance 'U10/count_reg[19]' (FDC) to 'U10/count_reg[24]'
INFO: [Synth 8-3886] merging instance 'U10/count_reg[20]' (FDC) to 'U10/count_reg[24]'
INFO: [Synth 8-3886] merging instance 'U10/count_reg[17]' (FDC) to 'U10/count_reg[24]'
INFO: [Synth 8-3886] merging instance 'U10/count_reg[18]' (FDC) to 'U10/count_reg[24]'
INFO: [Synth 8-3886] merging instance 'U10/count_reg[23]' (FDC) to 'U10/count_reg[24]'
INFO: [Synth 8-3886] merging instance 'U10/count_reg[24]' (FDC) to 'U10/count_reg[22]'
INFO: [Synth 8-3886] merging instance 'U10/count_reg[21]' (FDC) to 'U10/count_reg[22]'
INFO: [Synth 8-3333] propagating constant 0 across sequential element (\U10/count_reg[22] )
WARNING: [Synth 8-3332] Sequential element (U5/carry_reg) is unused and will be removed from module clock_top.
WARNING: [Synth 8-3332] Sequential element (U2/q_reg[18]) is unused and will be removed from module clock_top.
WARNING: [Synth 8-3332] Sequential element (U2/q_reg[19]) is unused and will be removed from module clock_top.
WARNING: [Synth 8-3332] Sequential element (U2/q_reg[20]) is unused and will be removed from module clock_top.
WARNING: [Synth 8-3332] Sequential element (U2/q_reg[21]) is unused and will be removed from module clock_top.
WARNING: [Synth 8-3332] Sequential element (U2/q_reg[22]) is unused and will be removed from module clock_top.
WARNING: [Synth 8-3332] Sequential element (U2/q_reg[23]) is unused and will be removed from module clock_top.
WARNING: [Synth 8-3332] Sequential element (U2/q_reg[24]) is unused and will be removed from module clock_top.
WARNING: [Synth 8-3332] Sequential element (U2/q_reg[25]) is unused and will be removed from module clock_top.
WARNING: [Synth 8-3332] Sequential element (U2/q_reg[26]) is unused and will be removed from module clock_top.
WARNING: [Synth 8-3332] Sequential element (U2/q_reg[27]) is unused and will be removed from module clock_top.
WARNING: [Synth 8-3332] Sequential element (U2/q_reg[28]) is unused and will be removed from module clock_top.
WARNING: [Synth 8-3332] Sequential element (U2/q_reg[29]) is unused and will be removed from module clock_top.
WARNING: [Synth 8-3332] Sequential element (U2/q_reg[30]) is unused and will be removed from module clock_top.
WARNING: [Synth 8-3332] Sequential element (U2/q_reg[31]) is unused and will be removed from module clock_top.
WARNING: [Synth 8-3332] Sequential element (U2/q_reg[32]) is unused and will be removed from module clock_top.
WARNING: [Synth 8-3332] Sequential element (U2/q_reg[33]) is unused and will be removed from module clock_top.
WARNING: [Synth 8-3332] Sequential element (U2/q_reg[34]) is unused and will be removed from module clock_top.
WARNING: [Synth 8-3332] Sequential element (U2/q_reg[35]) is unused and will be removed from module clock_top.
WARNING: [Synth 8-3332] Sequential element (U2/q_reg[36]) is unused and will be removed from module clock_top.
WARNING: [Synth 8-3332] Sequential element (U2/q_reg[37]) is unused and will be removed from module clock_top.
WARNING: [Synth 8-3332] Sequential element (U2/q_reg[38]) is unused and will be removed from module clock_top.
WARNING: [Synth 8-3332] Sequential element (U2/q_reg[39]) is unused and will be removed from module clock_top.
WARNING: [Synth 8-3332] Sequential element (U2/q_reg[40]) is unused and will be removed from module clock_top.
WARNING: [Synth 8-3332] Sequential element (U10/count_reg[22]) is unused and will be removed from module clock_top.
INFO: [Synth 8-3886] merging instance 'U7/sec_cnt_reg[7]' (FDE) to 'U7/sec_cnt_reg[6]'
INFO: [Synth 8-3333] propagating constant 0 across sequential element (\U7/sec_cnt_reg[6] )
INFO: [Synth 8-3333] propagating constant 0 across sequential element (\U7/sec_high1_reg[3] )
WARNING: [Synth 8-3332] Sequential element (U7/sec_cnt_reg[6]) is unused and will be removed from module clock_top.
WARNING: [Synth 8-3332] Sequential element (U7/sec_high1_reg[3]) is unused and will be removed from module clock_top.
WARNING: [Synth 8-3332] Sequential element (U7/mil_sec_high_reg[3]_P) is unused and will be removed from module clock_top.
WARNING: [Synth 8-3332] Sequential element (U7/mil_sec_high_reg[2]_P) is unused and will be removed from module clock_top.
WARNING: [Synth 8-3332] Sequential element (U7/mil_sec_high_reg[1]_P) is unused and will be removed from module clock_top.
WARNING: [Synth 8-3332] Sequential element (U7/mil_sec_high_reg[0]_P) is unused and will be removed from module clock_top.
WARNING: [Synth 8-3332] Sequential element (U7/mil_sec_low_reg[3]_P) is unused and will be removed from module clock_top.
WARNING: [Synth 8-3332] Sequential element (U7/mil_sec_low_reg[2]_P) is unused and will be removed from module clock_top.
WARNING: [Synth 8-3332] Sequential element (U7/mil_sec_low_reg[1]_P) is unused and will be removed from module clock_top.
WARNING: [Synth 8-3332] Sequential element (U7/mil_sec_low_reg[0]_P) is unused and will be removed from module clock_top.
---------------------------------------------------------------------------------
Finished Cross Boundary and Area Optimization : Time (s): cpu = 00:00:20 ; elapsed = 00:00:25 . Memory (MB): peak = 685.477 ; gain = 418.645
---------------------------------------------------------------------------------

Report RTL Partitions: 
+-+--------------+------------+----------+
| |RTL Partition |Replication |Instances |
+-+--------------+------------+----------+
+-+--------------+------------+----------+
---------------------------------------------------------------------------------
Start Applying XDC Timing Constraints
---------------------------------------------------------------------------------
---------------------------------------------------------------------------------
Finished Applying XDC Timing Constraints : Time (s): cpu = 00:00:33 ; elapsed = 00:00:39 . Memory (MB): peak = 685.477 ; gain = 418.645
---------------------------------------------------------------------------------
---------------------------------------------------------------------------------
Start Timing Optimization
---------------------------------------------------------------------------------
---------------------------------------------------------------------------------
Finished Timing Optimization : Time (s): cpu = 00:00:33 ; elapsed = 00:00:39 . Memory (MB): peak = 685.477 ; gain = 418.645
---------------------------------------------------------------------------------

Report RTL Partitions: 
+-+--------------+------------+----------+
| |RTL Partition |Replication |Instances |
+-+--------------+------------+----------+
+-+--------------+------------+----------+
---------------------------------------------------------------------------------
Start Technology Mapping
---------------------------------------------------------------------------------
---------------------------------------------------------------------------------
Finished Technology Mapping : Time (s): cpu = 00:00:34 ; elapsed = 00:00:40 . Memory (MB): peak = 702.996 ; gain = 436.164
---------------------------------------------------------------------------------

Report RTL Partitions: 
+-+--------------+------------+----------+
| |RTL Partition |Replication |Instances |
+-+--------------+------------+----------+
+-+--------------+------------+----------+
---------------------------------------------------------------------------------
Start IO Insertion
---------------------------------------------------------------------------------
---------------------------------------------------------------------------------
Start Flattening Before IO Insertion
---------------------------------------------------------------------------------
---------------------------------------------------------------------------------
Finished Flattening Before IO Insertion
---------------------------------------------------------------------------------
---------------------------------------------------------------------------------
Start Final Netlist Cleanup
---------------------------------------------------------------------------------
---------------------------------------------------------------------------------
Finished Final Netlist Cleanup
---------------------------------------------------------------------------------
---------------------------------------------------------------------------------
Finished IO Insertion : Time (s): cpu = 00:00:34 ; elapsed = 00:00:40 . Memory (MB): peak = 702.996 ; gain = 436.164
---------------------------------------------------------------------------------

Report Check Netlist: 
+------+------------------+-------+---------+-------+------------------+
|      |Item              |Errors |Warnings |Status |Description       |
+------+------------------+-------+---------+-------+------------------+
|1     |multi_driven_nets |      0|        0|Passed |Multi driven nets |
+------+------------------+-------+---------+-------+------------------+
---------------------------------------------------------------------------------
Start Renaming Generated Instances
---------------------------------------------------------------------------------
---------------------------------------------------------------------------------
Finished Renaming Generated Instances : Time (s): cpu = 00:00:34 ; elapsed = 00:00:40 . Memory (MB): peak = 702.996 ; gain = 436.164
---------------------------------------------------------------------------------

Report RTL Partitions: 
+-+--------------+------------+----------+
| |RTL Partition |Replication |Instances |
+-+--------------+------------+----------+
+-+--------------+------------+----------+
---------------------------------------------------------------------------------
Start Rebuilding User Hierarchy
---------------------------------------------------------------------------------
---------------------------------------------------------------------------------
Finished Rebuilding User Hierarchy : Time (s): cpu = 00:00:34 ; elapsed = 00:00:40 . Memory (MB): peak = 702.996 ; gain = 436.164
---------------------------------------------------------------------------------
---------------------------------------------------------------------------------
Start Renaming Generated Ports
---------------------------------------------------------------------------------
---------------------------------------------------------------------------------
Finished Renaming Generated Ports : Time (s): cpu = 00:00:34 ; elapsed = 00:00:40 . Memory (MB): peak = 702.996 ; gain = 436.164
---------------------------------------------------------------------------------
---------------------------------------------------------------------------------
Start Handling Custom Attributes
---------------------------------------------------------------------------------
---------------------------------------------------------------------------------
Finished Handling Custom Attributes : Time (s): cpu = 00:00:34 ; elapsed = 00:00:40 . Memory (MB): peak = 702.996 ; gain = 436.164
---------------------------------------------------------------------------------
---------------------------------------------------------------------------------
Start Renaming Generated Nets
---------------------------------------------------------------------------------
---------------------------------------------------------------------------------
Finished Renaming Generated Nets : Time (s): cpu = 00:00:34 ; elapsed = 00:00:40 . Memory (MB): peak = 702.996 ; gain = 436.164
---------------------------------------------------------------------------------
---------------------------------------------------------------------------------
Start Writing Synthesis Report
---------------------------------------------------------------------------------

Report BlackBoxes: 
+-+--------------+----------+
| |BlackBox name |Instances |
+-+--------------+----------+
+-+--------------+----------+

Report Cell Usage: 
+------+-------+------+
|      |Cell   |Count |
+------+-------+------+
|1     |BUFG   |     3|
|2     |CARRY4 |    29|
|3     |LUT1   |    81|
|4     |LUT2   |    84|
|5     |LUT3   |    49|
|6     |LUT4   |    61|
|7     |LUT5   |    96|
|8     |LUT6   |   113|
|9     |FDCE   |   140|
|10    |FDRE   |    48|
|11    |FDSE   |     1|
|12    |IBUF   |    10|
|13    |OBUF   |    16|
+------+-------+------+

Report Instance Areas: 
+------+---------+----------+------+
|      |Instance |Module    |Cells |
+------+---------+----------+------+
|1     |top      |          |   731|
|2     |  U1     |clk_1s    |    98|
|3     |  U10    |clk_1ms   |    60|
|4     |  U2     |clkdiv    |    41|
|5     |  U3     |sec       |    55|
|6     |  U4     |min       |    69|
|7     |  U5     |hour      |    58|
|8     |  U6     |x7seg_msg |    19|
|9     |  U7     |stopwatch |   203|
|10    |  U8     |set_alarm |    69|
|11    |  U9     |alarm     |    13|
+------+---------+----------+------+
---------------------------------------------------------------------------------
Finished Writing Synthesis Report : Time (s): cpu = 00:00:34 ; elapsed = 00:00:40 . Memory (MB): peak = 702.996 ; gain = 436.164
---------------------------------------------------------------------------------
Synthesis finished with 0 errors, 0 critical warnings and 45 warnings.
Synthesis Optimization Runtime : Time (s): cpu = 00:00:24 ; elapsed = 00:00:31 . Memory (MB): peak = 702.996 ; gain = 138.832
Synthesis Optimization Complete : Time (s): cpu = 00:00:35 ; elapsed = 00:00:41 . Memory (MB): peak = 702.996 ; gain = 436.164
INFO: [Project 1-571] Translating synthesized netlist
INFO: [Netlist 29-17] Analyzing 39 Unisim elements for replacement
INFO: [Netlist 29-28] Unisim Transformation completed in 0 CPU seconds
INFO: [Project 1-570] Preparing netlist for logic optimization
INFO: [Opt 31-138] Pushed 0 inverter(s) to 0 load pin(s).
INFO: [Project 1-111] Unisim Transformation Summary:
No Unisim elements were transformed.

67 Infos, 57 Warnings, 1 Critical Warnings and 0 Errors encountered.
synth_design completed successfully
synth_design: Time (s): cpu = 00:00:37 ; elapsed = 00:00:44 . Memory (MB): peak = 702.996 ; gain = 440.336
INFO: [Common 17-1381] The checkpoint 'D:/vivado/clock/clock.runs/synth_1/clock_top.dcp' has been generated.
report_utilization: Time (s): cpu = 00:00:00 ; elapsed = 00:00:00.028 . Memory (MB): peak = 702.996 ; gain = 0.000
INFO: [Common 17-206] Exiting Vivado at Fri Jun 23 09:32:30 2017...
