Copyright 1986-2016 Xilinx, Inc. All Rights Reserved.
-------------------------------------------------------------------------------------------------------------
| Tool Version : Vivado v.2016.4 (win64) Build 1756540 Mon Jan 23 19:11:23 MST 2017
| Date         : Mon Jun 12 17:50:53 2017
| Host         : surface running 64-bit major release  (build 9200)
| Command      : report_methodology -file sss_methodology_drc_routed.rpt -rpx sss_methodology_drc_routed.rpx
| Design       : sss
| Device       : xc7a35tcpg236-1
| Speed File   : -1
| Design State : Routed
-------------------------------------------------------------------------------------------------------------

Report Methodology

Table of Contents
-----------------
1. REPORT SUMMARY
2. REPORT DETAILS

1. REPORT SUMMARY
-----------------
            Netlist: netlist
          Floorplan: design_1
      Design limits: <entire design considered>
             Max violations: <unlimited>
             Violations found: 7
+-----------+----------+-------------------+------------+
| Rule      | Severity | Description       | Violations |
+-----------+----------+-------------------+------------+
| TIMING-20 | Warning  | Non-clocked latch | 7          |
+-----------+----------+-------------------+------------+

2. REPORT DETAILS
-----------------
TIMING-20#1 Warning
Non-clocked latch  
The latch BCD2SEG7_0/inst/a_to_g_reg[0] cannot be properly analyzed as its control pin BCD2SEG7_0/inst/a_to_g_reg[0]/G is not reached by a timing clock
Related violations: <none>

TIMING-20#2 Warning
Non-clocked latch  
The latch BCD2SEG7_0/inst/a_to_g_reg[1] cannot be properly analyzed as its control pin BCD2SEG7_0/inst/a_to_g_reg[1]/G is not reached by a timing clock
Related violations: <none>

TIMING-20#3 Warning
Non-clocked latch  
The latch BCD2SEG7_0/inst/a_to_g_reg[2] cannot be properly analyzed as its control pin BCD2SEG7_0/inst/a_to_g_reg[2]/G is not reached by a timing clock
Related violations: <none>

TIMING-20#4 Warning
Non-clocked latch  
The latch BCD2SEG7_0/inst/a_to_g_reg[3] cannot be properly analyzed as its control pin BCD2SEG7_0/inst/a_to_g_reg[3]/G is not reached by a timing clock
Related violations: <none>

TIMING-20#5 Warning
Non-clocked latch  
The latch BCD2SEG7_0/inst/a_to_g_reg[4] cannot be properly analyzed as its control pin BCD2SEG7_0/inst/a_to_g_reg[4]/G is not reached by a timing clock
Related violations: <none>

TIMING-20#6 Warning
Non-clocked latch  
The latch BCD2SEG7_0/inst/a_to_g_reg[5] cannot be properly analyzed as its control pin BCD2SEG7_0/inst/a_to_g_reg[5]/G is not reached by a timing clock
Related violations: <none>

TIMING-20#7 Warning
Non-clocked latch  
The latch BCD2SEG7_0/inst/a_to_g_reg[6] cannot be properly analyzed as its control pin BCD2SEG7_0/inst/a_to_g_reg[6]/G is not reached by a timing clock
Related violations: <none>


