Unable to capture context for thread 13236 in process 3968, can not generate back trace
Exception at PC 0x00007FFBC40B3FB8
Exception at PC 0x00007FFBC40B3FB8
Unable to capture context for thread 6944 in process 3968, can not generate back trace
Unable to capture context for thread 3920 in process 3968, can not generate back trace
Unable to capture context for thread 14020 in process 3968, can not generate back trace
Exception at PC 0x00007FFBC40B3FB8
Unable to capture context for thread 14020 in process 3968, can not generate back trace
Exception at PC 0x00007FFB58D7BB93
Printing stacktrace...

Exception at PC 0x00007FFBC40B3FB8
Exception at PC 0x00007FFBC40B3FB8
Exception at PC 0x00007FFBC40B3FB8
Exception at PC 0x00007FFBC40B3FB8
Exception at PC 0x00007FFBC40B3FB8
Exception at PC 0x00007FFBC40B3FB8
Exception at PC 0x00007FFBC40B3FB8
Exception at PC 0x00007FFBC40B3FB8
Exception at PC 0x00007FFBC40B3FB8
Exception at PC 0x00007FFBC40B3FB8
Exception at PC 0x00007FFBC40B3FB8
[0]  [0x00007FFB58D7BB93]
[1]  [0x00007FFB58D7BB93]
[2]  [0x00007FFB58D7B4A1]
[3]  [0x00007FFB58D7B3EF]
[4]  [0x00007FFB58D619FE]
[5]  [0x00007FFB58D60ED1]
[6]  [0x00007FFB58D60D76]
[7]  [0x00007FFB58D079F6]
[8]  [0x00007FFB58CF7AFB]
[9]  [0x00007FFB58E1E90A]
[10]  [0x00007FFB58E39F87]
[11]  [0x00007FFB58E3A05F]
[12] (BaseThreadInitThunk+0x14) [0x00007FFBC7A11FE4]
[13] (RtlUserThreadStart+0x21) [0x00007FFBC7D0EF91]
Done
Exception at PC 0x00007FFBC40B3FB8
Exception at PC 0x00007FFBC40B3FB8
Exception at PC 0x00007FFBC40B3FB8
Exception at PC 0x00007FFBC40B3FB8
