
*** Running vivado
    with args -log uart_led.vds -m64 -mode batch -messageDb vivado.pb -source uart_led.tcl


****** Vivado v2014.2 (64-bit)
  **** SW Build 928826 on Thu Jun  5 18:17:50 MDT 2014
  **** IP Build 924643 on Fri May 30 09:20:16 MDT 2014
    ** Copyright 1986-2014 Xilinx, Inc. All Rights Reserved.

source uart_led.tcl
# set_param gui.test TreeTableDev
# set_msg_config -id {HDL 9-1061} -limit 100000
# set_msg_config -id {HDL 9-1654} -limit 100000
# create_project -in_memory -part xc7a35tcpg236-1
# set_property target_language Verilog [current_project]
# set_param project.compositeFile.enableAutoGeneration 0
# set_property default_lib xil_defaultlib [current_project]
# add_files -quiet C:/Users/joshual/Desktop/B3_XUP/2014_2_basys3_labsolution/lab6_basys3/lab6_basys3.runs/ila_led_synth_1/ila_led.dcp
# set_property used_in_implementation false [get_files C:/Users/joshual/Desktop/B3_XUP/2014_2_basys3_labsolution/lab6_basys3/lab6_basys3.runs/ila_led_synth_1/ila_led.dcp]
# read_verilog -library xil_defaultlib {
#   C:/Users/joshual/Desktop/B3_XUP/2014_2_basys3_labsolution/lab6_basys3/lab6_basys3.srcs/sources_1/imports/lab6/uart_rx_ctl.v
#   C:/Users/joshual/Desktop/B3_XUP/2014_2_basys3_labsolution/lab6_basys3/lab6_basys3.srcs/sources_1/imports/lab6/uart_baud_gen.v
#   C:/Users/joshual/Desktop/B3_XUP/2014_2_basys3_labsolution/lab6_basys3/lab6_basys3.srcs/sources_1/imports/lab6/meta_harden.v
#   C:/Users/joshual/Desktop/B3_XUP/2014_2_basys3_labsolution/lab6_basys3/lab6_basys3.srcs/sources_1/imports/lab6/uart_rx.v
#   C:/Users/joshual/Desktop/B3_XUP/2014_2_basys3_labsolution/lab6_basys3/lab6_basys3.srcs/sources_1/imports/lab6/led_ctl.v
#   C:/Users/joshual/Desktop/B3_XUP/2014_2_basys3_labsolution/lab6_basys3/lab6_basys3.srcs/sources_1/imports/lab6/uart_led.v
# }
WARNING: [filemgmt 20-1763] Vivado Synthesis ignores library specification for Verilog or SystemVerilog files. [C:/Users/joshual/Desktop/B3_XUP/2014_2_basys3_labsolution/lab6_basys3/lab6_basys3.srcs/sources_1/imports/lab6/uart_rx_ctl.v]
WARNING: [filemgmt 20-1763] Vivado Synthesis ignores library specification for Verilog or SystemVerilog files. [C:/Users/joshual/Desktop/B3_XUP/2014_2_basys3_labsolution/lab6_basys3/lab6_basys3.srcs/sources_1/imports/lab6/uart_baud_gen.v]
WARNING: [filemgmt 20-1763] Vivado Synthesis ignores library specification for Verilog or SystemVerilog files. [C:/Users/joshual/Desktop/B3_XUP/2014_2_basys3_labsolution/lab6_basys3/lab6_basys3.srcs/sources_1/imports/lab6/meta_harden.v]
WARNING: [filemgmt 20-1763] Vivado Synthesis ignores library specification for Verilog or SystemVerilog files. [C:/Users/joshual/Desktop/B3_XUP/2014_2_basys3_labsolution/lab6_basys3/lab6_basys3.srcs/sources_1/imports/lab6/uart_rx.v]
WARNING: [filemgmt 20-1763] Vivado Synthesis ignores library specification for Verilog or SystemVerilog files. [C:/Users/joshual/Desktop/B3_XUP/2014_2_basys3_labsolution/lab6_basys3/lab6_basys3.srcs/sources_1/imports/lab6/led_ctl.v]
WARNING: [filemgmt 20-1763] Vivado Synthesis ignores library specification for Verilog or SystemVerilog files. [C:/Users/joshual/Desktop/B3_XUP/2014_2_basys3_labsolution/lab6_basys3/lab6_basys3.srcs/sources_1/imports/lab6/uart_led.v]
# read_xdc C:/Users/joshual/Desktop/B3_XUP/2014_2_basys3_labsolution/lab6_basys3/lab6_basys3.srcs/constrs_1/imports/lab6/uart_led_timing.xdc
# set_property used_in_implementation false [get_files C:/Users/joshual/Desktop/B3_XUP/2014_2_basys3_labsolution/lab6_basys3/lab6_basys3.srcs/constrs_1/imports/lab6/uart_led_timing.xdc]
# read_xdc C:/Users/joshual/Desktop/B3_XUP/2014_2_basys3_labsolution/lab6_basys3/lab6_basys3.srcs/constrs_1/imports/lab6/uart_led_pins_basys3.xdc
# set_property used_in_implementation false [get_files C:/Users/joshual/Desktop/B3_XUP/2014_2_basys3_labsolution/lab6_basys3/lab6_basys3.srcs/constrs_1/imports/lab6/uart_led_pins_basys3.xdc]
# read_xdc dont_buffer.xdc
# set_property used_in_implementation false [get_files dont_buffer.xdc]
# set_param synth.vivado.isSynthRun true
# set_property webtalk.parent_dir C:/Users/joshual/Desktop/B3_XUP/2014_2_basys3_labsolution/lab6_basys3/lab6_basys3.cache/wt [current_project]
# set_property parent.project_dir C:/Users/joshual/Desktop/B3_XUP/2014_2_basys3_labsolution/lab6_basys3 [current_project]
# catch { write_hwdef -file uart_led.hwdef }
INFO: [Vivado_Tcl 4-279] hardware handoff file cannot be generated as there is no block diagram instance in the design
# synth_design -top uart_led -part xc7a35tcpg236-1
Command: synth_design -top uart_led -part xc7a35tcpg236-1

Starting synthesis...

Attempting to get a license for feature 'Synthesis' and/or device 'xc7a35t'
INFO: [Common 17-349] Got license for feature 'Synthesis' and/or device 'xc7a35t'
---------------------------------------------------------------------------------
Starting RTL Elaboration : Time (s): cpu = 00:00:03 ; elapsed = 00:00:05 . Memory (MB): peak = 228.609 ; gain = 98.738
---------------------------------------------------------------------------------
INFO: [Synth 8-638] synthesizing module 'uart_led' [C:/Users/joshual/Desktop/B3_XUP/2014_2_basys3_labsolution/lab6_basys3/lab6_basys3.srcs/sources_1/imports/lab6/uart_led.v:25]
	Parameter BAUD_RATE bound to: 115200 - type: integer 
	Parameter CLOCK_RATE bound to: 100000000 - type: integer 
INFO: [Synth 8-638] synthesizing module 'meta_harden' [C:/Users/joshual/Desktop/B3_XUP/2014_2_basys3_labsolution/lab6_basys3/lab6_basys3.srcs/sources_1/imports/lab6/meta_harden.v:27]
INFO: [Synth 8-256] done synthesizing module 'meta_harden' (1#1) [C:/Users/joshual/Desktop/B3_XUP/2014_2_basys3_labsolution/lab6_basys3/lab6_basys3.srcs/sources_1/imports/lab6/meta_harden.v:27]
INFO: [Synth 8-638] synthesizing module 'uart_rx' [C:/Users/joshual/Desktop/B3_XUP/2014_2_basys3_labsolution/lab6_basys3/lab6_basys3.srcs/sources_1/imports/lab6/uart_rx.v:37]
	Parameter BAUD_RATE bound to: 115200 - type: integer 
	Parameter CLOCK_RATE bound to: 100000000 - type: integer 
INFO: [Synth 8-638] synthesizing module 'uart_baud_gen' [C:/Users/joshual/Desktop/B3_XUP/2014_2_basys3_labsolution/lab6_basys3/lab6_basys3.srcs/sources_1/imports/lab6/uart_baud_gen.v:35]
	Parameter BAUD_RATE bound to: 115200 - type: integer 
	Parameter CLOCK_RATE bound to: 100000000 - type: integer 
	Parameter OVERSAMPLE_RATE bound to: 1843200 - type: integer 
	Parameter DIVIDER bound to: 54 - type: integer 
	Parameter OVERSAMPLE_VALUE bound to: 53 - type: integer 
	Parameter CNT_WID bound to: 6 - type: integer 
INFO: [Synth 8-256] done synthesizing module 'uart_baud_gen' (2#1) [C:/Users/joshual/Desktop/B3_XUP/2014_2_basys3_labsolution/lab6_basys3/lab6_basys3.srcs/sources_1/imports/lab6/uart_baud_gen.v:35]
INFO: [Synth 8-638] synthesizing module 'uart_rx_ctl' [C:/Users/joshual/Desktop/B3_XUP/2014_2_basys3_labsolution/lab6_basys3/lab6_basys3.srcs/sources_1/imports/lab6/uart_rx_ctl.v:52]
	Parameter IDLE bound to: 2'b00 
	Parameter START bound to: 2'b01 
	Parameter DATA bound to: 2'b10 
	Parameter STOP bound to: 2'b11 
INFO: [Synth 8-4512] found unpartitioned construct node [C:/Users/joshual/Desktop/B3_XUP/2014_2_basys3_labsolution/lab6_basys3/lab6_basys3.srcs/sources_1/imports/lab6/uart_rx_ctl.v:109]
INFO: [Synth 8-256] done synthesizing module 'uart_rx_ctl' (3#1) [C:/Users/joshual/Desktop/B3_XUP/2014_2_basys3_labsolution/lab6_basys3/lab6_basys3.srcs/sources_1/imports/lab6/uart_rx_ctl.v:52]
INFO: [Synth 8-256] done synthesizing module 'uart_rx' (4#1) [C:/Users/joshual/Desktop/B3_XUP/2014_2_basys3_labsolution/lab6_basys3/lab6_basys3.srcs/sources_1/imports/lab6/uart_rx.v:37]
INFO: [Synth 8-638] synthesizing module 'led_ctl' [C:/Users/joshual/Desktop/B3_XUP/2014_2_basys3_labsolution/lab6_basys3/lab6_basys3.srcs/sources_1/imports/lab6/led_ctl.v:27]
INFO: [Synth 8-256] done synthesizing module 'led_ctl' (5#1) [C:/Users/joshual/Desktop/B3_XUP/2014_2_basys3_labsolution/lab6_basys3/lab6_basys3.srcs/sources_1/imports/lab6/led_ctl.v:27]
WARNING: [Synth 8-4446] all outputs are unconnected for this instance and logic may be removed [C:/Users/joshual/Desktop/B3_XUP/2014_2_basys3_labsolution/lab6_basys3/lab6_basys3.srcs/sources_1/imports/lab6/uart_led.v:105]
INFO: [Synth 8-638] synthesizing module 'ila_led' [C:/Users/joshual/Desktop/B3_XUP/2014_2_basys3_labsolution/lab6_basys3/lab6_basys3.runs/synth_1/.Xil/Vivado-33092-XSHJOSHUAL30/realtime/ila_led_stub.v:7]
INFO: [Synth 8-256] done synthesizing module 'ila_led' (6#1) [C:/Users/joshual/Desktop/B3_XUP/2014_2_basys3_labsolution/lab6_basys3/lab6_basys3.runs/synth_1/.Xil/Vivado-33092-XSHJOSHUAL30/realtime/ila_led_stub.v:7]
INFO: [Synth 8-256] done synthesizing module 'uart_led' (7#1) [C:/Users/joshual/Desktop/B3_XUP/2014_2_basys3_labsolution/lab6_basys3/lab6_basys3.srcs/sources_1/imports/lab6/uart_led.v:25]
---------------------------------------------------------------------------------
Finished RTL Elaboration : Time (s): cpu = 00:00:04 ; elapsed = 00:00:06 . Memory (MB): peak = 262.414 ; gain = 132.543
---------------------------------------------------------------------------------
---------------------------------------------------------------------------------
Start RTL Optimization
---------------------------------------------------------------------------------

Report Check Netlist: 
+------+------------------+-------+---------+-------+------------------+
|      |Item              |Errors |Warnings |Status |Description       |
+------+------------------+-------+---------+-------+------------------+
|1     |multi_driven_nets |      0|        0|Passed |Multi driven nets |
+------+------------------+-------+---------+-------+------------------+
Loading clock regions from C:/Xilinx/Vivado/2014.2/data\parts/xilinx/artix7/artix7/xc7a35t/ClockRegion.xml
Loading clock buffers from C:/Xilinx/Vivado/2014.2/data\parts/xilinx/artix7/artix7/xc7a35t/ClockBuffers.xml
Loading clock placement rules from C:/Xilinx/Vivado/2014.2/data/parts/xilinx/artix7/ClockPlacerRules.xml
Loading package pin functions from C:/Xilinx/Vivado/2014.2/data\parts/xilinx/artix7/PinFunctions.xml...
Loading package from C:/Xilinx/Vivado/2014.2/data\parts/xilinx/artix7/artix7/xc7a35t/cpg236/Package.xml
Loading io standards from C:/Xilinx/Vivado/2014.2/data\./parts/xilinx/artix7/IOStandards.xml
Loading device configuration modes from C:/Xilinx/Vivado/2014.2/data\parts/xilinx/artix7/ConfigModes.xml

Processing XDC Constraints
Parsing XDC File [C:/Users/joshual/Desktop/B3_XUP/2014_2_basys3_labsolution/lab6_basys3/lab6_basys3.srcs/constrs_1/imports/lab6/uart_led_timing.xdc]
Finished Parsing XDC File [C:/Users/joshual/Desktop/B3_XUP/2014_2_basys3_labsolution/lab6_basys3/lab6_basys3.srcs/constrs_1/imports/lab6/uart_led_timing.xdc]
Parsing XDC File [C:/Users/joshual/Desktop/B3_XUP/2014_2_basys3_labsolution/lab6_basys3/lab6_basys3.srcs/constrs_1/imports/lab6/uart_led_pins_basys3.xdc]
Finished Parsing XDC File [C:/Users/joshual/Desktop/B3_XUP/2014_2_basys3_labsolution/lab6_basys3/lab6_basys3.srcs/constrs_1/imports/lab6/uart_led_pins_basys3.xdc]
INFO: [Project 1-236] Implementation specific constraints were found while reading constraint file [C:/Users/joshual/Desktop/B3_XUP/2014_2_basys3_labsolution/lab6_basys3/lab6_basys3.srcs/constrs_1/imports/lab6/uart_led_pins_basys3.xdc]. These constraints will be ignored for synthesis but will be used in implementation. Impacted constraints are listed in the file [.Xil/uart_led_propImpl.xdc].
Resolution: To avoid this message, exclude constraints listed in [.Xil/uart_led_propImpl.xdc] from synthesis with the used_in_synthesis property (File Properties dialog in GUI) and re-run elaboration/synthesis.
Parsing XDC File [C:/Users/joshual/Desktop/B3_XUP/2014_2_basys3_labsolution/lab6_basys3/lab6_basys3.runs/synth_1/dont_buffer.xdc]
Finished Parsing XDC File [C:/Users/joshual/Desktop/B3_XUP/2014_2_basys3_labsolution/lab6_basys3/lab6_basys3.runs/synth_1/dont_buffer.xdc]
Completed Processing XDC Constraints

INFO: [Project 1-111] Unisim Transformation Summary:
No Unisim elements were transformed.

---------------------------------------------------------------------------------
Start RTL Optimization
---------------------------------------------------------------------------------
---------------------------------------------------------------------------------
Start Loading Part and Timing Information
---------------------------------------------------------------------------------
Loading part: xc7a35tcpg236-1
---------------------------------------------------------------------------------
Finished Loading Part and Timing Information : Time (s): cpu = 00:00:11 ; elapsed = 00:00:13 . Memory (MB): peak = 455.813 ; gain = 325.941
---------------------------------------------------------------------------------
---------------------------------------------------------------------------------
Start Applying 'set_property' XDC Constraints
---------------------------------------------------------------------------------
Applied set_property MARK_DEBUG = true for rx_data[6]. (constraint file  C:/Users/joshual/Desktop/B3_XUP/2014_2_basys3_labsolution/lab6_basys3/lab6_basys3.srcs/constrs_1/imports/lab6/uart_led_pins_basys3.xdc, line 41).
Applied set_property BUFFER_TYPE = NONE for clk_pin. (constraint file  C:/Users/joshual/Desktop/B3_XUP/2014_2_basys3_labsolution/lab6_basys3/lab6_basys3.runs/synth_1/dont_buffer.xdc, line 4).
Applied set_property BUFFER_TYPE = NONE for led_pins[7]. (constraint file  C:/Users/joshual/Desktop/B3_XUP/2014_2_basys3_labsolution/lab6_basys3/lab6_basys3.runs/synth_1/dont_buffer.xdc, line 4).
Applied set_property BUFFER_TYPE = NONE for led_pins[6]. (constraint file  C:/Users/joshual/Desktop/B3_XUP/2014_2_basys3_labsolution/lab6_basys3/lab6_basys3.runs/synth_1/dont_buffer.xdc, line 4).
Applied set_property BUFFER_TYPE = NONE for led_pins[5]. (constraint file  C:/Users/joshual/Desktop/B3_XUP/2014_2_basys3_labsolution/lab6_basys3/lab6_basys3.runs/synth_1/dont_buffer.xdc, line 4).
Applied set_property BUFFER_TYPE = NONE for led_pins[4]. (constraint file  C:/Users/joshual/Desktop/B3_XUP/2014_2_basys3_labsolution/lab6_basys3/lab6_basys3.runs/synth_1/dont_buffer.xdc, line 4).
Applied set_property BUFFER_TYPE = NONE for led_pins[3]. (constraint file  C:/Users/joshual/Desktop/B3_XUP/2014_2_basys3_labsolution/lab6_basys3/lab6_basys3.runs/synth_1/dont_buffer.xdc, line 4).
Applied set_property BUFFER_TYPE = NONE for led_pins[2]. (constraint file  C:/Users/joshual/Desktop/B3_XUP/2014_2_basys3_labsolution/lab6_basys3/lab6_basys3.runs/synth_1/dont_buffer.xdc, line 4).
Applied set_property BUFFER_TYPE = NONE for led_pins[1]. (constraint file  C:/Users/joshual/Desktop/B3_XUP/2014_2_basys3_labsolution/lab6_basys3/lab6_basys3.runs/synth_1/dont_buffer.xdc, line 4).
Applied set_property BUFFER_TYPE = NONE for led_pins[0]. (constraint file  C:/Users/joshual/Desktop/B3_XUP/2014_2_basys3_labsolution/lab6_basys3/lab6_basys3.runs/synth_1/dont_buffer.xdc, line 4).
---------------------------------------------------------------------------------
Finished applying 'set_property' XDC Constraints : Time (s): cpu = 00:00:11 ; elapsed = 00:00:13 . Memory (MB): peak = 455.813 ; gain = 325.941
---------------------------------------------------------------------------------
---------------------------------------------------------------------------------
Finished RTL Optimization : Time (s): cpu = 00:00:11 ; elapsed = 00:00:13 . Memory (MB): peak = 455.813 ; gain = 325.941
---------------------------------------------------------------------------------

Report RTL Partitions: 
+-+--------------+------------+----------+
| |RTL Partition |Replication |Instances |
+-+--------------+------------+----------+
+-+--------------+------------+----------+
---------------------------------------------------------------------------------
Start RTL Component Statistics 
---------------------------------------------------------------------------------
Detailed RTL Component Info : 
+---Adders : 
	   2 Input      6 Bit       Adders := 1     
	   2 Input      4 Bit       Adders := 1     
	   2 Input      3 Bit       Adders := 1     
+---Registers : 
	                8 Bit    Registers := 3     
	                6 Bit    Registers := 1     
	                4 Bit    Registers := 1     
	                3 Bit    Registers := 1     
	                2 Bit    Registers := 1     
	                1 Bit    Registers := 10    
+---Muxes : 
	   2 Input      8 Bit        Muxes := 3     
	   2 Input      6 Bit        Muxes := 1     
	   2 Input      4 Bit        Muxes := 7     
	   2 Input      2 Bit        Muxes := 2     
	   4 Input      2 Bit        Muxes := 1     
	   4 Input      1 Bit        Muxes := 1     
	   2 Input      1 Bit        Muxes := 5     
---------------------------------------------------------------------------------
Finished RTL Component Statistics 
---------------------------------------------------------------------------------
---------------------------------------------------------------------------------
Start RTL Hierarchical Component Statistics 
---------------------------------------------------------------------------------
Hierarchical RTL Component report 
Module uart_led 
Detailed RTL Component Info : 
Module meta_harden 
Detailed RTL Component Info : 
+---Registers : 
	                1 Bit    Registers := 2     
Module uart_baud_gen 
Detailed RTL Component Info : 
+---Adders : 
	   2 Input      6 Bit       Adders := 1     
+---Registers : 
	                6 Bit    Registers := 1     
	                1 Bit    Registers := 1     
+---Muxes : 
	   2 Input      6 Bit        Muxes := 1     
Module uart_rx_ctl 
Detailed RTL Component Info : 
+---Adders : 
	   2 Input      4 Bit       Adders := 1     
	   2 Input      3 Bit       Adders := 1     
+---Registers : 
	                8 Bit    Registers := 1     
	                4 Bit    Registers := 1     
	                3 Bit    Registers := 1     
	                2 Bit    Registers := 1     
	                1 Bit    Registers := 2     
+---Muxes : 
	   2 Input      8 Bit        Muxes := 2     
	   2 Input      4 Bit        Muxes := 7     
	   4 Input      2 Bit        Muxes := 1     
	   2 Input      2 Bit        Muxes := 2     
	   4 Input      1 Bit        Muxes := 1     
	   2 Input      1 Bit        Muxes := 5     
Module uart_rx 
Detailed RTL Component Info : 
Module led_ctl 
Detailed RTL Component Info : 
+---Registers : 
	                8 Bit    Registers := 2     
	                1 Bit    Registers := 1     
+---Muxes : 
	   2 Input      8 Bit        Muxes := 1     
---------------------------------------------------------------------------------
Finished RTL Hierarchical Component Statistics
---------------------------------------------------------------------------------
---------------------------------------------------------------------------------
Start Part Resource Summary
---------------------------------------------------------------------------------
Part Resources:
DSPs: 120 (col length:60)
BRAMs: 150 (col length: RAMB18 60 RAMB36 30)
---------------------------------------------------------------------------------
Finished Part Resource Summary
---------------------------------------------------------------------------------
Workers Ready, Starting Parallel Section  : Time (s): cpu = 00:00:11 ; elapsed = 00:00:14 . Memory (MB): peak = 461.379 ; gain = 331.508
---------------------------------------------------------------------------------
Start Cross Boundary Optimization
---------------------------------------------------------------------------------
---------------------------------------------------------------------------------
Finished Cross Boundary Optimization : Time (s): cpu = 00:00:11 ; elapsed = 00:00:14 . Memory (MB): peak = 461.379 ; gain = 331.508
---------------------------------------------------------------------------------
Finished Parallel Reinfer  : Time (s): cpu = 00:00:11 ; elapsed = 00:00:14 . Memory (MB): peak = 461.379 ; gain = 331.508
---------------------------------------------------------------------------------
Start RAM, DSP and Shift Register Reporting
---------------------------------------------------------------------------------
---------------------------------------------------------------------------------
Finished RAM, DSP and Shift Register Reporting
---------------------------------------------------------------------------------
---------------------------------------------------------------------------------
Start Area Optimization
---------------------------------------------------------------------------------
---------------------------------------------------------------------------------
Finished Area Optimization : Time (s): cpu = 00:00:11 ; elapsed = 00:00:14 . Memory (MB): peak = 489.258 ; gain = 359.387
---------------------------------------------------------------------------------
Finished Parallel Area Opt  : Time (s): cpu = 00:00:11 ; elapsed = 00:00:14 . Memory (MB): peak = 489.258 ; gain = 359.387
Finished Parallel Section  : Time (s): cpu = 00:00:11 ; elapsed = 00:00:14 . Memory (MB): peak = 489.258 ; gain = 359.387
---------------------------------------------------------------------------------
Start Timing Optimization
---------------------------------------------------------------------------------
---------------------------------------------------------------------------------
Start Applying XDC Timing Constraints
---------------------------------------------------------------------------------
---------------------------------------------------------------------------------
Finished Applying XDC Timing Constraints : Time (s): cpu = 00:00:22 ; elapsed = 00:00:25 . Memory (MB): peak = 531.039 ; gain = 401.168
---------------------------------------------------------------------------------
---------------------------------------------------------------------------------
Finished Timing Optimization : Time (s): cpu = 00:00:22 ; elapsed = 00:00:25 . Memory (MB): peak = 531.039 ; gain = 401.168
---------------------------------------------------------------------------------
---------------------------------------------------------------------------------
Start Technology Mapping
---------------------------------------------------------------------------------
---------------------------------------------------------------------------------
Finished Technology Mapping : Time (s): cpu = 00:00:22 ; elapsed = 00:00:25 . Memory (MB): peak = 541.594 ; gain = 411.723
---------------------------------------------------------------------------------
---------------------------------------------------------------------------------
Start IO Insertion
---------------------------------------------------------------------------------
---------------------------------------------------------------------------------
Start Flattening Before IO Insertion
---------------------------------------------------------------------------------
---------------------------------------------------------------------------------
Finished Flattening Before IO Insertion
---------------------------------------------------------------------------------
---------------------------------------------------------------------------------
Start Final Netlist Cleanup
---------------------------------------------------------------------------------
---------------------------------------------------------------------------------
Finished Final Netlist Cleanup
---------------------------------------------------------------------------------
---------------------------------------------------------------------------------
Finished IO Insertion : Time (s): cpu = 00:00:22 ; elapsed = 00:00:25 . Memory (MB): peak = 541.594 ; gain = 411.723
---------------------------------------------------------------------------------

Report Check Netlist: 
+------+------------------+-------+---------+-------+------------------+
|      |Item              |Errors |Warnings |Status |Description       |
+------+------------------+-------+---------+-------+------------------+
|1     |multi_driven_nets |      0|        0|Passed |Multi driven nets |
+------+------------------+-------+---------+-------+------------------+
---------------------------------------------------------------------------------
Start Renaming Generated Instances
---------------------------------------------------------------------------------
---------------------------------------------------------------------------------
Finished Renaming Generated Instances : Time (s): cpu = 00:00:22 ; elapsed = 00:00:25 . Memory (MB): peak = 541.594 ; gain = 411.723
---------------------------------------------------------------------------------
---------------------------------------------------------------------------------
Start Rebuilding User Hierarchy
---------------------------------------------------------------------------------
---------------------------------------------------------------------------------
Finished Rebuilding User Hierarchy : Time (s): cpu = 00:00:22 ; elapsed = 00:00:25 . Memory (MB): peak = 541.594 ; gain = 411.723
---------------------------------------------------------------------------------
---------------------------------------------------------------------------------
Start RAM, DSP and Shift Register Reporting
---------------------------------------------------------------------------------
---------------------------------------------------------------------------------
Finished RAM, DSP and Shift Register Reporting
---------------------------------------------------------------------------------
---------------------------------------------------------------------------------
Start Writing Synthesis Report
---------------------------------------------------------------------------------

Report BlackBoxes: 
+------+--------------+----------+
|      |BlackBox name |Instances |
+------+--------------+----------+
|1     |ila_led       |         1|
+------+--------------+----------+

Report Cell Usage: 
+------+--------+------+
|      |Cell    |Count |
+------+--------+------+
|1     |ila_led |     1|
|2     |LUT1    |     1|
|3     |LUT2    |     2|
|4     |LUT3    |    10|
|5     |LUT4    |     7|
|6     |LUT5    |     6|
|7     |LUT6    |    22|
|8     |FDRE    |    44|
|9     |FDSE    |     4|
|10    |IBUF    |     3|
+------+--------+------+

Report Instance Areas: 
+------+------------------------+--------------+------+
|      |Instance                |Module        |Cells |
+------+------------------------+--------------+------+
|1     |top                     |              |    99|
|2     |  led_ctl_i0            |led_ctl       |    26|
|3     |  meta_harden_btn_i0    |meta_harden   |     2|
|4     |  meta_harden_rst_i0    |meta_harden_0 |     2|
|5     |  uart_rx_i0            |uart_rx       |    66|
|6     |    meta_harden_rxd_i0  |meta_harden_1 |     2|
|7     |    uart_baud_gen_rx_i0 |uart_baud_gen |    14|
|8     |    uart_rx_ctl_i0      |uart_rx_ctl   |    50|
+------+------------------------+--------------+------+
---------------------------------------------------------------------------------
Finished Writing Synthesis Report : Time (s): cpu = 00:00:22 ; elapsed = 00:00:25 . Memory (MB): peak = 541.594 ; gain = 411.723
---------------------------------------------------------------------------------
Synthesis finished with 0 errors, 0 critical warnings and 0 warnings.
Synthesis Optimization Complete : Time (s): cpu = 00:00:22 ; elapsed = 00:00:25 . Memory (MB): peak = 541.594 ; gain = 411.723
INFO: [Netlist 29-17] Analyzing 3 Unisim elements for replacement
INFO: [Netlist 29-28] Unisim Transformation completed in 0 CPU seconds
INFO: [Opt 31-140] Inserted 0 IBUFs to IO ports without IO buffers.
INFO: [Opt 31-141] Inserted 0 OBUFs to IO ports without IO buffers.
INFO: [Opt 31-138] Pushed 0 inverter(s) to 0 load pin(s).
INFO: [Project 1-111] Unisim Transformation Summary:
No Unisim elements were transformed.

INFO: [Common 17-83] Releasing license: Synthesis
25 Infos, 1 Warnings, 0 Critical Warnings and 0 Errors encountered.
synth_design completed successfully
synth_design: Time (s): cpu = 00:00:22 ; elapsed = 00:00:24 . Memory (MB): peak = 541.594 ; gain = 357.082
# write_checkpoint uart_led.dcp
# report_utilization -file uart_led_utilization_synth.rpt -pb uart_led_utilization_synth.pb
report_utilization: Time (s): cpu = 00:00:00 ; elapsed = 00:00:00.062 . Memory (MB): peak = 541.594 ; gain = 0.000
INFO: [Common 17-206] Exiting Vivado at Sun Oct 12 00:55:05 2014...
